#
# There is insufficient memory for the Java Runtime Environment to continue.
# Native memory allocation (mmap) failed to map 65536 bytes. Error detail: Failed to commit metaspace.
# Possible reasons:
#   The system is out of physical RAM or swap space
#   This process is running with CompressedOops enabled, and the Java Heap may be blocking the growth of the native heap
# Possible solutions:
#   Reduce memory load on the system
#   Increase physical memory or swap space
#   Check if swap backing store is full
#   Decrease Java heap size (-Xmx/-Xms)
#   Decrease number of Java threads
#   Decrease Java thread stack sizes (-Xss)
#   Set larger code cache with -XX:ReservedCodeCacheSize=
#   JVM is running with Unscaled Compressed Oops mode in which the Java heap is
#     placed in the first 4GB address space. The Java Heap base address is the
#     maximum limit for the native heap growth. Please use -XX:HeapBaseMinAddress
#     to set the Java Heap base and to place the Java Heap above 4GB virtual address.
# This output file may be truncated or incomplete.
#
#  Out of Memory Error (virtualSpaceNode.cpp:110), pid=10516, tid=13616
#
# JRE version: OpenJDK Runtime Environment Temurin-17.0.11+9 (17.0.11+9) (build 17.0.11+9)
# Java VM: OpenJDK 64-Bit Server VM Temurin-17.0.11+9 (17.0.11+9, mixed mode, tiered, compressed oops, compressed class ptrs, g1 gc, windows-amd64)
# No core dump will be written. Minidumps are not enabled by default on client versions of Windows
#

---------------  S U M M A R Y ------------

Command Line: -Dfile.encoding=UTF-8 -Dstdout.encoding=UTF-8 -Dstderr.encoding=UTF-8 -XX:+ShowCodeDetailsInExceptionMessages Selenium.WindowHandles

Host: Intel(R) Core(TM) i5-8265U CPU @ 1.60GHz, 8 cores, 3G,  Windows 10 , 64 bit Build 19041 (10.0.19041.4597)
Time: Fri Oct 11 23:06:43 2024 India Standard Time elapsed time: 1.852292 seconds (0d 0h 0m 1s)

---------------  T H R E A D  ---------------

Current thread (0x0000029aa2f62a10):  JavaThread "main" [_thread_in_vm, id=13616, stack(0x000000fadb000000,0x000000fadb100000)]

Stack: [0x000000fadb000000,0x000000fadb100000]
Native frames: (J=compiled Java code, j=interpreted, Vv=VM code, C=native code)
V  [jvm.dll+0x67d429]
V  [jvm.dll+0x834b7a]
V  [jvm.dll+0x83663e]
V  [jvm.dll+0x836ca3]
V  [jvm.dll+0x247dbf]
V  [jvm.dll+0x83083b]
V  [jvm.dll+0x621d56]
V  [jvm.dll+0x1c1b3e]
V  [jvm.dll+0x6246b1]
V  [jvm.dll+0x6226f6]
V  [jvm.dll+0x2456cc]
V  [jvm.dll+0x6d424d]
V  [jvm.dll+0x6d4c8f]
V  [jvm.dll+0x3734b4]
V  [jvm.dll+0x372534]
V  [jvm.dll+0x3724d8]
V  [jvm.dll+0x38255a]
C  0x0000029aadb7b75b

The last pc belongs to new (printed below).
Java frames: (J=compiled Java code, j=interpreted, Vv=VM code)
j  io.github.bonigarcia.wdm.WebDriverManager.setup()V+16
j  Selenium.WindowHandles.main([Ljava/lang/String;)V+3
v  ~StubRoutines::call_stub
new  187 new  [0x0000029aadb7b5c0, 0x0000029aadb7b7e0]  544 bytes
[MachCode]
  0x0000029aadb7b5c0: 4883 ec08 | c5fa 1104 | 24eb 1f48 | 83ec 10c5 | fb11 0424 | eb14 4883 | ec10 4889 | 0424 48c7 
  0x0000029aadb7b5e0: 4424 0800 | 0000 00eb | 0150 410f | b755 010f | cac1 ea10 | 488b 4de8 | 488b 4908 | 488b 4908 
  0x0000029aadb7b600: 488b 4108 | 807c 1004 | 070f 85d6 | 0000 0066 | 8b54 d148 | 488b 4928 | 488b 4cd1 | 0851 80b9 
  0x0000029aadb7b620: 3301 0000 | 040f 85b9 | 0000 008b | 5108 f7c2 | 0100 0000 | 0f85 aa00 | 0000 498b | 8708 0100 
  0x0000029aadb7b640: 0048 8d1c | 1049 3b9f | 1801 0000 | 0f87 9200 | 0000 4989 | 9f08 0100 | 00e9 0000 | 0000 4883 
  0x0000029aadb7b660: ea10 0f84 | 0f00 0000 | 33c9 c1ea | 0348 894c | d008 48ff | ca75 f648 | c700 0100 | 0000 5933 
  0x0000029aadb7b680: f689 700c | 48c1 e903 | 8948 0849 | ba5a 3598 | 36f9 7f00 | 0041 803a | 000f 8440 | 0000 0050 
  0x0000029aadb7b6a0: 488b c848 | 83ec 20f7 | c40f 0000 | 000f 841a | 0000 0048 | 83ec 0849 | ba80 314e | 36f9 7f00 
  0x0000029aadb7b6c0: 0041 ffd2 | 4883 c408 | e90d 0000 | 0049 ba80 | 314e 36f9 | 7f00 0041 | ffd2 4883 | c420 58e9 
  0x0000029aadb7b6e0: cd00 0000 | 5948 8b55 | e848 8b52 | 0848 8b52 | 0845 0fb7 | 4501 410f | c841 c1e8 | 10e8 0500 
  0x0000029aadb7b700: 0000 e9aa | 0000 0048 | 8d44 2408 | 4c89 6dc0 | 498b cfc5 | f877 4989 | afa8 0200 | 0049 8987 
  0x0000029aadb7b720: 9802 0000 | 4883 ec20 | f7c4 0f00 | 0000 0f84 | 1a00 0000 | 4883 ec08 | 49ba d024 | 1836 f97f 
  0x0000029aadb7b740: 0000 41ff | d248 83c4 | 08e9 0d00 | 0000 49ba | d024 1836 | f97f 0000 | 41ff d248 | 83c4 2049 
  0x0000029aadb7b760: c787 9802 | 0000 0000 | 0000 49c7 | 87a8 0200 | 0000 0000 | 0049 c787 | a002 0000 | 0000 0000 
  0x0000029aadb7b780: c5f8 7749 | 817f 0800 | 0000 000f | 8405 0000 | 00e9 6a57 | feff 498b | 87f0 0200 | 0049 c787 
  0x0000029aadb7b7a0: f002 0000 | 0000 0000 | 4c8b 6dc0 | 4c8b 75c8 | c341 0fb6 | 5d03 4983 | c503 49ba | d0a1 9a36 
  0x0000029aadb7b7c0: f97f 0000 | 41ff 24da | 0000 0000 | 0000 0000 | 0000 0000 | 0000 0000 | 0000 0000 | 0000 0000 
[/MachCode]

---------------  P R O C E S S  ---------------

Threads class SMR info:
_java_thread_list=0x0000029abaa8dd70, length=12, elements={
0x0000029aa2f62a10, 0x0000029aba77c600, 0x0000029aba77f490, 0x0000029aba7a0510,
0x0000029aba7a2ef0, 0x0000029aba7a38b0, 0x0000029aba8f2e60, 0x0000029aba7e6910,
0x0000029aba8f68a0, 0x0000029aba907a60, 0x0000029aba8f1f30, 0x0000029aba8f2440
}

Java Threads: ( => current thread )
=>0x0000029aa2f62a10 JavaThread "main" [_thread_in_vm, id=13616, stack(0x000000fadb000000,0x000000fadb100000)]
  0x0000029aba77c600 JavaThread "Reference Handler" daemon [_thread_blocked, id=13660, stack(0x000000fadb700000,0x000000fadb800000)]
  0x0000029aba77f490 JavaThread "Finalizer" daemon [_thread_blocked, id=22500, stack(0x000000fadb800000,0x000000fadb900000)]
  0x0000029aba7a0510 JavaThread "Signal Dispatcher" daemon [_thread_blocked, id=2760, stack(0x000000fadb900000,0x000000fadba00000)]
  0x0000029aba7a2ef0 JavaThread "Attach Listener" daemon [_thread_blocked, id=5204, stack(0x000000fadba00000,0x000000fadbb00000)]
  0x0000029aba7a38b0 JavaThread "Service Thread" daemon [_thread_blocked, id=2892, stack(0x000000fadbb00000,0x000000fadbc00000)]
  0x0000029aba8f2e60 JavaThread "Monitor Deflation Thread" daemon [_thread_blocked, id=13828, stack(0x000000fadbc00000,0x000000fadbd00000)]
  0x0000029aba7e6910 JavaThread "C2 CompilerThread0" daemon [_thread_blocked, id=3008, stack(0x000000fadbd00000,0x000000fadbe00000)]
  0x0000029aba8f68a0 JavaThread "C1 CompilerThread0" daemon [_thread_blocked, id=21284, stack(0x000000fadbe00000,0x000000fadbf00000)]
  0x0000029aba907a60 JavaThread "Sweeper thread" daemon [_thread_blocked, id=21968, stack(0x000000fadbf00000,0x000000fadc000000)]
  0x0000029aba8f1f30 JavaThread "Notification Thread" daemon [_thread_blocked, id=6996, stack(0x000000fadc000000,0x000000fadc100000)]
  0x0000029aba8f2440 JavaThread "Common-Cleaner" daemon [_thread_blocked, id=5520, stack(0x000000fadc200000,0x000000fadc300000)]

Other Threads:
  0x0000029aba735680 VMThread "VM Thread" [stack: 0x000000fadb600000,0x000000fadb700000] [id=17904]
  0x0000029abaa79a30 WatcherThread [stack: 0x000000fadc100000,0x000000fadc200000] [id=21736]
  0x0000029aa2f9eae0 GCTaskThread "GC Thread#0" [stack: 0x000000fadb100000,0x000000fadb200000] [id=15964]
  0x0000029aa2fa7ad0 ConcurrentGCThread "G1 Main Marker" [stack: 0x000000fadb200000,0x000000fadb300000] [id=6708]
  0x0000029aa2fa84f0 ConcurrentGCThread "G1 Conc#0" [stack: 0x000000fadb300000,0x000000fadb400000] [id=19676]
  0x0000029aa2ffdcc0 ConcurrentGCThread "G1 Refine#0" [stack: 0x000000fadb400000,0x000000fadb500000] [id=21136]
  0x0000029aa2ffe6f0 ConcurrentGCThread "G1 Service" [stack: 0x000000fadb500000,0x000000fadb600000] [id=21732]

Threads with active compile tasks:

VM state: not at safepoint (normal execution)

VM Mutex/Monitor currently owned by a thread:  ([mutex/lock_event])
[0x0000029aa2f5aba0] Metaspace_lock - owner thread: 0x0000029aa2f62a10

Heap address: 0x00000000c3800000, size: 968 MB, Compressed Oops mode: 32-bit

CDS archive(s) not mapped
Compressed class space mapped at: 0x0000000100000000-0x0000000140000000, reserved size: 1073741824
Narrow klass base: 0x0000000000000000, Narrow klass shift: 3, Narrow klass range: 0x140000000

GC Precious Log:
 CPUs: 8 total, 8 available
 Memory: 3870M
 Large Page Support: Disabled
 NUMA Support: Disabled
 Compressed Oops: Enabled (32-bit)
 Heap Region Size: 1M
 Heap Min Capacity: 8M
 Heap Initial Capacity: 62M
 Heap Max Capacity: 968M
 Pre-touch: Disabled
 Parallel Workers: 8
 Concurrent Workers: 2
 Concurrent Refinement Workers: 8
 Periodic GC: Disabled

Heap:
 garbage-first heap   total 63488K, used 13312K [0x00000000c3800000, 0x0000000100000000)
  region size 1024K, 13 young (13312K), 0 survivors (0K)
 Metaspace       used 7985K, committed 8128K, reserved 1114112K
  class space    used 659K, committed 768K, reserved 1048576K

Heap Regions: E=young(eden), S=young(survivor), O=old, HS=humongous(starts), HC=humongous(continues), CS=collection set, F=free, OA=open archive, CA=closed archive, TAMS=top-at-mark-start (previous, next)
|   0|0x00000000c3800000, 0x00000000c3900000, 0x00000000c3900000|100%|HS|  |TAMS 0x00000000c3800000, 0x00000000c3800000| Complete 
|   1|0x00000000c3900000, 0x00000000c3a00000, 0x00000000c3a00000|100%|HS|  |TAMS 0x00000000c3900000, 0x00000000c3900000| Complete 
|   2|0x00000000c3a00000, 0x00000000c3a00000, 0x00000000c3b00000|  0%| F|  |TAMS 0x00000000c3a00000, 0x00000000c3a00000| Untracked 
|   3|0x00000000c3b00000, 0x00000000c3b00000, 0x00000000c3c00000|  0%| F|  |TAMS 0x00000000c3b00000, 0x00000000c3b00000| Untracked 
|   4|0x00000000c3c00000, 0x00000000c3c00000, 0x00000000c3d00000|  0%| F|  |TAMS 0x00000000c3c00000, 0x00000000c3c00000| Untracked 
|   5|0x00000000c3d00000, 0x00000000c3d00000, 0x00000000c3e00000|  0%| F|  |TAMS 0x00000000c3d00000, 0x00000000c3d00000| Untracked 
|   6|0x00000000c3e00000, 0x00000000c3e00000, 0x00000000c3f00000|  0%| F|  |TAMS 0x00000000c3e00000, 0x00000000c3e00000| Untracked 
|   7|0x00000000c3f00000, 0x00000000c3f00000, 0x00000000c4000000|  0%| F|  |TAMS 0x00000000c3f00000, 0x00000000c3f00000| Untracked 
|   8|0x00000000c4000000, 0x00000000c4000000, 0x00000000c4100000|  0%| F|  |TAMS 0x00000000c4000000, 0x00000000c4000000| Untracked 
|   9|0x00000000c4100000, 0x00000000c4100000, 0x00000000c4200000|  0%| F|  |TAMS 0x00000000c4100000, 0x00000000c4100000| Untracked 
|  10|0x00000000c4200000, 0x00000000c4200000, 0x00000000c4300000|  0%| F|  |TAMS 0x00000000c4200000, 0x00000000c4200000| Untracked 
|  11|0x00000000c4300000, 0x00000000c4300000, 0x00000000c4400000|  0%| F|  |TAMS 0x00000000c4300000, 0x00000000c4300000| Untracked 
|  12|0x00000000c4400000, 0x00000000c4400000, 0x00000000c4500000|  0%| F|  |TAMS 0x00000000c4400000, 0x00000000c4400000| Untracked 
|  13|0x00000000c4500000, 0x00000000c4500000, 0x00000000c4600000|  0%| F|  |TAMS 0x00000000c4500000, 0x00000000c4500000| Untracked 
|  14|0x00000000c4600000, 0x00000000c4600000, 0x00000000c4700000|  0%| F|  |TAMS 0x00000000c4600000, 0x00000000c4600000| Untracked 
|  15|0x00000000c4700000, 0x00000000c4700000, 0x00000000c4800000|  0%| F|  |TAMS 0x00000000c4700000, 0x00000000c4700000| Untracked 
|  16|0x00000000c4800000, 0x00000000c4800000, 0x00000000c4900000|  0%| F|  |TAMS 0x00000000c4800000, 0x00000000c4800000| Untracked 
|  17|0x00000000c4900000, 0x00000000c4900000, 0x00000000c4a00000|  0%| F|  |TAMS 0x00000000c4900000, 0x00000000c4900000| Untracked 
|  18|0x00000000c4a00000, 0x00000000c4a00000, 0x00000000c4b00000|  0%| F|  |TAMS 0x00000000c4a00000, 0x00000000c4a00000| Untracked 
|  19|0x00000000c4b00000, 0x00000000c4b00000, 0x00000000c4c00000|  0%| F|  |TAMS 0x00000000c4b00000, 0x00000000c4b00000| Untracked 
|  20|0x00000000c4c00000, 0x00000000c4c00000, 0x00000000c4d00000|  0%| F|  |TAMS 0x00000000c4c00000, 0x00000000c4c00000| Untracked 
|  21|0x00000000c4d00000, 0x00000000c4d00000, 0x00000000c4e00000|  0%| F|  |TAMS 0x00000000c4d00000, 0x00000000c4d00000| Untracked 
|  22|0x00000000c4e00000, 0x00000000c4e00000, 0x00000000c4f00000|  0%| F|  |TAMS 0x00000000c4e00000, 0x00000000c4e00000| Untracked 
|  23|0x00000000c4f00000, 0x00000000c4f00000, 0x00000000c5000000|  0%| F|  |TAMS 0x00000000c4f00000, 0x00000000c4f00000| Untracked 
|  24|0x00000000c5000000, 0x00000000c5000000, 0x00000000c5100000|  0%| F|  |TAMS 0x00000000c5000000, 0x00000000c5000000| Untracked 
|  25|0x00000000c5100000, 0x00000000c5100000, 0x00000000c5200000|  0%| F|  |TAMS 0x00000000c5100000, 0x00000000c5100000| Untracked 
|  26|0x00000000c5200000, 0x00000000c5200000, 0x00000000c5300000|  0%| F|  |TAMS 0x00000000c5200000, 0x00000000c5200000| Untracked 
|  27|0x00000000c5300000, 0x00000000c5300000, 0x00000000c5400000|  0%| F|  |TAMS 0x00000000c5300000, 0x00000000c5300000| Untracked 
|  28|0x00000000c5400000, 0x00000000c5400000, 0x00000000c5500000|  0%| F|  |TAMS 0x00000000c5400000, 0x00000000c5400000| Untracked 
|  29|0x00000000c5500000, 0x00000000c5500000, 0x00000000c5600000|  0%| F|  |TAMS 0x00000000c5500000, 0x00000000c5500000| Untracked 
|  30|0x00000000c5600000, 0x00000000c5600000, 0x00000000c5700000|  0%| F|  |TAMS 0x00000000c5600000, 0x00000000c5600000| Untracked 
|  31|0x00000000c5700000, 0x00000000c5700000, 0x00000000c5800000|  0%| F|  |TAMS 0x00000000c5700000, 0x00000000c5700000| Untracked 
|  32|0x00000000c5800000, 0x00000000c5800000, 0x00000000c5900000|  0%| F|  |TAMS 0x00000000c5800000, 0x00000000c5800000| Untracked 
|  33|0x00000000c5900000, 0x00000000c5900000, 0x00000000c5a00000|  0%| F|  |TAMS 0x00000000c5900000, 0x00000000c5900000| Untracked 
|  34|0x00000000c5a00000, 0x00000000c5a00000, 0x00000000c5b00000|  0%| F|  |TAMS 0x00000000c5a00000, 0x00000000c5a00000| Untracked 
|  35|0x00000000c5b00000, 0x00000000c5b00000, 0x00000000c5c00000|  0%| F|  |TAMS 0x00000000c5b00000, 0x00000000c5b00000| Untracked 
|  36|0x00000000c5c00000, 0x00000000c5c00000, 0x00000000c5d00000|  0%| F|  |TAMS 0x00000000c5c00000, 0x00000000c5c00000| Untracked 
|  37|0x00000000c5d00000, 0x00000000c5d00000, 0x00000000c5e00000|  0%| F|  |TAMS 0x00000000c5d00000, 0x00000000c5d00000| Untracked 
|  38|0x00000000c5e00000, 0x00000000c5e00000, 0x00000000c5f00000|  0%| F|  |TAMS 0x00000000c5e00000, 0x00000000c5e00000| Untracked 
|  39|0x00000000c5f00000, 0x00000000c5f00000, 0x00000000c6000000|  0%| F|  |TAMS 0x00000000c5f00000, 0x00000000c5f00000| Untracked 
|  40|0x00000000c6000000, 0x00000000c6000000, 0x00000000c6100000|  0%| F|  |TAMS 0x00000000c6000000, 0x00000000c6000000| Untracked 
|  41|0x00000000c6100000, 0x00000000c6100000, 0x00000000c6200000|  0%| F|  |TAMS 0x00000000c6100000, 0x00000000c6100000| Untracked 
|  42|0x00000000c6200000, 0x00000000c6200000, 0x00000000c6300000|  0%| F|  |TAMS 0x00000000c6200000, 0x00000000c6200000| Untracked 
|  43|0x00000000c6300000, 0x00000000c6300000, 0x00000000c6400000|  0%| F|  |TAMS 0x00000000c6300000, 0x00000000c6300000| Untracked 
|  44|0x00000000c6400000, 0x00000000c6400000, 0x00000000c6500000|  0%| F|  |TAMS 0x00000000c6400000, 0x00000000c6400000| Untracked 
|  45|0x00000000c6500000, 0x00000000c6500000, 0x00000000c6600000|  0%| F|  |TAMS 0x00000000c6500000, 0x00000000c6500000| Untracked 
|  46|0x00000000c6600000, 0x00000000c6600000, 0x00000000c6700000|  0%| F|  |TAMS 0x00000000c6600000, 0x00000000c6600000| Untracked 
|  47|0x00000000c6700000, 0x00000000c6700000, 0x00000000c6800000|  0%| F|  |TAMS 0x00000000c6700000, 0x00000000c6700000| Untracked 
|  48|0x00000000c6800000, 0x00000000c6800000, 0x00000000c6900000|  0%| F|  |TAMS 0x00000000c6800000, 0x00000000c6800000| Untracked 
|  49|0x00000000c6900000, 0x00000000c6976440, 0x00000000c6a00000| 46%| E|  |TAMS 0x00000000c6900000, 0x00000000c6900000| Complete 
|  50|0x00000000c6a00000, 0x00000000c6b00000, 0x00000000c6b00000|100%| E|CS|TAMS 0x00000000c6a00000, 0x00000000c6a00000| Complete 
|  51|0x00000000c6b00000, 0x00000000c6c00000, 0x00000000c6c00000|100%| E|  |TAMS 0x00000000c6b00000, 0x00000000c6b00000| Complete 
|  52|0x00000000c6c00000, 0x00000000c6d00000, 0x00000000c6d00000|100%| E|CS|TAMS 0x00000000c6c00000, 0x00000000c6c00000| Complete 
|  53|0x00000000c6d00000, 0x00000000c6e00000, 0x00000000c6e00000|100%| E|CS|TAMS 0x00000000c6d00000, 0x00000000c6d00000| Complete 
|  54|0x00000000c6e00000, 0x00000000c6f00000, 0x00000000c6f00000|100%| E|CS|TAMS 0x00000000c6e00000, 0x00000000c6e00000| Complete 
|  55|0x00000000c6f00000, 0x00000000c7000000, 0x00000000c7000000|100%| E|CS|TAMS 0x00000000c6f00000, 0x00000000c6f00000| Complete 
|  56|0x00000000c7000000, 0x00000000c7100000, 0x00000000c7100000|100%| E|CS|TAMS 0x00000000c7000000, 0x00000000c7000000| Complete 
|  57|0x00000000c7100000, 0x00000000c7200000, 0x00000000c7200000|100%| E|CS|TAMS 0x00000000c7100000, 0x00000000c7100000| Complete 
|  58|0x00000000c7200000, 0x00000000c7300000, 0x00000000c7300000|100%| E|CS|TAMS 0x00000000c7200000, 0x00000000c7200000| Complete 
|  59|0x00000000c7300000, 0x00000000c7400000, 0x00000000c7400000|100%| E|CS|TAMS 0x00000000c7300000, 0x00000000c7300000| Complete 
|  60|0x00000000c7400000, 0x00000000c7500000, 0x00000000c7500000|100%| E|CS|TAMS 0x00000000c7400000, 0x00000000c7400000| Complete 
|  61|0x00000000c7500000, 0x00000000c7600000, 0x00000000c7600000|100%| E|CS|TAMS 0x00000000c7500000, 0x00000000c7500000| Complete 

Card table byte_map: [0x0000029ab5b50000,0x0000029ab5d40000] _byte_map_base: 0x0000029ab5534000

Marking Bits (Prev, Next): (CMBitMap*) 0x0000029aa2f9f100, (CMBitMap*) 0x0000029aa2f9f140
 Prev Bits: [0x0000029ab5f30000, 0x0000029ab6e50000)
 Next Bits: [0x0000029ab6e50000, 0x0000029ab7d70000)

Polling page: 0x0000029aa0e80000

Metaspace:

Usage:
  Non-class:      7.15 MB used.
      Class:    659.02 KB used.
       Both:      7.80 MB used.

Virtual space:
  Non-class space:       64.00 MB reserved,       7.19 MB ( 11%) committed,  1 nodes.
      Class space:        1.00 GB reserved,     768.00 KB ( <1%) committed,  1 nodes.
             Both:        1.06 GB reserved,       7.94 MB ( <1%) committed. 

Chunk freelists:
   Non-Class:  8.67 MB
       Class:  15.23 MB
        Both:  23.90 MB

MaxMetaspaceSize: unlimited
CompressedClassSpaceSize: 1.00 GB
Initial GC threshold: 21.00 MB
Current GC threshold: 21.00 MB
CDS: off
MetaspaceReclaimPolicy: balanced
 - commit_granule_bytes: 65536.
 - commit_granule_words: 8192.
 - virtual_space_node_default_size: 8388608.
 - enlarge_chunks_in_place: 1.
 - new_chunks_are_fully_committed: 0.
 - uncommit_free_chunks: 1.
 - use_allocation_guard: 0.
 - handle_deallocations: 1.


Internal statistics:

num_allocs_failed_limit: 0.
num_arena_births: 14.
num_arena_deaths: 0.
num_vsnodes_births: 2.
num_vsnodes_deaths: 0.
num_space_committed: 127.
num_space_uncommitted: 0.
num_chunks_returned_to_freelist: 0.
num_chunks_taken_from_freelist: 65.
num_chunk_merges: 0.
num_chunk_splits: 36.
num_chunks_enlarged: 25.
num_inconsistent_stats: 0.

CodeHeap 'non-profiled nmethods': size=120000Kb used=156Kb max_used=156Kb free=119843Kb
 bounds [0x0000029aae100000, 0x0000029aae370000, 0x0000029ab5630000]
CodeHeap 'profiled nmethods': size=120000Kb used=863Kb max_used=863Kb free=119136Kb
 bounds [0x0000029aa6630000, 0x0000029aa68a0000, 0x0000029aadb60000]
CodeHeap 'non-nmethods': size=5760Kb used=1108Kb max_used=1124Kb free=4652Kb
 bounds [0x0000029aadb60000, 0x0000029aaddd0000, 0x0000029aae100000]
 total_blobs=877 nmethods=494 adapters=296
 compilation: enabled
              stopped_count=0, restarted_count=0
 full_count=0

Compilation events (20 events):
Event: 1.823 Thread 0x0000029aba8f68a0  477       3       java.util.WeakHashMap::remove (131 bytes)
Event: 1.824 Thread 0x0000029aba8f68a0 nmethod 477 0x0000029aa66f2410 code [0x0000029aa66f2660, 0x0000029aa66f3198]
Event: 1.832 Thread 0x0000029aba8f68a0  478       3       java.lang.Number::<init> (5 bytes)
Event: 1.832 Thread 0x0000029aba8f68a0 nmethod 478 0x0000029aa66f3590 code [0x0000029aa66f3720, 0x0000029aa66f3878]
Event: 1.832 Thread 0x0000029aba8f68a0  479       3       java.lang.Long::<init> (10 bytes)
Event: 1.833 Thread 0x0000029aba8f68a0 nmethod 479 0x0000029aa66f3910 code [0x0000029aa66f3ac0, 0x0000029aa66f3c98]
Event: 1.833 Thread 0x0000029aba8f68a0  481       3       java.lang.Byte::<init> (10 bytes)
Event: 1.833 Thread 0x0000029aba8f68a0 nmethod 481 0x0000029aa66f3d90 code [0x0000029aa66f3f40, 0x0000029aa66f4118]
Event: 1.833 Thread 0x0000029aba8f68a0  480       3       java.lang.Short::<init> (10 bytes)
Event: 1.833 Thread 0x0000029aba8f68a0 nmethod 480 0x0000029aa66f4210 code [0x0000029aa66f43c0, 0x0000029aa66f4598]
Event: 1.835 Thread 0x0000029aba8f68a0  482       3       jdk.internal.math.FDBigInteger::mult (64 bytes)
Event: 1.835 Thread 0x0000029aba8f68a0 nmethod 482 0x0000029aa66f4690 code [0x0000029aa66f4840, 0x0000029aa66f4ab8]
Event: 1.835 Thread 0x0000029aba8f68a0  483       3       jdk.internal.math.FDBigInteger::<init> (30 bytes)
Event: 1.835 Thread 0x0000029aba8f68a0 nmethod 483 0x0000029aa66f4c90 code [0x0000029aa66f4e40, 0x0000029aa66f5048]
Event: 1.835 Thread 0x0000029aba8f68a0  484       3       jdk.internal.math.FDBigInteger::trimLeadingZeros (57 bytes)
Event: 1.835 Thread 0x0000029aba8f68a0 nmethod 484 0x0000029aa66f5190 code [0x0000029aa66f5340, 0x0000029aa66f5618]
Event: 1.835 Thread 0x0000029aba8f68a0  485       3       java.lang.Class::getClassLoader (28 bytes)
Event: 1.836 Thread 0x0000029aba8f68a0 nmethod 485 0x0000029aa66f5710 code [0x0000029aa66f5960, 0x0000029aa66f6398]
Event: 1.836 Thread 0x0000029aba7e6910  486       4       java.lang.StringLatin1::replace (198 bytes)
Event: 1.836 Thread 0x0000029aba8f68a0  488       3       java.net.URLStreamHandler::parseURL (1201 bytes)

GC Heap History (0 events):
No events

Dll operation events (5 events):
Event: 0.043 Loaded shared library C:\Users\Manish\.p2\pool\plugins\org.eclipse.justj.openjdk.hotspot.jre.full.win32.x86_64_17.0.11.v20240426-1830\jre\bin\java.dll
Event: 0.375 Loaded shared library C:\Users\Manish\.p2\pool\plugins\org.eclipse.justj.openjdk.hotspot.jre.full.win32.x86_64_17.0.11.v20240426-1830\jre\bin\net.dll
Event: 0.378 Loaded shared library C:\Users\Manish\.p2\pool\plugins\org.eclipse.justj.openjdk.hotspot.jre.full.win32.x86_64_17.0.11.v20240426-1830\jre\bin\nio.dll
Event: 0.388 Loaded shared library C:\Users\Manish\.p2\pool\plugins\org.eclipse.justj.openjdk.hotspot.jre.full.win32.x86_64_17.0.11.v20240426-1830\jre\bin\zip.dll
Event: 0.588 Loaded shared library C:\Users\Manish\.p2\pool\plugins\org.eclipse.justj.openjdk.hotspot.jre.full.win32.x86_64_17.0.11.v20240426-1830\jre\bin\jimage.dll

Deoptimization events (20 events):
Event: 0.973 Thread 0x0000029aa2f62a10 Uncommon trap: trap_request=0xffffff45 fr.pc=0x0000029aae1132d0 relative=0x00000000000001d0
Event: 0.973 Thread 0x0000029aa2f62a10 Uncommon trap: reason=unstable_if action=reinterpret pc=0x0000029aae1132d0 method=java.lang.String.hashCode()I @ 20 c2
Event: 0.973 Thread 0x0000029aa2f62a10 DEOPT PACKING pc=0x0000029aae1132d0 sp=0x000000fadb0fd480
Event: 0.973 Thread 0x0000029aa2f62a10 DEOPT UNPACKING pc=0x0000029aadbb69a3 sp=0x000000fadb0fd410 mode 2
Event: 0.973 Thread 0x0000029aa2f62a10 Uncommon trap: trap_request=0xffffff45 fr.pc=0x0000029aae105e50 relative=0x0000000000000230
Event: 0.973 Thread 0x0000029aa2f62a10 Uncommon trap: reason=unstable_if action=reinterpret pc=0x0000029aae105e50 method=java.util.zip.ZipCoder$UTF8ZipCoder.checkedHash([BII)I @ 27 c2
Event: 0.973 Thread 0x0000029aa2f62a10 DEOPT PACKING pc=0x0000029aae105e50 sp=0x000000fadb0fd5c0
Event: 0.973 Thread 0x0000029aa2f62a10 DEOPT UNPACKING pc=0x0000029aadbb69a3 sp=0x000000fadb0fd558 mode 2
Event: 0.989 Thread 0x0000029aa2f62a10 DEOPT PACKING pc=0x0000029aa6665cd6 sp=0x000000fadb0fd440
Event: 0.989 Thread 0x0000029aa2f62a10 DEOPT UNPACKING pc=0x0000029aadbb7143 sp=0x000000fadb0fc8e0 mode 0
Event: 0.999 Thread 0x0000029aa2f62a10 DEOPT PACKING pc=0x0000029aa6665cd6 sp=0x000000fadb0fd450
Event: 0.999 Thread 0x0000029aa2f62a10 DEOPT UNPACKING pc=0x0000029aadbb7143 sp=0x000000fadb0fc8d8 mode 0
Event: 1.188 Thread 0x0000029aa2f62a10 DEOPT PACKING pc=0x0000029aa6677ab4 sp=0x000000fadb0fd900
Event: 1.188 Thread 0x0000029aa2f62a10 DEOPT UNPACKING pc=0x0000029aadbb7143 sp=0x000000fadb0fcd70 mode 0
Event: 1.464 Thread 0x0000029aa2f62a10 DEOPT PACKING pc=0x0000029aa6672d68 sp=0x000000fadb0fd830
Event: 1.464 Thread 0x0000029aa2f62a10 DEOPT UNPACKING pc=0x0000029aadbb7143 sp=0x000000fadb0fccc0 mode 0
Event: 1.774 Thread 0x0000029aa2f62a10 Uncommon trap: trap_request=0xffffff45 fr.pc=0x0000029aae10cf40 relative=0x0000000000000040
Event: 1.774 Thread 0x0000029aa2f62a10 Uncommon trap: reason=unstable_if action=reinterpret pc=0x0000029aae10cf40 method=sun.nio.fs.WindowsPathParser.isSlash(C)Z @ 9 c2
Event: 1.774 Thread 0x0000029aa2f62a10 DEOPT PACKING pc=0x0000029aae10cf40 sp=0x000000fadb0fec70
Event: 1.774 Thread 0x0000029aa2f62a10 DEOPT UNPACKING pc=0x0000029aadbb69a3 sp=0x000000fadb0febf8 mode 2

Classes unloaded (0 events):
No events

Classes redefined (0 events):
No events

Internal exceptions (3 events):
Event: 1.797 Thread 0x0000029aa2f62a10 Exception <a 'java/lang/NoSuchMethodError'{0x00000000c6a68ef0}: 'int java.lang.invoke.DirectMethodHandle$Holder.invokeSpecial(java.lang.Object, java.lang.Object, java.lang.Object)'> (0x00000000c6a68ef0) 
thrown [s\src\hotspot\share\interpreter\linkResolver.cpp, line 759]
Event: 1.804 Thread 0x0000029aa2f62a10 Exception <a 'java/lang/NoSuchMethodError'{0x00000000c6a928e8}: 'java.lang.Object java.lang.invoke.DirectMethodHandle$Holder.invokeStaticInit(java.lang.Object)'> (0x00000000c6a928e8) 
thrown [s\src\hotspot\share\interpreter\linkResolver.cpp, line 759]
Event: 1.819 Thread 0x0000029aa2f62a10 Exception <a 'java/lang/NoSuchMethodError'{0x00000000c6ade760}: 'int java.lang.invoke.DirectMethodHandle$Holder.invokeStatic(java.lang.Object, java.lang.Object, int)'> (0x00000000c6ade760) 
thrown [s\src\hotspot\share\interpreter\linkResolver.cpp, line 759]

VM Operations (12 events):
Event: 0.396 Executing VM operation: HandshakeAllThreads
Event: 0.397 Executing VM operation: HandshakeAllThreads done
Event: 0.548 Executing VM operation: HandshakeAllThreads
Event: 0.548 Executing VM operation: HandshakeAllThreads done
Event: 1.560 Executing VM operation: Cleanup
Event: 1.560 Executing VM operation: Cleanup done
Event: 1.573 Executing VM operation: HandshakeAllThreads
Event: 1.574 Executing VM operation: HandshakeAllThreads done
Event: 1.729 Executing VM operation: HandshakeAllThreads
Event: 1.729 Executing VM operation: HandshakeAllThreads done
Event: 1.785 Executing VM operation: HandshakeAllThreads
Event: 1.785 Executing VM operation: HandshakeAllThreads done

Events (20 events):
Event: 1.833 loading class jdk/internal/math/FloatingDecimal$ExceptionalBinaryToASCIIBuffer
Event: 1.833 loading class jdk/internal/math/FloatingDecimal$BinaryToASCIIConverter
Event: 1.833 loading class jdk/internal/math/FloatingDecimal$BinaryToASCIIConverter done
Event: 1.833 loading class jdk/internal/math/FloatingDecimal$ExceptionalBinaryToASCIIBuffer done
Event: 1.833 loading class jdk/internal/math/FloatingDecimal$BinaryToASCIIBuffer
Event: 1.833 loading class jdk/internal/math/FloatingDecimal$BinaryToASCIIBuffer done
Event: 1.833 loading class jdk/internal/math/FloatingDecimal$1
Event: 1.834 loading class jdk/internal/math/FloatingDecimal$1 done
Event: 1.834 loading class jdk/internal/math/FloatingDecimal$PreparedASCIIToBinaryBuffer
Event: 1.834 loading class jdk/internal/math/FloatingDecimal$ASCIIToBinaryConverter
Event: 1.834 loading class jdk/internal/math/FloatingDecimal$ASCIIToBinaryConverter done
Event: 1.834 loading class jdk/internal/math/FloatingDecimal$PreparedASCIIToBinaryBuffer done
Event: 1.834 loading class jdk/internal/math/FloatingDecimal$ASCIIToBinaryBuffer
Event: 1.834 loading class jdk/internal/math/FloatingDecimal$ASCIIToBinaryBuffer done
Event: 1.834 loading class jdk/internal/math/FDBigInteger
Event: 1.834 loading class jdk/internal/math/FDBigInteger done
Event: 1.845 loading class java/net/SocketAddress
Event: 1.845 loading class java/net/SocketAddress done
Event: 1.845 loading class java/net/InetSocketAddress
Event: 1.846 loading class java/net/InetSocketAddress done


Dynamic libraries:
0x00007ff7cc8f0000 - 0x00007ff7cc8fe000 	C:\Users\Manish\.p2\pool\plugins\org.eclipse.justj.openjdk.hotspot.jre.full.win32.x86_64_17.0.11.v20240426-1830\jre\bin\javaw.exe
0x00007ff987f70000 - 0x00007ff988168000 	C:\Windows\SYSTEM32\ntdll.dll
0x00007ff987080000 - 0x00007ff987141000 	C:\Windows\System32\KERNEL32.DLL
0x00007ff985a50000 - 0x00007ff985d46000 	C:\Windows\System32\KERNELBASE.dll
0x00007ff985d50000 - 0x00007ff985e50000 	C:\Windows\System32\ucrtbase.dll
0x00007ff97aa90000 - 0x00007ff97aaab000 	C:\Users\Manish\.p2\pool\plugins\org.eclipse.justj.openjdk.hotspot.jre.full.win32.x86_64_17.0.11.v20240426-1830\jre\bin\VCRUNTIME140.dll
0x00007ff97d340000 - 0x00007ff97d357000 	C:\Users\Manish\.p2\pool\plugins\org.eclipse.justj.openjdk.hotspot.jre.full.win32.x86_64_17.0.11.v20240426-1830\jre\bin\jli.dll
0x00007ff985fe0000 - 0x00007ff98617f000 	C:\Windows\System32\USER32.dll
0x00007ff985ea0000 - 0x00007ff985ec2000 	C:\Windows\System32\win32u.dll
0x00007ff964b00000 - 0x00007ff964d9a000 	C:\Windows\WinSxS\amd64_microsoft.windows.common-controls_6595b64144ccf1df_6.0.19041.4355_none_60b8b9eb71f62e16\COMCTL32.dll
0x00007ff985fa0000 - 0x00007ff985fcb000 	C:\Windows\System32\GDI32.dll
0x00007ff987c50000 - 0x00007ff987cee000 	C:\Windows\System32\msvcrt.dll
0x00007ff9858c0000 - 0x00007ff9859d7000 	C:\Windows\System32\gdi32full.dll
0x00007ff985f00000 - 0x00007ff985f9d000 	C:\Windows\System32\msvcp_win.dll
0x00007ff986e80000 - 0x00007ff986eaf000 	C:\Windows\System32\IMM32.DLL
0x00007ff97d320000 - 0x00007ff97d32c000 	C:\Users\Manish\.p2\pool\plugins\org.eclipse.justj.openjdk.hotspot.jre.full.win32.x86_64_17.0.11.v20240426-1830\jre\bin\vcruntime140_1.dll
0x00007ff95e510000 - 0x00007ff95e59d000 	C:\Users\Manish\.p2\pool\plugins\org.eclipse.justj.openjdk.hotspot.jre.full.win32.x86_64_17.0.11.v20240426-1830\jre\bin\msvcp140.dll
0x00007ff935e00000 - 0x00007ff936a62000 	C:\Users\Manish\.p2\pool\plugins\org.eclipse.justj.openjdk.hotspot.jre.full.win32.x86_64_17.0.11.v20240426-1830\jre\bin\server\jvm.dll
0x00007ff9865e0000 - 0x00007ff986690000 	C:\Windows\System32\ADVAPI32.dll
0x00007ff986540000 - 0x00007ff9865e0000 	C:\Windows\System32\sechost.dll
0x00007ff9873b0000 - 0x00007ff9874d3000 	C:\Windows\System32\RPCRT4.dll
0x00007ff985ed0000 - 0x00007ff985ef7000 	C:\Windows\System32\bcrypt.dll
0x00007ff984a70000 - 0x00007ff984abb000 	C:\Windows\SYSTEM32\POWRPROF.dll
0x00007ff961270000 - 0x00007ff961297000 	C:\Windows\SYSTEM32\WINMM.dll
0x00007ff969850000 - 0x00007ff969859000 	C:\Windows\SYSTEM32\WSOCK32.dll
0x00007ff97ada0000 - 0x00007ff97adaa000 	C:\Windows\SYSTEM32\VERSION.dll
0x00007ff987270000 - 0x00007ff9872db000 	C:\Windows\System32\WS2_32.dll
0x00007ff984a10000 - 0x00007ff984a22000 	C:\Windows\SYSTEM32\UMPDC.dll
0x00007ff983e30000 - 0x00007ff983e42000 	C:\Windows\SYSTEM32\kernel.appcore.dll
0x00007ff97d2f0000 - 0x00007ff97d2fa000 	C:\Users\Manish\.p2\pool\plugins\org.eclipse.justj.openjdk.hotspot.jre.full.win32.x86_64_17.0.11.v20240426-1830\jre\bin\jimage.dll
0x00007ff983ac0000 - 0x00007ff983ca4000 	C:\Windows\SYSTEM32\DBGHELP.DLL
0x00007ff96cbe0000 - 0x00007ff96cc14000 	C:\Windows\SYSTEM32\dbgcore.DLL
0x00007ff985780000 - 0x00007ff985802000 	C:\Windows\System32\bcryptPrimitives.dll
0x00007ff9796e0000 - 0x00007ff979705000 	C:\Users\Manish\.p2\pool\plugins\org.eclipse.justj.openjdk.hotspot.jre.full.win32.x86_64_17.0.11.v20240426-1830\jre\bin\java.dll
0x00007ff976680000 - 0x00007ff976698000 	C:\Users\Manish\.p2\pool\plugins\org.eclipse.justj.openjdk.hotspot.jre.full.win32.x86_64_17.0.11.v20240426-1830\jre\bin\zip.dll
0x00007ff9874e0000 - 0x00007ff987c4c000 	C:\Windows\System32\SHELL32.dll
0x00007ff983200000 - 0x00007ff98399e000 	C:\Windows\SYSTEM32\windows.storage.dll
0x00007ff9861e0000 - 0x00007ff986533000 	C:\Windows\System32\combase.dll
0x00007ff985040000 - 0x00007ff98506e000 	C:\Windows\SYSTEM32\Wldp.dll
0x00007ff9872e0000 - 0x00007ff9873ad000 	C:\Windows\System32\OLEAUT32.dll
0x00007ff9868a0000 - 0x00007ff98694d000 	C:\Windows\System32\SHCORE.dll
0x00007ff986180000 - 0x00007ff9861d5000 	C:\Windows\System32\shlwapi.dll
0x00007ff985550000 - 0x00007ff985574000 	C:\Windows\SYSTEM32\profapi.dll
0x00007ff975c70000 - 0x00007ff975c89000 	C:\Users\Manish\.p2\pool\plugins\org.eclipse.justj.openjdk.hotspot.jre.full.win32.x86_64_17.0.11.v20240426-1830\jre\bin\net.dll
0x00007ff97e110000 - 0x00007ff97e21a000 	C:\Windows\SYSTEM32\WINHTTP.dll
0x00007ff984da0000 - 0x00007ff984e0a000 	C:\Windows\system32\mswsock.dll
0x00007ff969970000 - 0x00007ff969986000 	C:\Users\Manish\.p2\pool\plugins\org.eclipse.justj.openjdk.hotspot.jre.full.win32.x86_64_17.0.11.v20240426-1830\jre\bin\nio.dll

dbghelp: loaded successfully - version: 4.0.5 - missing functions: none
symbol engine: initialized successfully - sym options: 0x614 - pdb path: .;C:\Users\Manish\.p2\pool\plugins\org.eclipse.justj.openjdk.hotspot.jre.full.win32.x86_64_17.0.11.v20240426-1830\jre\bin;C:\Windows\SYSTEM32;C:\Windows\WinSxS\amd64_microsoft.windows.common-controls_6595b64144ccf1df_6.0.19041.4355_none_60b8b9eb71f62e16;C:\Users\Manish\.p2\pool\plugins\org.eclipse.justj.openjdk.hotspot.jre.full.win32.x86_64_17.0.11.v20240426-1830\jre\bin\server

VM Arguments:
jvm_args: -Dfile.encoding=UTF-8 -Dstdout.encoding=UTF-8 -Dstderr.encoding=UTF-8 -XX:+ShowCodeDetailsInExceptionMessages 
java_command: Selenium.WindowHandles
java_class_path (initial): C:\Users\Manish\git\repository11\ManishProject\target\test-classes;C:\Users\Manish\git\repository11\ManishProject\target\classes;C:\Users\Manish\.p2\pool\plugins\org.testng_7.4.0.r202105021533.jar;C:\Users\Manish\.p2\pool\plugins\com.beust.jcommander_1.78.0.jar;C:\Users\Manish\.p2\pool\plugins\org.apache-extras.beanshell.bsh_2.0.0.b6.jar;C:\Users\Manish\.p2\pool\plugins\org.yaml.snakeyaml_1.21.0.jar;C:\Users\Manish\.p2\pool\plugins\org.webjars.jquery_3.5.1.jar;C:\Users\Manish\.m2\repository\org\seleniumhq\selenium\selenium-java\4.16.1\selenium-java-4.16.1.jar;C:\Users\Manish\.m2\repository\org\seleniumhq\selenium\selenium-api\4.16.1\selenium-api-4.16.1.jar;C:\Users\Manish\.m2\repository\org\seleniumhq\selenium\selenium-chrome-driver\4.16.1\selenium-chrome-driver-4.16.1.jar;C:\Users\Manish\.m2\repository\com\google\auto\service\auto-service-annotations\1.1.1\auto-service-annotations-1.1.1.jar;C:\Users\Manish\.m2\repository\org\seleniumhq\selenium\selenium-chromium-driver\4.16.1\selenium-chromium-driver-4.16.1.jar;C:\Users\Manish\.m2\repository\org\seleniumhq\selenium\selenium-json\4.16.1\selenium-json-4.16.1.jar;C:\Users\Manish\.m2\repository\org\seleniumhq\selenium\selenium-manager\4.16.1\selenium-manager-4.16.1.jar;C:\Users\Manish\.m2\repository\org\seleniumhq\selenium\selenium-devtools-v118\4.16.1\selenium-devtools-v118-4.16.1.jar;C:\Users\Manish\.m2\repository\org\seleniumhq\selenium\selenium-devtools-v119\4.16.1\selenium-devtools-v119-4.16.1.jar;C:\Users\Manish\.m2\repository\org\seleniumhq\selenium\selenium-devtools-v120\4.16.1\selenium-devtools-v120-4.16.1.jar;C:\Users\Manish\.m2\repository\org\seleniumhq\selenium\selenium-devtools-v85\4.16.1\selenium-devtools-v85-4.16.1.jar;C:\Users\Manish\.m2\repository\org\seleniumhq\selenium\selenium-edge-driver\4.16.1\selenium-edge-driver-4.16.1.jar;C:\Users\Manish\.m2\repository\org\seleniumhq\selenium\selenium-firefox-driver\4.16.1\selenium-firefox-driver-4.16.1.jar;C:\Users\Manish\.m2\repos
Launcher Type: SUN_STANDARD

[Global flags]
     intx CICompilerCount                          = 4                                         {product} {ergonomic}
     uint ConcGCThreads                            = 2                                         {product} {ergonomic}
     uint G1ConcRefinementThreads                  = 8                                         {product} {ergonomic}
   size_t G1HeapRegionSize                         = 1048576                                   {product} {ergonomic}
    uintx GCDrainStackTargetSize                   = 64                                        {product} {ergonomic}
   size_t InitialHeapSize                          = 65011712                                  {product} {ergonomic}
   size_t MarkStackSize                            = 4194304                                   {product} {ergonomic}
   size_t MaxHeapSize                              = 1015021568                                {product} {ergonomic}
   size_t MaxNewSize                               = 608174080                                 {product} {ergonomic}
   size_t MinHeapDeltaBytes                        = 1048576                                   {product} {ergonomic}
   size_t MinHeapSize                              = 8388608                                   {product} {ergonomic}
    uintx NonNMethodCodeHeapSize                   = 5839372                                {pd product} {ergonomic}
    uintx NonProfiledCodeHeapSize                  = 122909434                              {pd product} {ergonomic}
    uintx ProfiledCodeHeapSize                     = 122909434                              {pd product} {ergonomic}
    uintx ReservedCodeCacheSize                    = 251658240                              {pd product} {ergonomic}
     bool SegmentedCodeCache                       = true                                      {product} {ergonomic}
     bool ShowCodeDetailsInExceptionMessages       = true                                   {manageable} {command line}
   size_t SoftMaxHeapSize                          = 1015021568                             {manageable} {ergonomic}
     bool UseCompressedClassPointers               = true                           {product lp64_product} {ergonomic}
     bool UseCompressedOops                        = true                           {product lp64_product} {ergonomic}
     bool UseG1GC                                  = true                                      {product} {ergonomic}
     bool UseLargePagesIndividualAllocation        = false                                  {pd product} {ergonomic}

Logging:
Log output configuration:
 #0: stdout all=warning uptime,level,tags
 #1: stderr all=off uptime,level,tags

Environment Variables:
JAVA_HOME=C:\Program Files\Java\jdk-17
PATH=C:/Users/Manish/.p2/pool/plugins/org.eclipse.justj.openjdk.hotspot.jre.full.win32.x86_64_17.0.11.v20240426-1830/jre/bin/server;C:/Users/Manish/.p2/pool/plugins/org.eclipse.justj.openjdk.hotspot.jre.full.win32.x86_64_17.0.11.v20240426-1830/jre/bin;C:\Program Files\Java\jdk-17\bin;C:\Program Files\Common Files\Oracle\Java\javapath;C:\Windows\system32;C:\Windows;C:\Windows\System32\Wbem;C:\Windows\System32\WindowsPowerShell\v1.0\;C:\Windows\System32\OpenSSH\;C:\Users\Manish\Downloads\apache-maven-3.9.7-bin\apache-maven-3.9.7\bin;C:\Program Files\Git\cmd;C:\Program Files\nodejs\;C:\Users\Manish\AppData\Local\Microsoft\WindowsApps;C:\Program Files\Java\jdk-22\bin;C:\Program Files\Java\jdk-22\lib;C:\Users\Manish\AppData\Local\GitHubDesktop\bin;C:\Users\Manish\AppData\Roaming\npm;C:\Users\Manish\Desktop;
USERNAME=Manish
OS=Windows_NT
PROCESSOR_IDENTIFIER=Intel64 Family 6 Model 142 Stepping 11, GenuineIntel
TMP=C:\Users\Manish\AppData\Local\Temp
TEMP=C:\Users\Manish\AppData\Local\Temp



Periodic native trim disabled


---------------  S Y S T E M  ---------------

OS:
 Windows 10 , 64 bit Build 19041 (10.0.19041.4597)
OS uptime: 1 days 6:00 hours

CPU: total 8 (initial active 8) (4 cores per cpu, 2 threads per core) family 6 model 142 stepping 11 microcode 0xec, cx8, cmov, fxsr, ht, mmx, 3dnowpref, sse, sse2, sse3, ssse3, sse4.1, sse4.2, popcnt, lzcnt, tsc, tscinvbit, avx, avx2, aes, erms, clmul, bmi1, bmi2, adx, fma, vzeroupper, clflush, clflushopt
Processor Information for processor 0
  Max Mhz: 1800, Current Mhz: 1600, Mhz Limit: 1584
Processor Information for processor 1
  Max Mhz: 1800, Current Mhz: 1400, Mhz Limit: 1584
Processor Information for processor 2
  Max Mhz: 1800, Current Mhz: 1400, Mhz Limit: 1584
Processor Information for processor 3
  Max Mhz: 1800, Current Mhz: 1400, Mhz Limit: 1584
Processor Information for processor 4
  Max Mhz: 1800, Current Mhz: 1400, Mhz Limit: 1584
Processor Information for processor 5
  Max Mhz: 1800, Current Mhz: 1600, Mhz Limit: 1584
Processor Information for processor 6
  Max Mhz: 1800, Current Mhz: 1600, Mhz Limit: 1584
Processor Information for processor 7
  Max Mhz: 1800, Current Mhz: 1400, Mhz Limit: 1584

Memory: 4k page, system-wide physical 3870M (131M free)
TotalPageFile size 15646M (AvailPageFile size 1M)
current process WorkingSet (physical memory assigned to process): 58M, peak: 58M
current process commit charge ("private bytes"): 149M, peak: 149M

vm_info: OpenJDK 64-Bit Server VM (17.0.11+9) for windows-amd64 JRE (17.0.11+9), built on Apr 17 2024 06:07:48 by "admin" with MS VC++ 16.10 / 16.11 (VS2019)

END.
