#
# There is insufficient memory for the Java Runtime Environment to continue.
# Native memory allocation (malloc) failed to allocate 1098608 bytes. Error detail: Chunk::new
# Possible reasons:
#   The system is out of physical RAM or swap space
#   This process is running with CompressedOops enabled, and the Java Heap may be blocking the growth of the native heap
# Possible solutions:
#   Reduce memory load on the system
#   Increase physical memory or swap space
#   Check if swap backing store is full
#   Decrease Java heap size (-Xmx/-Xms)
#   Decrease number of Java threads
#   Decrease Java thread stack sizes (-Xss)
#   Set larger code cache with -XX:ReservedCodeCacheSize=
#   JVM is running with Unscaled Compressed Oops mode in which the Java heap is
#     placed in the first 4GB address space. The Java Heap base address is the
#     maximum limit for the native heap growth. Please use -XX:HeapBaseMinAddress
#     to set the Java Heap base and to place the Java Heap above 4GB virtual address.
# This output file may be truncated or incomplete.
#
#  Out of Memory Error (arena.cpp:191), pid=8820, tid=19428
#
# JRE version: OpenJDK Runtime Environment Temurin-17.0.11+9 (17.0.11+9) (build 17.0.11+9)
# Java VM: OpenJDK 64-Bit Server VM Temurin-17.0.11+9 (17.0.11+9, mixed mode, tiered, compressed oops, compressed class ptrs, g1 gc, windows-amd64)
# No core dump will be written. Minidumps are not enabled by default on client versions of Windows
#

---------------  S U M M A R Y ------------

Command Line: -Dfile.encoding=UTF-8 -Dstdout.encoding=UTF-8 -Dstderr.encoding=UTF-8 -XX:+ShowCodeDetailsInExceptionMessages Selenium.WindowHandles

Host: Intel(R) Core(TM) i5-8265U CPU @ 1.60GHz, 8 cores, 3G,  Windows 10 , 64 bit Build 19041 (10.0.19041.4597)
Time: Fri Oct 11 19:56:00 2024 India Standard Time elapsed time: 7.346062 seconds (0d 0h 0m 7s)

---------------  T H R E A D  ---------------

Current thread (0x0000018e3403f380):  JavaThread "C2 CompilerThread0" daemon [_thread_in_native, id=19428, stack(0x00000065b7100000,0x00000065b7200000)]


Current CompileTask:
C2:   7346 2030       4       java.lang.invoke.MethodType::makeImpl (109 bytes)

Stack: [0x00000065b7100000,0x00000065b7200000]
Native frames: (J=compiled Java code, j=interpreted, Vv=VM code, C=native code)
V  [jvm.dll+0x67d429]
V  [jvm.dll+0x834b7a]
V  [jvm.dll+0x83663e]
V  [jvm.dll+0x836ca3]
V  [jvm.dll+0x247dbf]
V  [jvm.dll+0xac534]
V  [jvm.dll+0xacb7c]
V  [jvm.dll+0x366647]
V  [jvm.dll+0x1bd086]
V  [jvm.dll+0x21a5c9]
V  [jvm.dll+0x2198b1]
V  [jvm.dll+0x1a534d]
V  [jvm.dll+0x2295cd]
V  [jvm.dll+0x22779c]
V  [jvm.dll+0x7e9d07]
V  [jvm.dll+0x7e410a]
V  [jvm.dll+0x67c315]
C  [ucrtbase.dll+0x21bb2]
C  [KERNEL32.DLL+0x17374]
C  [ntdll.dll+0x4cc91]


---------------  P R O C E S S  ---------------

Threads class SMR info:
_java_thread_list=0x0000018e395cbaa0, length=25, elements={
0x0000018e1c7c3910, 0x0000018e3400d020, 0x0000018e34010650, 0x0000018e340352a0,
0x0000018e34037b80, 0x0000018e34038ce0, 0x0000018e340396a0, 0x0000018e3403f380,
0x0000018e3403f8a0, 0x0000018e34158850, 0x0000018e342cb180, 0x0000018e342d9a30,
0x0000018e39441250, 0x0000018e399c8e30, 0x0000018e393e78b0, 0x0000018e394ec340,
0x0000018e39998fe0, 0x0000018e39458530, 0x0000018e39379c70, 0x0000018e39376ee0,
0x0000018e393773f0, 0x0000018e39379760, 0x0000018e3937a180, 0x0000018e39377900,
0x0000018e393769d0
}

Java Threads: ( => current thread )
  0x0000018e1c7c3910 JavaThread "Forwarding get on session 6115171784fd7bb178103a96215de84a to remote" [_thread_blocked, id=21096, stack(0x00000065b6400000,0x00000065b6500000)]
  0x0000018e3400d020 JavaThread "Reference Handler" daemon [_thread_blocked, id=10020, stack(0x00000065b6b00000,0x00000065b6c00000)]
  0x0000018e34010650 JavaThread "Finalizer" daemon [_thread_blocked, id=20484, stack(0x00000065b6c00000,0x00000065b6d00000)]
  0x0000018e340352a0 JavaThread "Signal Dispatcher" daemon [_thread_blocked, id=18384, stack(0x00000065b6d00000,0x00000065b6e00000)]
  0x0000018e34037b80 JavaThread "Attach Listener" daemon [_thread_blocked, id=4240, stack(0x00000065b6e00000,0x00000065b6f00000)]
  0x0000018e34038ce0 JavaThread "Service Thread" daemon [_thread_blocked, id=19708, stack(0x00000065b6f00000,0x00000065b7000000)]
  0x0000018e340396a0 JavaThread "Monitor Deflation Thread" daemon [_thread_blocked, id=3032, stack(0x00000065b7000000,0x00000065b7100000)]
=>0x0000018e3403f380 JavaThread "C2 CompilerThread0" daemon [_thread_in_native, id=19428, stack(0x00000065b7100000,0x00000065b7200000)]
  0x0000018e3403f8a0 JavaThread "C1 CompilerThread0" daemon [_thread_blocked, id=4532, stack(0x00000065b7200000,0x00000065b7300000)]
  0x0000018e34158850 JavaThread "Sweeper thread" daemon [_thread_blocked, id=15216, stack(0x00000065b7300000,0x00000065b7400000)]
  0x0000018e342cb180 JavaThread "Notification Thread" daemon [_thread_blocked, id=19316, stack(0x00000065b7400000,0x00000065b7500000)]
  0x0000018e342d9a30 JavaThread "Common-Cleaner" daemon [_thread_blocked, id=14600, stack(0x00000065b7600000,0x00000065b7700000)]
  0x0000018e39441250 JavaThread "ForkJoinPool.commonPool-worker-1" daemon [_thread_blocked, id=19704, stack(0x00000065b7e00000,0x00000065b7f00000)]
  0x0000018e399c8e30 JavaThread "HttpClient-1-SelectorManager" daemon [_thread_in_native, id=14616, stack(0x00000065b7f00000,0x00000065b8000000)]
  0x0000018e393e78b0 JavaThread "External Process Output Forwarder - C:\Users\Manish\.cache\selenium\chromedriver\win64\129.0.6668.100\chromedriver.exe" [_thread_in_native, id=10776, stack(0x00000065b8000000,0x00000065b8100000)]
  0x0000018e394ec340 JavaThread "Driver Service Executor" daemon [_thread_blocked, id=13088, stack(0x00000065b8100000,0x00000065b8200000)]
  0x0000018e39998fe0 JavaThread "Driver Service Executor" daemon [_thread_in_native, id=12764, stack(0x00000065b8200000,0x00000065b8300000)]
  0x0000018e39458530 JavaThread "UrlChecker-2" daemon [_thread_blocked, id=10920, stack(0x00000065b8300000,0x00000065b8400000)]
  0x0000018e39379c70 JavaThread "pool-1-thread-1" [_thread_blocked, id=13232, stack(0x00000065b8700000,0x00000065b8800000)]
  0x0000018e39376ee0 JavaThread "pool-1-thread-2" [_thread_blocked, id=16696, stack(0x00000065b8800000,0x00000065b8900000)]
  0x0000018e393773f0 JavaThread "pool-1-thread-3" [_thread_blocked, id=17516, stack(0x00000065b8900000,0x00000065b8a00000)]
  0x0000018e39379760 JavaThread "HttpClient-2-SelectorManager" daemon [_thread_in_native, id=14704, stack(0x00000065b8a00000,0x00000065b8b00000)]
  0x0000018e3937a180 JavaThread "pool-2-thread-1" [_thread_blocked, id=12660, stack(0x00000065b8b00000,0x00000065b8c00000)]
  0x0000018e39377900 JavaThread "pool-2-thread-2" [_thread_blocked, id=19536, stack(0x00000065b8500000,0x00000065b8600000)]
  0x0000018e393769d0 JavaThread "pool-2-thread-3" [_thread_blocked, id=16376, stack(0x00000065b8c00000,0x00000065b8d00000)]

Other Threads:
  0x0000018e33fea050 VMThread "VM Thread" [stack: 0x00000065b6a00000,0x00000065b6b00000] [id=19272]
  0x0000018e34232610 WatcherThread [stack: 0x00000065b7500000,0x00000065b7600000] [id=10868]
  0x0000018e1c7ffb20 GCTaskThread "GC Thread#0" [stack: 0x00000065b6500000,0x00000065b6600000] [id=17540]
  0x0000018e39262ef0 GCTaskThread "GC Thread#1" [stack: 0x00000065b7700000,0x00000065b7800000] [id=10316]
  0x0000018e392a7c50 GCTaskThread "GC Thread#2" [stack: 0x00000065b7800000,0x00000065b7900000] [id=21356]
  0x0000018e39246660 GCTaskThread "GC Thread#3" [stack: 0x00000065b7900000,0x00000065b7a00000] [id=1932]
  0x0000018e39246920 GCTaskThread "GC Thread#4" [stack: 0x00000065b7a00000,0x00000065b7b00000] [id=20380]
  0x0000018e39248bf0 GCTaskThread "GC Thread#5" [stack: 0x00000065b7b00000,0x00000065b7c00000] [id=16564]
  0x0000018e39248eb0 GCTaskThread "GC Thread#6" [stack: 0x00000065b7c00000,0x00000065b7d00000] [id=9776]
  0x0000018e39249170 GCTaskThread "GC Thread#7" [stack: 0x00000065b7d00000,0x00000065b7e00000] [id=12760]
  0x0000018e1c808370 ConcurrentGCThread "G1 Main Marker" [stack: 0x00000065b6600000,0x00000065b6700000] [id=4504]
  0x0000018e1c809530 ConcurrentGCThread "G1 Conc#0" [stack: 0x00000065b6700000,0x00000065b6800000] [id=432]
  0x0000018e3951e460 ConcurrentGCThread "G1 Conc#1" [stack: 0x00000065b8600000,0x00000065b8700000] [id=20868]
  0x0000018e1c8598e0 ConcurrentGCThread "G1 Refine#0" [stack: 0x00000065b6800000,0x00000065b6900000] [id=19112]
  0x0000018e1c85a310 ConcurrentGCThread "G1 Service" [stack: 0x00000065b6900000,0x00000065b6a00000] [id=19692]

Threads with active compile tasks:
C2 CompilerThread0     7521 2030       4       java.lang.invoke.MethodType::makeImpl (109 bytes)

VM state: not at safepoint (normal execution)

VM Mutex/Monitor currently owned by a thread: None

Heap address: 0x00000000c3800000, size: 968 MB, Compressed Oops mode: 32-bit

CDS archive(s) not mapped
Compressed class space mapped at: 0x0000000100000000-0x0000000140000000, reserved size: 1073741824
Narrow klass base: 0x0000000000000000, Narrow klass shift: 3, Narrow klass range: 0x140000000

GC Precious Log:
 CPUs: 8 total, 8 available
 Memory: 3870M
 Large Page Support: Disabled
 NUMA Support: Disabled
 Compressed Oops: Enabled (32-bit)
 Heap Region Size: 1M
 Heap Min Capacity: 8M
 Heap Initial Capacity: 62M
 Heap Max Capacity: 968M
 Pre-touch: Disabled
 Parallel Workers: 8
 Concurrent Workers: 2
 Concurrent Refinement Workers: 8
 Periodic GC: Disabled

Heap:
 garbage-first heap   total 63488K, used 29436K [0x00000000c3800000, 0x0000000100000000)
  region size 1024K, 15 young (15360K), 2 survivors (2048K)
 Metaspace       used 24301K, committed 24576K, reserved 1114112K
  class space    used 2641K, committed 2752K, reserved 1048576K

Heap Regions: E=young(eden), S=young(survivor), O=old, HS=humongous(starts), HC=humongous(continues), CS=collection set, F=free, OA=open archive, CA=closed archive, TAMS=top-at-mark-start (previous, next)
|   0|0x00000000c3800000, 0x00000000c3900000, 0x00000000c3900000|100%|HS|  |TAMS 0x00000000c3900000, 0x00000000c3800000| Complete 
|   1|0x00000000c3900000, 0x00000000c3a00000, 0x00000000c3a00000|100%| O|  |TAMS 0x00000000c3a00000, 0x00000000c3900000| Untracked 
|   2|0x00000000c3a00000, 0x00000000c3b00000, 0x00000000c3b00000|100%| O|  |TAMS 0x00000000c3b00000, 0x00000000c3a00000| Untracked 
|   3|0x00000000c3b00000, 0x00000000c3c00000, 0x00000000c3c00000|100%| O|  |TAMS 0x00000000c3c00000, 0x00000000c3b00000| Untracked 
|   4|0x00000000c3c00000, 0x00000000c3d00000, 0x00000000c3d00000|100%| O|  |TAMS 0x00000000c3d00000, 0x00000000c3c00000| Untracked 
|   5|0x00000000c3d00000, 0x00000000c3e00000, 0x00000000c3e00000|100%| O|  |TAMS 0x00000000c3e00000, 0x00000000c3d00000| Untracked 
|   6|0x00000000c3e00000, 0x00000000c3f00000, 0x00000000c3f00000|100%| O|  |TAMS 0x00000000c3f00000, 0x00000000c3e00000| Complete 
|   7|0x00000000c3f00000, 0x00000000c4000000, 0x00000000c4000000|100%| O|  |TAMS 0x00000000c4000000, 0x00000000c3f00000| Untracked 
|   8|0x00000000c4000000, 0x00000000c4100000, 0x00000000c4100000|100%| O|  |TAMS 0x00000000c4100000, 0x00000000c4000000| Untracked 
|   9|0x00000000c4100000, 0x00000000c4200000, 0x00000000c4200000|100%| O|  |TAMS 0x00000000c4200000, 0x00000000c4100000| Untracked 
|  10|0x00000000c4200000, 0x00000000c4300000, 0x00000000c4300000|100%| O|  |TAMS 0x00000000c4300000, 0x00000000c4200000| Untracked 
|  11|0x00000000c4300000, 0x00000000c4400000, 0x00000000c4400000|100%| O|  |TAMS 0x00000000c4400000, 0x00000000c4300000| Untracked 
|  12|0x00000000c4400000, 0x00000000c4500000, 0x00000000c4500000|100%| O|  |TAMS 0x00000000c44b6a00, 0x00000000c4400000| Untracked 
|  13|0x00000000c4500000, 0x00000000c4600000, 0x00000000c4600000|100%| O|  |TAMS 0x00000000c4500000, 0x00000000c4500000| Untracked 
|  14|0x00000000c4600000, 0x00000000c4700000, 0x00000000c4700000|100%| O|  |TAMS 0x00000000c4600000, 0x00000000c4600000| Untracked 
|  15|0x00000000c4700000, 0x00000000c4800000, 0x00000000c4800000|100%| O|  |TAMS 0x00000000c4700000, 0x00000000c4700000| Untracked 
|  16|0x00000000c4800000, 0x00000000c4832e00, 0x00000000c4900000| 19%| O|  |TAMS 0x00000000c4800000, 0x00000000c4800000| Untracked 
|  17|0x00000000c4900000, 0x00000000c4900000, 0x00000000c4a00000|  0%| F|  |TAMS 0x00000000c4900000, 0x00000000c4900000| Untracked 
|  18|0x00000000c4a00000, 0x00000000c4a00000, 0x00000000c4b00000|  0%| F|  |TAMS 0x00000000c4a00000, 0x00000000c4a00000| Untracked 
|  19|0x00000000c4b00000, 0x00000000c4b00000, 0x00000000c4c00000|  0%| F|  |TAMS 0x00000000c4b00000, 0x00000000c4b00000| Untracked 
|  20|0x00000000c4c00000, 0x00000000c4c00000, 0x00000000c4d00000|  0%| F|  |TAMS 0x00000000c4c00000, 0x00000000c4c00000| Untracked 
|  21|0x00000000c4d00000, 0x00000000c4d00000, 0x00000000c4e00000|  0%| F|  |TAMS 0x00000000c4d00000, 0x00000000c4d00000| Untracked 
|  22|0x00000000c4e00000, 0x00000000c4e00000, 0x00000000c4f00000|  0%| F|  |TAMS 0x00000000c4e00000, 0x00000000c4e00000| Untracked 
|  23|0x00000000c4f00000, 0x00000000c4f00000, 0x00000000c5000000|  0%| F|  |TAMS 0x00000000c4f00000, 0x00000000c4f00000| Untracked 
|  24|0x00000000c5000000, 0x00000000c5000000, 0x00000000c5100000|  0%| F|  |TAMS 0x00000000c5000000, 0x00000000c5000000| Untracked 
|  25|0x00000000c5100000, 0x00000000c5100000, 0x00000000c5200000|  0%| F|  |TAMS 0x00000000c5100000, 0x00000000c5100000| Untracked 
|  26|0x00000000c5200000, 0x00000000c5200000, 0x00000000c5300000|  0%| F|  |TAMS 0x00000000c5200000, 0x00000000c5200000| Untracked 
|  27|0x00000000c5300000, 0x00000000c5300000, 0x00000000c5400000|  0%| F|  |TAMS 0x00000000c5300000, 0x00000000c5300000| Untracked 
|  28|0x00000000c5400000, 0x00000000c5400000, 0x00000000c5500000|  0%| F|  |TAMS 0x00000000c5400000, 0x00000000c5400000| Untracked 
|  29|0x00000000c5500000, 0x00000000c5500000, 0x00000000c5600000|  0%| F|  |TAMS 0x00000000c5500000, 0x00000000c5500000| Untracked 
|  30|0x00000000c5600000, 0x00000000c5600000, 0x00000000c5700000|  0%| F|  |TAMS 0x00000000c5600000, 0x00000000c5600000| Untracked 
|  31|0x00000000c5700000, 0x00000000c5700000, 0x00000000c5800000|  0%| F|  |TAMS 0x00000000c5700000, 0x00000000c5700000| Untracked 
|  32|0x00000000c5800000, 0x00000000c5800000, 0x00000000c5900000|  0%| F|  |TAMS 0x00000000c5800000, 0x00000000c5800000| Untracked 
|  33|0x00000000c5900000, 0x00000000c5900000, 0x00000000c5a00000|  0%| F|  |TAMS 0x00000000c5900000, 0x00000000c5900000| Untracked 
|  34|0x00000000c5a00000, 0x00000000c5a00000, 0x00000000c5b00000|  0%| F|  |TAMS 0x00000000c5a00000, 0x00000000c5a00000| Untracked 
|  35|0x00000000c5b00000, 0x00000000c5b00000, 0x00000000c5c00000|  0%| F|  |TAMS 0x00000000c5b00000, 0x00000000c5b00000| Untracked 
|  36|0x00000000c5c00000, 0x00000000c5c00000, 0x00000000c5d00000|  0%| F|  |TAMS 0x00000000c5c00000, 0x00000000c5c00000| Untracked 
|  37|0x00000000c5d00000, 0x00000000c5d00000, 0x00000000c5e00000|  0%| F|  |TAMS 0x00000000c5d00000, 0x00000000c5d00000| Untracked 
|  38|0x00000000c5e00000, 0x00000000c5e00000, 0x00000000c5f00000|  0%| F|  |TAMS 0x00000000c5e00000, 0x00000000c5e00000| Untracked 
|  39|0x00000000c5f00000, 0x00000000c5f00000, 0x00000000c6000000|  0%| F|  |TAMS 0x00000000c5f00000, 0x00000000c5f00000| Untracked 
|  40|0x00000000c6000000, 0x00000000c6000000, 0x00000000c6100000|  0%| F|  |TAMS 0x00000000c6000000, 0x00000000c6000000| Untracked 
|  41|0x00000000c6100000, 0x00000000c6100000, 0x00000000c6200000|  0%| F|  |TAMS 0x00000000c6100000, 0x00000000c6100000| Untracked 
|  42|0x00000000c6200000, 0x00000000c6200000, 0x00000000c6300000|  0%| F|  |TAMS 0x00000000c6200000, 0x00000000c6200000| Untracked 
|  43|0x00000000c6300000, 0x00000000c6300000, 0x00000000c6400000|  0%| F|  |TAMS 0x00000000c6300000, 0x00000000c6300000| Untracked 
|  44|0x00000000c6400000, 0x00000000c648c280, 0x00000000c6500000| 54%| S|CS|TAMS 0x00000000c6400000, 0x00000000c6400000| Complete 
|  45|0x00000000c6500000, 0x00000000c6600000, 0x00000000c6600000|100%| S|CS|TAMS 0x00000000c6500000, 0x00000000c6500000| Complete 
|  46|0x00000000c6600000, 0x00000000c6600000, 0x00000000c6700000|  0%| F|  |TAMS 0x00000000c6600000, 0x00000000c6600000| Untracked 
|  47|0x00000000c6700000, 0x00000000c6700000, 0x00000000c6800000|  0%| F|  |TAMS 0x00000000c6700000, 0x00000000c6700000| Untracked 
|  48|0x00000000c6800000, 0x00000000c6800000, 0x00000000c6900000|  0%| F|  |TAMS 0x00000000c6800000, 0x00000000c6800000| Untracked 
|  49|0x00000000c6900000, 0x00000000c69cc0c8, 0x00000000c6a00000| 79%| E|  |TAMS 0x00000000c6900000, 0x00000000c6900000| Complete 
|  50|0x00000000c6a00000, 0x00000000c6b00000, 0x00000000c6b00000|100%| E|CS|TAMS 0x00000000c6a00000, 0x00000000c6a00000| Complete 
|  51|0x00000000c6b00000, 0x00000000c6c00000, 0x00000000c6c00000|100%| E|CS|TAMS 0x00000000c6b00000, 0x00000000c6b00000| Complete 
|  52|0x00000000c6c00000, 0x00000000c6d00000, 0x00000000c6d00000|100%| E|CS|TAMS 0x00000000c6c00000, 0x00000000c6c00000| Complete 
|  53|0x00000000c6d00000, 0x00000000c6e00000, 0x00000000c6e00000|100%| E|CS|TAMS 0x00000000c6d00000, 0x00000000c6d00000| Complete 
|  54|0x00000000c6e00000, 0x00000000c6f00000, 0x00000000c6f00000|100%| E|CS|TAMS 0x00000000c6e00000, 0x00000000c6e00000| Complete 
|  55|0x00000000c6f00000, 0x00000000c7000000, 0x00000000c7000000|100%| E|CS|TAMS 0x00000000c6f00000, 0x00000000c6f00000| Complete 
|  56|0x00000000c7000000, 0x00000000c7100000, 0x00000000c7100000|100%| E|CS|TAMS 0x00000000c7000000, 0x00000000c7000000| Complete 
|  57|0x00000000c7100000, 0x00000000c7200000, 0x00000000c7200000|100%| E|CS|TAMS 0x00000000c7100000, 0x00000000c7100000| Complete 
|  58|0x00000000c7200000, 0x00000000c7300000, 0x00000000c7300000|100%| E|CS|TAMS 0x00000000c7200000, 0x00000000c7200000| Complete 
|  59|0x00000000c7300000, 0x00000000c73ffa08, 0x00000000c7400000| 99%| E|  |TAMS 0x00000000c7300000, 0x00000000c7300000| Complete 
|  60|0x00000000c7400000, 0x00000000c7500000, 0x00000000c7500000|100%| E|CS|TAMS 0x00000000c7400000, 0x00000000c7400000| Complete 
|  61|0x00000000c7500000, 0x00000000c7600000, 0x00000000c7600000|100%| E|CS|TAMS 0x00000000c7500000, 0x00000000c7500000| Complete 

Card table byte_map: [0x0000018e2f3b0000,0x0000018e2f5a0000] _byte_map_base: 0x0000018e2ed94000

Marking Bits (Prev, Next): (CMBitMap*) 0x0000018e1c800180, (CMBitMap*) 0x0000018e1c800140
 Prev Bits: [0x0000018e306b0000, 0x0000018e315d0000)
 Next Bits: [0x0000018e2f790000, 0x0000018e306b0000)

Polling page: 0x0000018e1a710000

Metaspace:

Usage:
  Non-class:     21.15 MB used.
      Class:      2.58 MB used.
       Both:     23.73 MB used.

Virtual space:
  Non-class space:       64.00 MB reserved,      21.31 MB ( 33%) committed,  1 nodes.
      Class space:        1.00 GB reserved,       2.69 MB ( <1%) committed,  1 nodes.
             Both:        1.06 GB reserved,      24.00 MB (  2%) committed. 

Chunk freelists:
   Non-Class:  10.33 MB
       Class:  13.19 MB
        Both:  23.52 MB

MaxMetaspaceSize: unlimited
CompressedClassSpaceSize: 1.00 GB
Initial GC threshold: 21.00 MB
Current GC threshold: 35.31 MB
CDS: off
MetaspaceReclaimPolicy: balanced
 - commit_granule_bytes: 65536.
 - commit_granule_words: 8192.
 - virtual_space_node_default_size: 8388608.
 - enlarge_chunks_in_place: 1.
 - new_chunks_are_fully_committed: 0.
 - uncommit_free_chunks: 1.
 - use_allocation_guard: 0.
 - handle_deallocations: 1.


Internal statistics:

num_allocs_failed_limit: 3.
num_arena_births: 218.
num_arena_deaths: 0.
num_vsnodes_births: 2.
num_vsnodes_deaths: 0.
num_space_committed: 384.
num_space_uncommitted: 0.
num_chunks_returned_to_freelist: 3.
num_chunks_taken_from_freelist: 620.
num_chunk_merges: 3.
num_chunk_splits: 379.
num_chunks_enlarged: 260.
num_inconsistent_stats: 0.

CodeHeap 'non-profiled nmethods': size=120000Kb used=800Kb max_used=800Kb free=119199Kb
 bounds [0x0000018e27960000, 0x0000018e27bd0000, 0x0000018e2ee90000]
CodeHeap 'profiled nmethods': size=120000Kb used=4116Kb max_used=4116Kb free=115884Kb
 bounds [0x0000018e1fe90000, 0x0000018e202a0000, 0x0000018e273c0000]
CodeHeap 'non-nmethods': size=5760Kb used=1234Kb max_used=1254Kb free=4526Kb
 bounds [0x0000018e273c0000, 0x0000018e27630000, 0x0000018e27960000]
 total_blobs=2710 nmethods=2173 adapters=449
 compilation: enabled
              stopped_count=0, restarted_count=0
 full_count=0

Compilation events (20 events):
Event: 7.271 Thread 0x0000018e3403f8a0 2173       3       java.util.stream.ReferencePipeline::<init> (8 bytes)
Event: 7.271 Thread 0x0000018e3403f8a0 nmethod 2173 0x0000018e20292a90 code [0x0000018e20292c20, 0x0000018e20292d68]
Event: 7.271 Thread 0x0000018e3403f8a0 2170       3       java.lang.reflect.ReflectAccess::copyMethod (5 bytes)
Event: 7.271 Thread 0x0000018e3403f8a0 nmethod 2170 0x0000018e20292e10 code [0x0000018e20292fc0, 0x0000018e20293108]
Event: 7.271 Thread 0x0000018e3403f8a0 2171       3       org.openqa.selenium.json.JsonTypeCoercer$$Lambda$255/0x000000010025a2c8::test (12 bytes)
Event: 7.271 Thread 0x0000018e3403f8a0 nmethod 2171 0x0000018e20293210 code [0x0000018e202933e0, 0x0000018e20293738]
Event: 7.271 Thread 0x0000018e3403f8a0 2174       3       java.util.stream.Sink$ChainedReference::<init> (16 bytes)
Event: 7.272 Thread 0x0000018e3403f8a0 nmethod 2174 0x0000018e20293890 code [0x0000018e20293a60, 0x0000018e20293e88]
Event: 7.272 Thread 0x0000018e3403f8a0 2175       3       java.util.stream.Sink$ChainedReference::end (10 bytes)
Event: 7.272 Thread 0x0000018e3403f8a0 nmethod 2175 0x0000018e20294010 code [0x0000018e202941c0, 0x0000018e20294388]
Event: 7.272 Thread 0x0000018e3403f8a0 2177       3       java.util.stream.ReferencePipeline$StatelessOp::<init> (29 bytes)
Event: 7.272 Thread 0x0000018e3403f8a0 nmethod 2177 0x0000018e20294490 code [0x0000018e20294640, 0x0000018e20294808]
Event: 7.272 Thread 0x0000018e3403f8a0 2176       1       java.util.logging.Level::intValue (5 bytes)
Event: 7.272 Thread 0x0000018e3403f8a0 nmethod 2176 0x0000018e27a27790 code [0x0000018e27a27920, 0x0000018e27a279f8]
Event: 7.272 Thread 0x0000018e3403f8a0 2178       1       java.net.URI::getScheme (5 bytes)
Event: 7.272 Thread 0x0000018e3403f8a0 nmethod 2178 0x0000018e27a27a90 code [0x0000018e27a27c20, 0x0000018e27a27cf8]
Event: 7.272 Thread 0x0000018e3403f8a0 2180       3       java.lang.StringLatin1::trim (76 bytes)
Event: 7.273 Thread 0x0000018e3403f8a0 nmethod 2180 0x0000018e20294910 code [0x0000018e20294ae0, 0x0000018e20294ec8]
Event: 7.273 Thread 0x0000018e3403f8a0 2179       1       java.lang.Thread::isInterrupted (5 bytes)
Event: 7.273 Thread 0x0000018e3403f8a0 nmethod 2179 0x0000018e27a27d90 code [0x0000018e27a27f20, 0x0000018e27a27ff8]

GC Heap History (6 events):
Event: 1.061 GC heap before
{Heap before GC invocations=0 (full 0):
 garbage-first heap   total 63488K, used 24576K [0x00000000c3800000, 0x0000000100000000)
  region size 1024K, 23 young (23552K), 0 survivors (0K)
 Metaspace       used 12951K, committed 13120K, reserved 1114112K
  class space    used 1196K, committed 1280K, reserved 1048576K
}
Event: 1.070 GC heap after
{Heap after GC invocations=1 (full 0):
 garbage-first heap   total 63488K, used 10512K [0x00000000c3800000, 0x0000000100000000)
  region size 1024K, 3 young (3072K), 3 survivors (3072K)
 Metaspace       used 12951K, committed 13120K, reserved 1114112K
  class space    used 1196K, committed 1280K, reserved 1048576K
}
Event: 1.331 GC heap before
{Heap before GC invocations=1 (full 0):
 garbage-first heap   total 63488K, used 29968K [0x00000000c3800000, 0x0000000100000000)
  region size 1024K, 22 young (22528K), 3 survivors (3072K)
 Metaspace       used 14815K, committed 14976K, reserved 1114112K
  class space    used 1359K, committed 1472K, reserved 1048576K
}
Event: 1.348 GC heap after
{Heap after GC invocations=2 (full 0):
 garbage-first heap   total 63488K, used 16090K [0x00000000c3800000, 0x0000000100000000)
  region size 1024K, 3 young (3072K), 3 survivors (3072K)
 Metaspace       used 14815K, committed 14976K, reserved 1114112K
  class space    used 1359K, committed 1472K, reserved 1048576K
}
Event: 2.331 GC heap before
{Heap before GC invocations=2 (full 0):
 garbage-first heap   total 63488K, used 31450K [0x00000000c3800000, 0x0000000100000000)
  region size 1024K, 19 young (19456K), 3 survivors (3072K)
 Metaspace       used 21355K, committed 21504K, reserved 1114112K
  class space    used 2226K, committed 2304K, reserved 1048576K
}
Event: 2.343 GC heap after
{Heap after GC invocations=3 (full 0):
 garbage-first heap   total 63488K, used 18172K [0x00000000c3800000, 0x0000000100000000)
  region size 1024K, 2 young (2048K), 2 survivors (2048K)
 Metaspace       used 21355K, committed 21504K, reserved 1114112K
  class space    used 2226K, committed 2304K, reserved 1048576K
}

Dll operation events (8 events):
Event: 0.058 Loaded shared library C:\Users\Manish\.p2\pool\plugins\org.eclipse.justj.openjdk.hotspot.jre.full.win32.x86_64_17.0.11.v20240426-1830\jre\bin\java.dll
Event: 0.298 Loaded shared library C:\Users\Manish\.p2\pool\plugins\org.eclipse.justj.openjdk.hotspot.jre.full.win32.x86_64_17.0.11.v20240426-1830\jre\bin\net.dll
Event: 0.301 Loaded shared library C:\Users\Manish\.p2\pool\plugins\org.eclipse.justj.openjdk.hotspot.jre.full.win32.x86_64_17.0.11.v20240426-1830\jre\bin\nio.dll
Event: 0.311 Loaded shared library C:\Users\Manish\.p2\pool\plugins\org.eclipse.justj.openjdk.hotspot.jre.full.win32.x86_64_17.0.11.v20240426-1830\jre\bin\zip.dll
Event: 0.473 Loaded shared library C:\Users\Manish\.p2\pool\plugins\org.eclipse.justj.openjdk.hotspot.jre.full.win32.x86_64_17.0.11.v20240426-1830\jre\bin\jimage.dll
Event: 1.094 Loaded shared library C:\Users\Manish\.p2\pool\plugins\org.eclipse.justj.openjdk.hotspot.jre.full.win32.x86_64_17.0.11.v20240426-1830\jre\bin\verify.dll
Event: 1.465 Loaded shared library C:\Users\Manish\.p2\pool\plugins\org.eclipse.justj.openjdk.hotspot.jre.full.win32.x86_64_17.0.11.v20240426-1830\jre\bin\extnet.dll
Event: 1.663 Loaded shared library C:\Users\Manish\.p2\pool\plugins\org.eclipse.justj.openjdk.hotspot.jre.full.win32.x86_64_17.0.11.v20240426-1830\jre\bin\sunmscapi.dll

Deoptimization events (20 events):
Event: 1.860 Thread 0x0000018e1c7c3910 DEOPT PACKING pc=0x0000018e27a053c4 sp=0x00000065b64fda80
Event: 1.860 Thread 0x0000018e1c7c3910 DEOPT UNPACKING pc=0x0000018e274169a3 sp=0x00000065b64fda08 mode 2
Event: 1.861 Thread 0x0000018e1c7c3910 Uncommon trap: trap_request=0xffffffde fr.pc=0x0000018e27a053c4 relative=0x0000000000000124
Event: 1.861 Thread 0x0000018e1c7c3910 Uncommon trap: reason=class_check action=maybe_recompile pc=0x0000018e27a053c4 method=jdk.internal.misc.Unsafe.allocateUninitializedArray(Ljava/lang/Class;I)Ljava/lang/Object; @ 51 c2
Event: 1.861 Thread 0x0000018e1c7c3910 DEOPT PACKING pc=0x0000018e27a053c4 sp=0x00000065b64fe390
Event: 1.861 Thread 0x0000018e1c7c3910 DEOPT UNPACKING pc=0x0000018e274169a3 sp=0x00000065b64fe318 mode 2
Event: 1.861 Thread 0x0000018e1c7c3910 Uncommon trap: trap_request=0xffffffde fr.pc=0x0000018e27a053c4 relative=0x0000000000000124
Event: 1.861 Thread 0x0000018e1c7c3910 Uncommon trap: reason=class_check action=maybe_recompile pc=0x0000018e27a053c4 method=jdk.internal.misc.Unsafe.allocateUninitializedArray(Ljava/lang/Class;I)Ljava/lang/Object; @ 51 c2
Event: 1.861 Thread 0x0000018e1c7c3910 DEOPT PACKING pc=0x0000018e27a053c4 sp=0x00000065b64fdf90
Event: 1.861 Thread 0x0000018e1c7c3910 DEOPT UNPACKING pc=0x0000018e274169a3 sp=0x00000065b64fdf18 mode 2
Event: 1.889 Thread 0x0000018e1c7c3910 DEOPT PACKING pc=0x0000018e1ff48d39 sp=0x00000065b64fc680
Event: 1.889 Thread 0x0000018e1c7c3910 DEOPT UNPACKING pc=0x0000018e27417143 sp=0x00000065b64fbb90 mode 0
Event: 7.048 Thread 0x0000018e1c7c3910 Uncommon trap: trap_request=0xffffff45 fr.pc=0x0000018e279dbf18 relative=0x0000000000001118
Event: 7.048 Thread 0x0000018e1c7c3910 Uncommon trap: reason=unstable_if action=reinterpret pc=0x0000018e279dbf18 method=java.util.concurrent.ConcurrentHashMap.putVal(Ljava/lang/Object;Ljava/lang/Object;Z)Ljava/lang/Object; @ 231 c2
Event: 7.048 Thread 0x0000018e1c7c3910 DEOPT PACKING pc=0x0000018e279dbf18 sp=0x00000065b64feb90
Event: 7.048 Thread 0x0000018e1c7c3910 DEOPT UNPACKING pc=0x0000018e274169a3 sp=0x00000065b64feb00 mode 2
Event: 7.111 Thread 0x0000018e39441250 Uncommon trap: trap_request=0xffffffcc fr.pc=0x0000018e27a24fe4 relative=0x0000000000000344
Event: 7.111 Thread 0x0000018e39441250 Uncommon trap: reason=intrinsic_or_type_checked_inlining action=make_not_entrant pc=0x0000018e27a24fe4 method=java.util.Arrays.copyOf([Ljava/lang/Object;ILjava/lang/Class;)[Ljava/lang/Object; @ 35 c2
Event: 7.111 Thread 0x0000018e39441250 DEOPT PACKING pc=0x0000018e27a24fe4 sp=0x00000065b7efdb90
Event: 7.111 Thread 0x0000018e39441250 DEOPT UNPACKING pc=0x0000018e274169a3 sp=0x00000065b7efdb20 mode 2

Classes unloaded (0 events):
No events

Classes redefined (0 events):
No events

Internal exceptions (20 events):
Event: 1.958 Thread 0x0000018e39458530 Exception <a 'java/net/ConnectException'{0x00000000c6b62c78}: Connection refused: getsockopt> (0x00000000c6b62c78) 
thrown [s\src\hotspot\share\prims\jni.cpp, line 535]
Event: 1.958 Thread 0x0000018e39458530 Exception <a 'java/net/SocketException'{0x00000000c6b62fb0}: Socket is not connected: shutdown> (0x00000000c6b62fb0) 
thrown [s\src\hotspot\share\prims\jni.cpp, line 535]
Event: 2.004 Thread 0x0000018e39458530 Exception <a 'java/net/ConnectException'{0x00000000c6b63ec8}: Connection refused: getsockopt> (0x00000000c6b63ec8) 
thrown [s\src\hotspot\share\prims\jni.cpp, line 535]
Event: 2.004 Thread 0x0000018e39458530 Exception <a 'java/net/SocketException'{0x00000000c6b64200}: Socket is not connected: shutdown> (0x00000000c6b64200) 
thrown [s\src\hotspot\share\prims\jni.cpp, line 535]
Event: 2.122 Thread 0x0000018e1c7c3910 Exception <a 'java/lang/NoSuchMethodError'{0x00000000c6bc3948}: 'int java.lang.invoke.DirectMethodHandle$Holder.invokeVirtual(java.lang.Object, java.lang.Object)'> (0x00000000c6bc3948) 
thrown [s\src\hotspot\share\interpreter\linkResolver.cpp, line 759]
Event: 2.125 Thread 0x0000018e1c7c3910 Exception <a 'java/lang/NoSuchMethodError'{0x00000000c6bc9e30}: 'double java.lang.invoke.DirectMethodHandle$Holder.invokeVirtual(java.lang.Object, java.lang.Object)'> (0x00000000c6bc9e30) 
thrown [s\src\hotspot\share\interpreter\linkResolver.cpp, line 759]
Event: 2.126 Thread 0x0000018e1c7c3910 Exception <a 'java/lang/NoSuchMethodError'{0x00000000c6bd05d8}: 'float java.lang.invoke.DirectMethodHandle$Holder.invokeVirtual(java.lang.Object, java.lang.Object)'> (0x00000000c6bd05d8) 
thrown [s\src\hotspot\share\interpreter\linkResolver.cpp, line 759]
Event: 2.129 Thread 0x0000018e1c7c3910 Exception <a 'java/lang/NoSuchMethodError'{0x00000000c6bd94f8}: 'long java.lang.invoke.DirectMethodHandle$Holder.invokeVirtual(java.lang.Object, java.lang.Object)'> (0x00000000c6bd94f8) 
thrown [s\src\hotspot\share\interpreter\linkResolver.cpp, line 759]
Event: 2.146 Thread 0x0000018e1c7c3910 Exception <a 'java/lang/NoSuchMethodError'{0x00000000c6a07788}: 'void java.lang.invoke.DirectMethodHandle$Holder.invokeStatic(java.lang.Object, java.lang.Object, java.lang.Object)'> (0x00000000c6a07788) 
thrown [s\src\hotspot\share\interpreter\linkResolver.cpp, line 759]
Event: 2.196 Thread 0x0000018e1c7c3910 Exception <a 'java/lang/NoSuchMethodError'{0x00000000c6935f78}: 'java.lang.Object java.lang.invoke.DirectMethodHandle$Holder.newInvokeSpecial(java.lang.Object, java.lang.Object, int, int)'> (0x00000000c6935f78) 
thrown [s\src\hotspot\share\interpreter\linkResolver.cpp, line 759]
Event: 2.197 Thread 0x0000018e1c7c3910 Exception <a 'java/lang/NoSuchMethodError'{0x00000000c6940a18}: 'void java.lang.invoke.DirectMethodHandle$Holder.invokeStatic(java.lang.Object, java.lang.Object, int)'> (0x00000000c6940a18) 
thrown [s\src\hotspot\share\interpreter\linkResolver.cpp, line 759]
Event: 2.257 Thread 0x0000018e1c7c3910 Exception <a 'java/lang/NoSuchMethodError'{0x00000000c687cf38}: 'java.lang.Object java.lang.invoke.DirectMethodHandle$Holder.newInvokeSpecial(java.lang.Object, java.lang.Object, java.lang.Object, java.lang.Object, java.lang.Object)'> (0x00000000c687cf38) 
thrown [s\src\hotspot\share\interpreter\linkResolver.cpp, line 759]
Event: 2.349 Thread 0x0000018e1c7c3910 Exception <a 'java/lang/NoSuchMethodError'{0x00000000c7526ac8}: 'void java.lang.invoke.DirectMethodHandle$Holder.invokeSpecial(java.lang.Object, java.lang.Object, java.lang.Object)'> (0x00000000c7526ac8) 
thrown [s\src\hotspot\share\interpreter\linkResolver.cpp, line 759]
Event: 2.351 Thread 0x0000018e1c7c3910 Exception <a 'java/lang/NoSuchMethodError'{0x00000000c7533f18}: 'void java.lang.invoke.DirectMethodHandle$Holder.invokeStatic(java.lang.Object, java.lang.Object, java.lang.Object, java.lang.Object)'> (0x00000000c7533f18) 
thrown [s\src\hotspot\share\interpreter\linkResolver.cpp, line 759]
Event: 2.416 Thread 0x0000018e39379c70 Exception <a 'java/lang/NoSuchMethodError'{0x00000000c7387e20}: 'java.lang.Object java.lang.invoke.DirectMethodHandle$Holder.invokeSpecial(java.lang.Object, java.lang.Object, java.lang.Object, java.lang.Object, int)'> (0x00000000c7387e20) 
thrown [s\src\hotspot\share\interpreter\linkResolver.cpp, line 759]
Event: 2.416 Thread 0x0000018e39379c70 Exception <a 'java/lang/NoSuchMethodError'{0x00000000c738b9e8}: 'java.lang.Object java.lang.invoke.Invokers$Holder.linkToTargetMethod(java.lang.Object, java.lang.Object, int, java.lang.Object)'> (0x00000000c738b9e8) 
thrown [s\src\hotspot\share\interpreter\linkResolver.cpp, line 759]
Event: 2.438 Thread 0x0000018e39379c70 Exception <a 'java/lang/NoSuchMethodError'{0x00000000c72d3448}: 'void java.lang.invoke.DirectMethodHandle$Holder.invokeSpecial(java.lang.Object, java.lang.Object, java.lang.Object, java.lang.Object, java.lang.Object)'> (0x00000000c72d3448) 
thrown [s\src\hotspot\share\interpreter\linkResolver.cpp, line 759]
Event: 6.955 Thread 0x0000018e39379c70 Exception <a 'java/lang/NoSuchMethodError'{0x00000000c7069808}: 'void java.lang.invoke.DirectMethodHandle$Holder.invokeSpecial(java.lang.Object, java.lang.Object, java.lang.Object, java.lang.Object, java.lang.Object, java.lang.Object, java.lang.Object)'> (0x00000000c7069808) 
thrown [s\src\hotspot\share\interpreter\linkResolver.cpp, line 759]
Event: 7.021 Thread 0x0000018e1c7c3910 Exception <a 'java/lang/NoSuchMethodError'{0x00000000c6e27aa8}: 'java.lang.Object java.lang.invoke.DirectMethodHandle$Holder.invokeSpecialIFC(java.lang.Object, java.lang.Object, java.lang.Object)'> (0x00000000c6e27aa8) 
thrown [s\src\hotspot\share\interpreter\linkResolver.cpp, line 759]
Event: 7.172 Thread 0x0000018e1c7c3910 Exception <a 'java/lang/ClassNotFoundException'{0x00000000c6af02f8}: sun/util/logging/resources/spi/loggingProvider> (0x00000000c6af02f8) 
thrown [s\src\hotspot\share\classfile\systemDictionary.cpp, line 256]

VM Operations (20 events):
Event: 1.229 Executing VM operation: HandshakeAllThreads
Event: 1.229 Executing VM operation: HandshakeAllThreads done
Event: 1.331 Executing VM operation: G1CollectForAllocation
Event: 1.349 Executing VM operation: G1CollectForAllocation done
Event: 2.072 Executing VM operation: HandshakeAllThreads
Event: 2.073 Executing VM operation: HandshakeAllThreads done
Event: 2.078 Executing VM operation: HandshakeAllThreads
Event: 2.078 Executing VM operation: HandshakeAllThreads done
Event: 2.330 Executing VM operation: CollectForMetadataAllocation
Event: 2.343 Executing VM operation: CollectForMetadataAllocation done
Event: 2.356 Executing VM operation: G1PauseRemark
Event: 2.358 Executing VM operation: G1PauseRemark done
Event: 2.363 Executing VM operation: G1PauseCleanup
Event: 2.366 Executing VM operation: G1PauseCleanup done
Event: 3.380 Executing VM operation: Cleanup
Event: 3.381 Executing VM operation: Cleanup done
Event: 6.934 Executing VM operation: HandshakeAllThreads
Event: 6.935 Executing VM operation: HandshakeAllThreads done
Event: 6.935 Executing VM operation: Cleanup
Event: 6.935 Executing VM operation: Cleanup done

Events (20 events):
Event: 7.172 loading class sun/util/logging/resources/logging
Event: 7.176 loading class sun/util/logging/resources/logging done
Event: 7.176 loading class java/util/ResourceBundle$BundleReference
Event: 7.176 loading class java/util/ResourceBundle$BundleReference done
Event: 7.177 loading class sun/util/logging/resources/logging_en
Event: 7.177 loading class sun/util/logging/resources/logging_en done
Event: 7.177 loading class sun/util/logging/resources/logging_en
Event: 7.177 loading class sun/util/logging/resources/logging_en done
Event: 7.178 loading class sun/util/logging/resources/logging_en_US
Event: 7.178 loading class sun/util/logging/resources/logging_en_US done
Event: 7.178 loading class sun/util/logging/resources/logging_en_US
Event: 7.178 loading class sun/util/logging/resources/logging_en_US done
Event: 7.178 loading class java/util/Formatter$DateTime
Event: 7.178 loading class java/util/Formatter$DateTime done
Event: 7.179 loading class java/time/ZonedDateTime$1
Event: 7.179 loading class java/time/ZonedDateTime$1 done
Event: 7.179 loading class java/time/LocalDate$1
Event: 7.179 loading class java/time/LocalDate$1 done
Event: 7.179 loading class java/time/LocalTime$1
Event: 7.179 loading class java/time/LocalTime$1 done


Dynamic libraries:
0x00007ff7cc8f0000 - 0x00007ff7cc8fe000 	C:\Users\Manish\.p2\pool\plugins\org.eclipse.justj.openjdk.hotspot.jre.full.win32.x86_64_17.0.11.v20240426-1830\jre\bin\javaw.exe
0x00007ff987f70000 - 0x00007ff988168000 	C:\Windows\SYSTEM32\ntdll.dll
0x00007ff987080000 - 0x00007ff987141000 	C:\Windows\System32\KERNEL32.DLL
0x00007ff985a50000 - 0x00007ff985d46000 	C:\Windows\System32\KERNELBASE.dll
0x00007ff985d50000 - 0x00007ff985e50000 	C:\Windows\System32\ucrtbase.dll
0x00007ff97d340000 - 0x00007ff97d357000 	C:\Users\Manish\.p2\pool\plugins\org.eclipse.justj.openjdk.hotspot.jre.full.win32.x86_64_17.0.11.v20240426-1830\jre\bin\jli.dll
0x00007ff97aa90000 - 0x00007ff97aaab000 	C:\Users\Manish\.p2\pool\plugins\org.eclipse.justj.openjdk.hotspot.jre.full.win32.x86_64_17.0.11.v20240426-1830\jre\bin\VCRUNTIME140.dll
0x00007ff985fe0000 - 0x00007ff98617f000 	C:\Windows\System32\USER32.dll
0x00007ff985ea0000 - 0x00007ff985ec2000 	C:\Windows\System32\win32u.dll
0x00007ff985fa0000 - 0x00007ff985fcb000 	C:\Windows\System32\GDI32.dll
0x00007ff964b00000 - 0x00007ff964d9a000 	C:\Windows\WinSxS\amd64_microsoft.windows.common-controls_6595b64144ccf1df_6.0.19041.4355_none_60b8b9eb71f62e16\COMCTL32.dll
0x00007ff9858c0000 - 0x00007ff9859d7000 	C:\Windows\System32\gdi32full.dll
0x00007ff987c50000 - 0x00007ff987cee000 	C:\Windows\System32\msvcrt.dll
0x00007ff985f00000 - 0x00007ff985f9d000 	C:\Windows\System32\msvcp_win.dll
0x00007ff986e80000 - 0x00007ff986eaf000 	C:\Windows\System32\IMM32.DLL
0x00007ff97d320000 - 0x00007ff97d32c000 	C:\Users\Manish\.p2\pool\plugins\org.eclipse.justj.openjdk.hotspot.jre.full.win32.x86_64_17.0.11.v20240426-1830\jre\bin\vcruntime140_1.dll
0x00007ff95e510000 - 0x00007ff95e59d000 	C:\Users\Manish\.p2\pool\plugins\org.eclipse.justj.openjdk.hotspot.jre.full.win32.x86_64_17.0.11.v20240426-1830\jre\bin\msvcp140.dll
0x00007ff935e00000 - 0x00007ff936a62000 	C:\Users\Manish\.p2\pool\plugins\org.eclipse.justj.openjdk.hotspot.jre.full.win32.x86_64_17.0.11.v20240426-1830\jre\bin\server\jvm.dll
0x00007ff9865e0000 - 0x00007ff986690000 	C:\Windows\System32\ADVAPI32.dll
0x00007ff986540000 - 0x00007ff9865e0000 	C:\Windows\System32\sechost.dll
0x00007ff9873b0000 - 0x00007ff9874d3000 	C:\Windows\System32\RPCRT4.dll
0x00007ff985ed0000 - 0x00007ff985ef7000 	C:\Windows\System32\bcrypt.dll
0x00007ff984a70000 - 0x00007ff984abb000 	C:\Windows\SYSTEM32\POWRPROF.dll
0x00007ff961270000 - 0x00007ff961297000 	C:\Windows\SYSTEM32\WINMM.dll
0x00007ff97ada0000 - 0x00007ff97adaa000 	C:\Windows\SYSTEM32\VERSION.dll
0x00007ff969850000 - 0x00007ff969859000 	C:\Windows\SYSTEM32\WSOCK32.dll
0x00007ff987270000 - 0x00007ff9872db000 	C:\Windows\System32\ws2_32.DLL
0x00007ff984a10000 - 0x00007ff984a22000 	C:\Windows\SYSTEM32\UMPDC.dll
0x00007ff983e30000 - 0x00007ff983e42000 	C:\Windows\SYSTEM32\kernel.appcore.dll
0x00007ff97d2f0000 - 0x00007ff97d2fa000 	C:\Users\Manish\.p2\pool\plugins\org.eclipse.justj.openjdk.hotspot.jre.full.win32.x86_64_17.0.11.v20240426-1830\jre\bin\jimage.dll
0x00007ff983ac0000 - 0x00007ff983ca4000 	C:\Windows\SYSTEM32\DBGHELP.DLL
0x00007ff96cbe0000 - 0x00007ff96cc14000 	C:\Windows\SYSTEM32\dbgcore.DLL
0x00007ff985780000 - 0x00007ff985802000 	C:\Windows\System32\bcryptPrimitives.dll
0x00007ff9796e0000 - 0x00007ff979705000 	C:\Users\Manish\.p2\pool\plugins\org.eclipse.justj.openjdk.hotspot.jre.full.win32.x86_64_17.0.11.v20240426-1830\jre\bin\java.dll
0x00007ff976680000 - 0x00007ff976698000 	C:\Users\Manish\.p2\pool\plugins\org.eclipse.justj.openjdk.hotspot.jre.full.win32.x86_64_17.0.11.v20240426-1830\jre\bin\zip.dll
0x00007ff9874e0000 - 0x00007ff987c4c000 	C:\Windows\System32\SHELL32.dll
0x00007ff983200000 - 0x00007ff98399e000 	C:\Windows\SYSTEM32\windows.storage.dll
0x00007ff9861e0000 - 0x00007ff986533000 	C:\Windows\System32\combase.dll
0x00007ff985040000 - 0x00007ff98506e000 	C:\Windows\SYSTEM32\Wldp.dll
0x00007ff9872e0000 - 0x00007ff9873ad000 	C:\Windows\System32\OLEAUT32.dll
0x00007ff9868a0000 - 0x00007ff98694d000 	C:\Windows\System32\SHCORE.dll
0x00007ff986180000 - 0x00007ff9861d5000 	C:\Windows\System32\shlwapi.dll
0x00007ff985550000 - 0x00007ff985574000 	C:\Windows\SYSTEM32\profapi.dll
0x00007ff975c70000 - 0x00007ff975c89000 	C:\Users\Manish\.p2\pool\plugins\org.eclipse.justj.openjdk.hotspot.jre.full.win32.x86_64_17.0.11.v20240426-1830\jre\bin\net.dll
0x00007ff97e110000 - 0x00007ff97e21a000 	C:\Windows\SYSTEM32\WINHTTP.dll
0x00007ff984da0000 - 0x00007ff984e0a000 	C:\Windows\system32\mswsock.dll
0x00007ff969970000 - 0x00007ff969986000 	C:\Users\Manish\.p2\pool\plugins\org.eclipse.justj.openjdk.hotspot.jre.full.win32.x86_64_17.0.11.v20240426-1830\jre\bin\nio.dll
0x00007ff984f90000 - 0x00007ff984fa8000 	C:\Windows\SYSTEM32\CRYPTSP.dll
0x00007ff984650000 - 0x00007ff984684000 	C:\Windows\system32\rsaenh.dll
0x00007ff985500000 - 0x00007ff98552e000 	C:\Windows\SYSTEM32\USERENV.dll
0x00007ff984fb0000 - 0x00007ff984fbc000 	C:\Windows\SYSTEM32\CRYPTBASE.dll
0x00007ff984a30000 - 0x00007ff984a6b000 	C:\Windows\SYSTEM32\IPHLPAPI.DLL
0x00007ff985fd0000 - 0x00007ff985fd8000 	C:\Windows\System32\NSI.dll
0x00007ff978e20000 - 0x00007ff978e37000 	C:\Windows\SYSTEM32\dhcpcsvc6.DLL
0x00007ff979cb0000 - 0x00007ff979ccd000 	C:\Windows\SYSTEM32\dhcpcsvc.DLL
0x00007ff984ad0000 - 0x00007ff984b9a000 	C:\Windows\SYSTEM32\DNSAPI.dll
0x00007ff97cf90000 - 0x00007ff97cfa0000 	C:\Users\Manish\.p2\pool\plugins\org.eclipse.justj.openjdk.hotspot.jre.full.win32.x86_64_17.0.11.v20240426-1830\jre\bin\verify.dll
0x00007ff97f030000 - 0x00007ff97f039000 	C:\Users\Manish\.p2\pool\plugins\org.eclipse.justj.openjdk.hotspot.jre.full.win32.x86_64_17.0.11.v20240426-1830\jre\bin\extnet.dll
0x00007ff97ad90000 - 0x00007ff97ad9a000 	C:\Windows\System32\rasadhlp.dll
0x00007ff9780e0000 - 0x00007ff978160000 	C:\Windows\System32\fwpuclnt.dll
0x00007ff97cf60000 - 0x00007ff97cf6e000 	C:\Users\Manish\.p2\pool\plugins\org.eclipse.justj.openjdk.hotspot.jre.full.win32.x86_64_17.0.11.v20240426-1830\jre\bin\sunmscapi.dll
0x00007ff985620000 - 0x00007ff98577e000 	C:\Windows\System32\CRYPT32.dll
0x00007ff9850b0000 - 0x00007ff9850d9000 	C:\Windows\SYSTEM32\ncrypt.dll
0x00007ff985070000 - 0x00007ff9850ab000 	C:\Windows\SYSTEM32\NTASN1.dll
0x00007ff96b0d0000 - 0x00007ff96b0d7000 	C:\Windows\system32\wshunix.dll

dbghelp: loaded successfully - version: 4.0.5 - missing functions: none
symbol engine: initialized successfully - sym options: 0x614 - pdb path: .;C:\Users\Manish\.p2\pool\plugins\org.eclipse.justj.openjdk.hotspot.jre.full.win32.x86_64_17.0.11.v20240426-1830\jre\bin;C:\Windows\SYSTEM32;C:\Windows\WinSxS\amd64_microsoft.windows.common-controls_6595b64144ccf1df_6.0.19041.4355_none_60b8b9eb71f62e16;C:\Users\Manish\.p2\pool\plugins\org.eclipse.justj.openjdk.hotspot.jre.full.win32.x86_64_17.0.11.v20240426-1830\jre\bin\server

VM Arguments:
jvm_args: -Dfile.encoding=UTF-8 -Dstdout.encoding=UTF-8 -Dstderr.encoding=UTF-8 -XX:+ShowCodeDetailsInExceptionMessages 
java_command: Selenium.WindowHandles
java_class_path (initial): C:\Users\Manish\git\repository11\ManishProject\target\test-classes;C:\Users\Manish\git\repository11\ManishProject\target\classes;C:\Users\Manish\.p2\pool\plugins\org.testng_7.4.0.r202105021533.jar;C:\Users\Manish\.p2\pool\plugins\com.beust.jcommander_1.78.0.jar;C:\Users\Manish\.p2\pool\plugins\org.apache-extras.beanshell.bsh_2.0.0.b6.jar;C:\Users\Manish\.p2\pool\plugins\org.yaml.snakeyaml_1.21.0.jar;C:\Users\Manish\.p2\pool\plugins\org.webjars.jquery_3.5.1.jar;C:\Users\Manish\.m2\repository\org\seleniumhq\selenium\selenium-java\4.16.1\selenium-java-4.16.1.jar;C:\Users\Manish\.m2\repository\org\seleniumhq\selenium\selenium-api\4.16.1\selenium-api-4.16.1.jar;C:\Users\Manish\.m2\repository\org\seleniumhq\selenium\selenium-chrome-driver\4.16.1\selenium-chrome-driver-4.16.1.jar;C:\Users\Manish\.m2\repository\com\google\auto\service\auto-service-annotations\1.1.1\auto-service-annotations-1.1.1.jar;C:\Users\Manish\.m2\repository\org\seleniumhq\selenium\selenium-chromium-driver\4.16.1\selenium-chromium-driver-4.16.1.jar;C:\Users\Manish\.m2\repository\org\seleniumhq\selenium\selenium-json\4.16.1\selenium-json-4.16.1.jar;C:\Users\Manish\.m2\repository\org\seleniumhq\selenium\selenium-manager\4.16.1\selenium-manager-4.16.1.jar;C:\Users\Manish\.m2\repository\org\seleniumhq\selenium\selenium-devtools-v118\4.16.1\selenium-devtools-v118-4.16.1.jar;C:\Users\Manish\.m2\repository\org\seleniumhq\selenium\selenium-devtools-v119\4.16.1\selenium-devtools-v119-4.16.1.jar;C:\Users\Manish\.m2\repository\org\seleniumhq\selenium\selenium-devtools-v120\4.16.1\selenium-devtools-v120-4.16.1.jar;C:\Users\Manish\.m2\repository\org\seleniumhq\selenium\selenium-devtools-v85\4.16.1\selenium-devtools-v85-4.16.1.jar;C:\Users\Manish\.m2\repository\org\seleniumhq\selenium\selenium-edge-driver\4.16.1\selenium-edge-driver-4.16.1.jar;C:\Users\Manish\.m2\repository\org\seleniumhq\selenium\selenium-firefox-driver\4.16.1\selenium-firefox-driver-4.16.1.jar;C:\Users\Manish\.m2\repos
Launcher Type: SUN_STANDARD

[Global flags]
     intx CICompilerCount                          = 4                                         {product} {ergonomic}
     uint ConcGCThreads                            = 2                                         {product} {ergonomic}
     uint G1ConcRefinementThreads                  = 8                                         {product} {ergonomic}
   size_t G1HeapRegionSize                         = 1048576                                   {product} {ergonomic}
    uintx GCDrainStackTargetSize                   = 64                                        {product} {ergonomic}
   size_t InitialHeapSize                          = 65011712                                  {product} {ergonomic}
   size_t MarkStackSize                            = 4194304                                   {product} {ergonomic}
   size_t MaxHeapSize                              = 1015021568                                {product} {ergonomic}
   size_t MaxNewSize                               = 608174080                                 {product} {ergonomic}
   size_t MinHeapDeltaBytes                        = 1048576                                   {product} {ergonomic}
   size_t MinHeapSize                              = 8388608                                   {product} {ergonomic}
    uintx NonNMethodCodeHeapSize                   = 5839372                                {pd product} {ergonomic}
    uintx NonProfiledCodeHeapSize                  = 122909434                              {pd product} {ergonomic}
    uintx ProfiledCodeHeapSize                     = 122909434                              {pd product} {ergonomic}
    uintx ReservedCodeCacheSize                    = 251658240                              {pd product} {ergonomic}
     bool SegmentedCodeCache                       = true                                      {product} {ergonomic}
     bool ShowCodeDetailsInExceptionMessages       = true                                   {manageable} {command line}
   size_t SoftMaxHeapSize                          = 1015021568                             {manageable} {ergonomic}
     bool UseCompressedClassPointers               = true                           {product lp64_product} {ergonomic}
     bool UseCompressedOops                        = true                           {product lp64_product} {ergonomic}
     bool UseG1GC                                  = true                                      {product} {ergonomic}
     bool UseLargePagesIndividualAllocation        = false                                  {pd product} {ergonomic}

Logging:
Log output configuration:
 #0: stdout all=warning uptime,level,tags
 #1: stderr all=off uptime,level,tags

Environment Variables:
JAVA_HOME=C:\Program Files\Java\jdk-17
PATH=C:/Users/Manish/.p2/pool/plugins/org.eclipse.justj.openjdk.hotspot.jre.full.win32.x86_64_17.0.11.v20240426-1830/jre/bin/server;C:/Users/Manish/.p2/pool/plugins/org.eclipse.justj.openjdk.hotspot.jre.full.win32.x86_64_17.0.11.v20240426-1830/jre/bin;C:\Program Files\Java\jdk-17\bin;C:\Program Files\Common Files\Oracle\Java\javapath;C:\Windows\system32;C:\Windows;C:\Windows\System32\Wbem;C:\Windows\System32\WindowsPowerShell\v1.0\;C:\Windows\System32\OpenSSH\;C:\Users\Manish\Downloads\apache-maven-3.9.7-bin\apache-maven-3.9.7\bin;C:\Program Files\Git\cmd;C:\Program Files\nodejs\;C:\Users\Manish\AppData\Local\Microsoft\WindowsApps;C:\Program Files\Java\jdk-22\bin;C:\Program Files\Java\jdk-22\lib;C:\Users\Manish\AppData\Local\GitHubDesktop\bin;C:\Users\Manish\AppData\Roaming\npm;C:\Users\Manish\Desktop;
USERNAME=Manish
OS=Windows_NT
PROCESSOR_IDENTIFIER=Intel64 Family 6 Model 142 Stepping 11, GenuineIntel
TMP=C:\Users\Manish\AppData\Local\Temp
TEMP=C:\Users\Manish\AppData\Local\Temp



Periodic native trim disabled


---------------  S Y S T E M  ---------------

OS:
 Windows 10 , 64 bit Build 19041 (10.0.19041.4597)
OS uptime: 1 days 2:50 hours

CPU: total 8 (initial active 8) (4 cores per cpu, 2 threads per core) family 6 model 142 stepping 11 microcode 0xec, cx8, cmov, fxsr, ht, mmx, 3dnowpref, sse, sse2, sse3, ssse3, sse4.1, sse4.2, popcnt, lzcnt, tsc, tscinvbit, avx, avx2, aes, erms, clmul, bmi1, bmi2, adx, fma, vzeroupper, clflush, clflushopt
Processor Information for all 8 processors :
  Max Mhz: 1800, Current Mhz: 1600, Mhz Limit: 1584

Memory: 4k page, system-wide physical 3870M (58M free)
TotalPageFile size 15646M (AvailPageFile size 26M)
current process WorkingSet (physical memory assigned to process): 130M, peak: 133M
current process commit charge ("private bytes"): 186M, peak: 189M

vm_info: OpenJDK 64-Bit Server VM (17.0.11+9) for windows-amd64 JRE (17.0.11+9), built on Apr 17 2024 06:07:48 by "admin" with MS VC++ 16.10 / 16.11 (VS2019)

END.
