#
# There is insufficient memory for the Java Runtime Environment to continue.
# Native memory allocation (malloc) failed to allocate 32744 bytes. Error detail: ChunkPool::allocate
# Possible reasons:
#   The system is out of physical RAM or swap space
#   This process is running with CompressedOops enabled, and the Java Heap may be blocking the growth of the native heap
# Possible solutions:
#   Reduce memory load on the system
#   Increase physical memory or swap space
#   Check if swap backing store is full
#   Decrease Java heap size (-Xmx/-Xms)
#   Decrease number of Java threads
#   Decrease Java thread stack sizes (-Xss)
#   Set larger code cache with -XX:ReservedCodeCacheSize=
#   JVM is running with Unscaled Compressed Oops mode in which the Java heap is
#     placed in the first 4GB address space. The Java Heap base address is the
#     maximum limit for the native heap growth. Please use -XX:HeapBaseMinAddress
#     to set the Java Heap base and to place the Java Heap above 4GB virtual address.
# This output file may be truncated or incomplete.
#
#  Out of Memory Error (arena.cpp:79), pid=18316, tid=21144
#
# JRE version: OpenJDK Runtime Environment Temurin-17.0.11+9 (17.0.11+9) (build 17.0.11+9)
# Java VM: OpenJDK 64-Bit Server VM Temurin-17.0.11+9 (17.0.11+9, mixed mode, tiered, compressed oops, compressed class ptrs, g1 gc, windows-amd64)
# No core dump will be written. Minidumps are not enabled by default on client versions of Windows
#

---------------  S U M M A R Y ------------

Command Line: -Dfile.encoding=UTF-8 -Dstdout.encoding=UTF-8 -Dstderr.encoding=UTF-8 -XX:+ShowCodeDetailsInExceptionMessages Selenium.WindowHandles

Host: Intel(R) Core(TM) i5-8265U CPU @ 1.60GHz, 8 cores, 3G,  Windows 10 , 64 bit Build 19041 (10.0.19041.4597)
Time: Fri Oct 11 23:01:00 2024 India Standard Time elapsed time: 10.249857 seconds (0d 0h 0m 10s)

---------------  T H R E A D  ---------------

Current thread (0x000001e0c7642d70):  JavaThread "C2 CompilerThread0" daemon [_thread_in_native, id=21144, stack(0x0000006f9f400000,0x0000006f9f500000)]


Current CompileTask:
C2:  10249 2173       4       java.util.Arrays::copyOf (40 bytes)

Stack: [0x0000006f9f400000,0x0000006f9f500000]
Native frames: (J=compiled Java code, j=interpreted, Vv=VM code, C=native code)
V  [jvm.dll+0x67d429]
V  [jvm.dll+0x834b7a]
V  [jvm.dll+0x83663e]
V  [jvm.dll+0x836ca3]
V  [jvm.dll+0x247dbf]
V  [jvm.dll+0xac731]
V  [jvm.dll+0xacb7c]
V  [jvm.dll+0x21b1ae]
V  [jvm.dll+0x218fba]
V  [jvm.dll+0x1a534d]
V  [jvm.dll+0x2295cd]
V  [jvm.dll+0x22779c]
V  [jvm.dll+0x7e9d07]
V  [jvm.dll+0x7e410a]
V  [jvm.dll+0x67c315]
C  [ucrtbase.dll+0x21bb2]
C  [KERNEL32.DLL+0x17374]
C  [ntdll.dll+0x4cc91]


---------------  P R O C E S S  ---------------

Threads class SMR info:
_java_thread_list=0x000001e0cd31bfe0, length=22, elements={
0x000001e0afc94590, 0x000001e0c7501430, 0x000001e0c7504540, 0x000001e0c7525290,
0x000001e0c7525d60, 0x000001e0c7529670, 0x000001e0c752a080, 0x000001e0c7642d70,
0x000001e0c7649fe0, 0x000001e0c764a9e0, 0x000001e0c752aaa0, 0x000001e0c752c3f0,
0x000001e0c752b4c0, 0x000001e0c752afb0, 0x000001e0c752c900, 0x000001e0c752d320,
0x000001e0c752bee0, 0x000001e0c752ce10, 0x000001e0c752d830, 0x000001e0c752a590,
0x000001e0ccd94690, 0x000001e0ccd8eb70
}

Java Threads: ( => current thread )
  0x000001e0afc94590 JavaThread "Forwarding newSession on session null to remote" [_thread_in_native, id=10092, stack(0x0000006f9e700000,0x0000006f9e800000)]
  0x000001e0c7501430 JavaThread "Reference Handler" daemon [_thread_blocked, id=20904, stack(0x0000006f9ee00000,0x0000006f9ef00000)]
  0x000001e0c7504540 JavaThread "Finalizer" daemon [_thread_blocked, id=10920, stack(0x0000006f9ef00000,0x0000006f9f000000)]
  0x000001e0c7525290 JavaThread "Signal Dispatcher" daemon [_thread_blocked, id=21900, stack(0x0000006f9f000000,0x0000006f9f100000)]
  0x000001e0c7525d60 JavaThread "Attach Listener" daemon [_thread_blocked, id=22044, stack(0x0000006f9f100000,0x0000006f9f200000)]
  0x000001e0c7529670 JavaThread "Service Thread" daemon [_thread_blocked, id=22032, stack(0x0000006f9f200000,0x0000006f9f300000)]
  0x000001e0c752a080 JavaThread "Monitor Deflation Thread" daemon [_thread_blocked, id=10040, stack(0x0000006f9f300000,0x0000006f9f400000)]
=>0x000001e0c7642d70 JavaThread "C2 CompilerThread0" daemon [_thread_in_native, id=21144, stack(0x0000006f9f400000,0x0000006f9f500000)]
  0x000001e0c7649fe0 JavaThread "C1 CompilerThread0" daemon [_thread_blocked, id=2448, stack(0x0000006f9f500000,0x0000006f9f600000)]
  0x000001e0c764a9e0 JavaThread "Sweeper thread" daemon [_thread_blocked, id=20780, stack(0x0000006f9f600000,0x0000006f9f700000)]
  0x000001e0c752aaa0 JavaThread "Notification Thread" daemon [_thread_blocked, id=8892, stack(0x0000006f9f700000,0x0000006f9f800000)]
  0x000001e0c752c3f0 JavaThread "Common-Cleaner" daemon [_thread_blocked, id=18992, stack(0x0000006f9f900000,0x0000006f9fa00000)]
  0x000001e0c752b4c0 JavaThread "ForkJoinPool.commonPool-worker-1" daemon [_thread_blocked, id=22216, stack(0x0000006fa0200000,0x0000006fa0300000)]
  0x000001e0c752afb0 JavaThread "HttpClient-1-SelectorManager" daemon [_thread_in_native, id=21920, stack(0x0000006fa0400000,0x0000006fa0500000)]
  0x000001e0c752c900 JavaThread "External Process Output Forwarder - C:\Users\Manish\.cache\selenium\chromedriver\win64\129.0.6668.100\chromedriver.exe" [_thread_in_native, id=22212, stack(0x0000006fa0500000,0x0000006fa0600000)]
  0x000001e0c752d320 JavaThread "Driver Service Executor" daemon [_thread_blocked, id=21940, stack(0x0000006fa0600000,0x0000006fa0700000)]
  0x000001e0c752bee0 JavaThread "Driver Service Executor" daemon [_thread_in_native, id=22224, stack(0x0000006fa0700000,0x0000006fa0800000)]
  0x000001e0c752ce10 JavaThread "UrlChecker-2" daemon [_thread_blocked, id=21964, stack(0x0000006fa0800000,0x0000006fa0900000)]
  0x000001e0c752d830 JavaThread "Keep-Alive-Timer" daemon [_thread_blocked, id=21836, stack(0x0000006fa0900000,0x0000006fa0a00000)]
  0x000001e0c752a590 JavaThread "pool-1-thread-1" [_thread_blocked, id=21860, stack(0x0000006fa0a00000,0x0000006fa0b00000)]
  0x000001e0ccd94690 JavaThread "pool-1-thread-2" [_thread_blocked, id=16928, stack(0x0000006fa0b00000,0x0000006fa0c00000)]
  0x000001e0ccd8eb70 JavaThread "pool-1-thread-3" [_thread_blocked, id=22248, stack(0x0000006fa0c00000,0x0000006fa0d00000)]

Other Threads:
  0x000001e0c74841b0 VMThread "VM Thread" [stack: 0x0000006f9ed00000,0x0000006f9ee00000] [id=15784]
  0x000001e0c77bdae0 WatcherThread [stack: 0x0000006f9f800000,0x0000006f9f900000] [id=17976]
  0x000001e0afcd0020 GCTaskThread "GC Thread#0" [stack: 0x0000006f9e800000,0x0000006f9e900000] [id=6376]
  0x000001e0ccb3b5f0 GCTaskThread "GC Thread#1" [stack: 0x0000006f9fa00000,0x0000006f9fb00000] [id=5640]
  0x000001e0cc91a570 GCTaskThread "GC Thread#2" [stack: 0x0000006f9fb00000,0x0000006f9fc00000] [id=3356]
  0x000001e0cce74bb0 GCTaskThread "GC Thread#3" [stack: 0x0000006f9fc00000,0x0000006f9fd00000] [id=20532]
  0x000001e0cc7bde20 GCTaskThread "GC Thread#4" [stack: 0x0000006f9fd00000,0x0000006f9fe00000] [id=17312]
  0x000001e0ccb3b8b0 GCTaskThread "GC Thread#5" [stack: 0x0000006f9fe00000,0x0000006f9ff00000] [id=16432]
  0x000001e0ccb3bb70 GCTaskThread "GC Thread#6" [stack: 0x0000006f9ff00000,0x0000006fa0000000] [id=14168]
  0x000001e0cc3c3450 GCTaskThread "GC Thread#7" [stack: 0x0000006fa0000000,0x0000006fa0100000] [id=6460]
  0x000001e0afcd9010 ConcurrentGCThread "G1 Main Marker" [stack: 0x0000006f9e900000,0x0000006f9ea00000] [id=14844]
  0x000001e0afcd9a30 ConcurrentGCThread "G1 Conc#0" [stack: 0x0000006f9ea00000,0x0000006f9eb00000] [id=19620]
  0x000001e0cceac020 ConcurrentGCThread "G1 Conc#1" [stack: 0x0000006fa0300000,0x0000006fa0400000] [id=21924]
  0x000001e0afd29ce0 ConcurrentGCThread "G1 Refine#0" [stack: 0x0000006f9eb00000,0x0000006f9ec00000] [id=9448]
  0x000001e0afd2a710 ConcurrentGCThread "G1 Service" [stack: 0x0000006f9ec00000,0x0000006f9ed00000] [id=18712]

Threads with active compile tasks:
C2 CompilerThread0    10314 2173       4       java.util.Arrays::copyOf (40 bytes)

VM state: not at safepoint (normal execution)

VM Mutex/Monitor currently owned by a thread: None

Heap address: 0x00000000c3800000, size: 968 MB, Compressed Oops mode: 32-bit

CDS archive(s) not mapped
Compressed class space mapped at: 0x0000000100000000-0x0000000140000000, reserved size: 1073741824
Narrow klass base: 0x0000000000000000, Narrow klass shift: 3, Narrow klass range: 0x140000000

GC Precious Log:
 CPUs: 8 total, 8 available
 Memory: 3870M
 Large Page Support: Disabled
 NUMA Support: Disabled
 Compressed Oops: Enabled (32-bit)
 Heap Region Size: 1M
 Heap Min Capacity: 8M
 Heap Initial Capacity: 62M
 Heap Max Capacity: 968M
 Pre-touch: Disabled
 Parallel Workers: 8
 Concurrent Workers: 2
 Concurrent Refinement Workers: 8
 Periodic GC: Disabled

Heap:
 garbage-first heap   total 63488K, used 32889K [0x00000000c3800000, 0x0000000100000000)
  region size 1024K, 18 young (18432K), 2 survivors (2048K)
 Metaspace       used 25796K, committed 26048K, reserved 1114112K
  class space    used 2833K, committed 2944K, reserved 1048576K

Heap Regions: E=young(eden), S=young(survivor), O=old, HS=humongous(starts), HC=humongous(continues), CS=collection set, F=free, OA=open archive, CA=closed archive, TAMS=top-at-mark-start (previous, next)
|   0|0x00000000c3800000, 0x00000000c3900000, 0x00000000c3900000|100%|HS|  |TAMS 0x00000000c3900000, 0x00000000c3800000| Complete 
|   1|0x00000000c3900000, 0x00000000c3a00000, 0x00000000c3a00000|100%| O|  |TAMS 0x00000000c3a00000, 0x00000000c3900000| Untracked 
|   2|0x00000000c3a00000, 0x00000000c3b00000, 0x00000000c3b00000|100%| O|  |TAMS 0x00000000c3b00000, 0x00000000c3a00000| Untracked 
|   3|0x00000000c3b00000, 0x00000000c3c00000, 0x00000000c3c00000|100%| O|  |TAMS 0x00000000c3c00000, 0x00000000c3b00000| Untracked 
|   4|0x00000000c3c00000, 0x00000000c3d00000, 0x00000000c3d00000|100%| O|  |TAMS 0x00000000c3d00000, 0x00000000c3c00000| Untracked 
|   5|0x00000000c3d00000, 0x00000000c3e00000, 0x00000000c3e00000|100%| O|  |TAMS 0x00000000c3e00000, 0x00000000c3d00000| Untracked 
|   6|0x00000000c3e00000, 0x00000000c3f00000, 0x00000000c3f00000|100%| O|  |TAMS 0x00000000c3f00000, 0x00000000c3e00000| Untracked 
|   7|0x00000000c3f00000, 0x00000000c4000000, 0x00000000c4000000|100%| O|  |TAMS 0x00000000c4000000, 0x00000000c3f00000| Untracked 
|   8|0x00000000c4000000, 0x00000000c4100000, 0x00000000c4100000|100%| O|  |TAMS 0x00000000c4100000, 0x00000000c4000000| Untracked 
|   9|0x00000000c4100000, 0x00000000c4200000, 0x00000000c4200000|100%| O|  |TAMS 0x00000000c4200000, 0x00000000c4100000| Untracked 
|  10|0x00000000c4200000, 0x00000000c4300000, 0x00000000c4300000|100%| O|  |TAMS 0x00000000c4300000, 0x00000000c4200000| Untracked 
|  11|0x00000000c4300000, 0x00000000c4400000, 0x00000000c4400000|100%| O|  |TAMS 0x00000000c4400000, 0x00000000c4300000| Untracked 
|  12|0x00000000c4400000, 0x00000000c4500000, 0x00000000c4500000|100%| O|  |TAMS 0x00000000c4452a00, 0x00000000c4400000| Untracked 
|  13|0x00000000c4500000, 0x00000000c4600000, 0x00000000c4600000|100%| O|  |TAMS 0x00000000c4500000, 0x00000000c4500000| Untracked 
|  14|0x00000000c4600000, 0x00000000c4700000, 0x00000000c4700000|100%| O|  |TAMS 0x00000000c4600000, 0x00000000c4600000| Untracked 
|  15|0x00000000c4700000, 0x00000000c47d8200, 0x00000000c4800000| 84%| O|  |TAMS 0x00000000c4700000, 0x00000000c4700000| Untracked 
|  16|0x00000000c4800000, 0x00000000c4800000, 0x00000000c4900000|  0%| F|  |TAMS 0x00000000c4800000, 0x00000000c4800000| Untracked 
|  17|0x00000000c4900000, 0x00000000c4900000, 0x00000000c4a00000|  0%| F|  |TAMS 0x00000000c4900000, 0x00000000c4900000| Untracked 
|  18|0x00000000c4a00000, 0x00000000c4a00000, 0x00000000c4b00000|  0%| F|  |TAMS 0x00000000c4a00000, 0x00000000c4a00000| Untracked 
|  19|0x00000000c4b00000, 0x00000000c4b00000, 0x00000000c4c00000|  0%| F|  |TAMS 0x00000000c4b00000, 0x00000000c4b00000| Untracked 
|  20|0x00000000c4c00000, 0x00000000c4c00000, 0x00000000c4d00000|  0%| F|  |TAMS 0x00000000c4c00000, 0x00000000c4c00000| Untracked 
|  21|0x00000000c4d00000, 0x00000000c4d00000, 0x00000000c4e00000|  0%| F|  |TAMS 0x00000000c4d00000, 0x00000000c4d00000| Untracked 
|  22|0x00000000c4e00000, 0x00000000c4e00000, 0x00000000c4f00000|  0%| F|  |TAMS 0x00000000c4e00000, 0x00000000c4e00000| Untracked 
|  23|0x00000000c4f00000, 0x00000000c4f00000, 0x00000000c5000000|  0%| F|  |TAMS 0x00000000c4f00000, 0x00000000c4f00000| Untracked 
|  24|0x00000000c5000000, 0x00000000c5000000, 0x00000000c5100000|  0%| F|  |TAMS 0x00000000c5000000, 0x00000000c5000000| Untracked 
|  25|0x00000000c5100000, 0x00000000c5100000, 0x00000000c5200000|  0%| F|  |TAMS 0x00000000c5100000, 0x00000000c5100000| Untracked 
|  26|0x00000000c5200000, 0x00000000c5200000, 0x00000000c5300000|  0%| F|  |TAMS 0x00000000c5200000, 0x00000000c5200000| Untracked 
|  27|0x00000000c5300000, 0x00000000c5300000, 0x00000000c5400000|  0%| F|  |TAMS 0x00000000c5300000, 0x00000000c5300000| Untracked 
|  28|0x00000000c5400000, 0x00000000c5400000, 0x00000000c5500000|  0%| F|  |TAMS 0x00000000c5400000, 0x00000000c5400000| Untracked 
|  29|0x00000000c5500000, 0x00000000c5500000, 0x00000000c5600000|  0%| F|  |TAMS 0x00000000c5500000, 0x00000000c5500000| Untracked 
|  30|0x00000000c5600000, 0x00000000c5600000, 0x00000000c5700000|  0%| F|  |TAMS 0x00000000c5600000, 0x00000000c5600000| Untracked 
|  31|0x00000000c5700000, 0x00000000c5700000, 0x00000000c5800000|  0%| F|  |TAMS 0x00000000c5700000, 0x00000000c5700000| Untracked 
|  32|0x00000000c5800000, 0x00000000c5800000, 0x00000000c5900000|  0%| F|  |TAMS 0x00000000c5800000, 0x00000000c5800000| Untracked 
|  33|0x00000000c5900000, 0x00000000c5900000, 0x00000000c5a00000|  0%| F|  |TAMS 0x00000000c5900000, 0x00000000c5900000| Untracked 
|  34|0x00000000c5a00000, 0x00000000c5a00000, 0x00000000c5b00000|  0%| F|  |TAMS 0x00000000c5a00000, 0x00000000c5a00000| Untracked 
|  35|0x00000000c5b00000, 0x00000000c5b00000, 0x00000000c5c00000|  0%| F|  |TAMS 0x00000000c5b00000, 0x00000000c5b00000| Untracked 
|  36|0x00000000c5c00000, 0x00000000c5c00000, 0x00000000c5d00000|  0%| F|  |TAMS 0x00000000c5c00000, 0x00000000c5c00000| Untracked 
|  37|0x00000000c5d00000, 0x00000000c5d00000, 0x00000000c5e00000|  0%| F|  |TAMS 0x00000000c5d00000, 0x00000000c5d00000| Untracked 
|  38|0x00000000c5e00000, 0x00000000c5e00000, 0x00000000c5f00000|  0%| F|  |TAMS 0x00000000c5e00000, 0x00000000c5e00000| Untracked 
|  39|0x00000000c5f00000, 0x00000000c5f00000, 0x00000000c6000000|  0%| F|  |TAMS 0x00000000c5f00000, 0x00000000c5f00000| Untracked 
|  40|0x00000000c6000000, 0x00000000c6000000, 0x00000000c6100000|  0%| F|  |TAMS 0x00000000c6000000, 0x00000000c6000000| Untracked 
|  41|0x00000000c6100000, 0x00000000c6100000, 0x00000000c6200000|  0%| F|  |TAMS 0x00000000c6100000, 0x00000000c6100000| Untracked 
|  42|0x00000000c6200000, 0x00000000c6200000, 0x00000000c6300000|  0%| F|  |TAMS 0x00000000c6200000, 0x00000000c6200000| Untracked 
|  43|0x00000000c6300000, 0x00000000c6300000, 0x00000000c6400000|  0%| F|  |TAMS 0x00000000c6300000, 0x00000000c6300000| Untracked 
|  44|0x00000000c6400000, 0x00000000c645d1a0, 0x00000000c6500000| 36%| E|  |TAMS 0x00000000c6400000, 0x00000000c6400000| Complete 
|  45|0x00000000c6500000, 0x00000000c6600000, 0x00000000c6600000|100%| E|CS|TAMS 0x00000000c6500000, 0x00000000c6500000| Complete 
|  46|0x00000000c6600000, 0x00000000c6700000, 0x00000000c6700000|100%| E|CS|TAMS 0x00000000c6600000, 0x00000000c6600000| Complete 
|  47|0x00000000c6700000, 0x00000000c67463b8, 0x00000000c6800000| 27%| S|CS|TAMS 0x00000000c6700000, 0x00000000c6700000| Complete 
|  48|0x00000000c6800000, 0x00000000c6900000, 0x00000000c6900000|100%| S|CS|TAMS 0x00000000c6800000, 0x00000000c6800000| Complete 
|  49|0x00000000c6900000, 0x00000000c6a00000, 0x00000000c6a00000|100%| E|CS|TAMS 0x00000000c6900000, 0x00000000c6900000| Complete 
|  50|0x00000000c6a00000, 0x00000000c6b00000, 0x00000000c6b00000|100%| E|CS|TAMS 0x00000000c6a00000, 0x00000000c6a00000| Complete 
|  51|0x00000000c6b00000, 0x00000000c6c00000, 0x00000000c6c00000|100%| E|CS|TAMS 0x00000000c6b00000, 0x00000000c6b00000| Complete 
|  52|0x00000000c6c00000, 0x00000000c6d00000, 0x00000000c6d00000|100%| E|CS|TAMS 0x00000000c6c00000, 0x00000000c6c00000| Complete 
|  53|0x00000000c6d00000, 0x00000000c6e00000, 0x00000000c6e00000|100%| E|CS|TAMS 0x00000000c6d00000, 0x00000000c6d00000| Complete 
|  54|0x00000000c6e00000, 0x00000000c6f00000, 0x00000000c6f00000|100%| E|CS|TAMS 0x00000000c6e00000, 0x00000000c6e00000| Complete 
|  55|0x00000000c6f00000, 0x00000000c7000000, 0x00000000c7000000|100%| E|CS|TAMS 0x00000000c6f00000, 0x00000000c6f00000| Complete 
|  56|0x00000000c7000000, 0x00000000c7100000, 0x00000000c7100000|100%| E|CS|TAMS 0x00000000c7000000, 0x00000000c7000000| Complete 
|  57|0x00000000c7100000, 0x00000000c7200000, 0x00000000c7200000|100%| E|CS|TAMS 0x00000000c7100000, 0x00000000c7100000| Complete 
|  58|0x00000000c7200000, 0x00000000c7300000, 0x00000000c7300000|100%| E|CS|TAMS 0x00000000c7200000, 0x00000000c7200000| Complete 
|  59|0x00000000c7300000, 0x00000000c7400000, 0x00000000c7400000|100%| E|CS|TAMS 0x00000000c7300000, 0x00000000c7300000| Complete 
|  60|0x00000000c7400000, 0x00000000c7500000, 0x00000000c7500000|100%| E|CS|TAMS 0x00000000c7400000, 0x00000000c7400000| Complete 
|  61|0x00000000c7500000, 0x00000000c7600000, 0x00000000c7600000|100%| E|CS|TAMS 0x00000000c7500000, 0x00000000c7500000| Complete 

Card table byte_map: [0x000001e0c2890000,0x000001e0c2a80000] _byte_map_base: 0x000001e0c2274000

Marking Bits (Prev, Next): (CMBitMap*) 0x000001e0afcd0680, (CMBitMap*) 0x000001e0afcd0640
 Prev Bits: [0x000001e0c3b90000, 0x000001e0c4ab0000)
 Next Bits: [0x000001e0c2c70000, 0x000001e0c3b90000)

Polling page: 0x000001e0af440000

Metaspace:

Usage:
  Non-class:     22.44 MB used.
      Class:      2.77 MB used.
       Both:     25.21 MB used.

Virtual space:
  Non-class space:       64.00 MB reserved,      22.56 MB ( 35%) committed,  1 nodes.
      Class space:        1.00 GB reserved,       2.88 MB ( <1%) committed,  1 nodes.
             Both:        1.06 GB reserved,      25.44 MB (  2%) committed. 

Chunk freelists:
   Non-Class:  9.02 MB
       Class:  13.12 MB
        Both:  22.14 MB

MaxMetaspaceSize: unlimited
CompressedClassSpaceSize: 1.00 GB
Initial GC threshold: 21.00 MB
Current GC threshold: 35.25 MB
CDS: off
MetaspaceReclaimPolicy: balanced
 - commit_granule_bytes: 65536.
 - commit_granule_words: 8192.
 - virtual_space_node_default_size: 8388608.
 - enlarge_chunks_in_place: 1.
 - new_chunks_are_fully_committed: 0.
 - uncommit_free_chunks: 1.
 - use_allocation_guard: 0.
 - handle_deallocations: 1.


Internal statistics:

num_allocs_failed_limit: 3.
num_arena_births: 210.
num_arena_deaths: 0.
num_vsnodes_births: 2.
num_vsnodes_deaths: 0.
num_space_committed: 407.
num_space_uncommitted: 0.
num_chunks_returned_to_freelist: 3.
num_chunks_taken_from_freelist: 597.
num_chunk_merges: 0.
num_chunk_splits: 365.
num_chunks_enlarged: 262.
num_inconsistent_stats: 0.

CodeHeap 'non-profiled nmethods': size=120000Kb used=925Kb max_used=925Kb free=119074Kb
 bounds [0x000001e0bae30000, 0x000001e0bb0a0000, 0x000001e0c2360000]
CodeHeap 'profiled nmethods': size=120000Kb used=4190Kb max_used=4190Kb free=115809Kb
 bounds [0x000001e0b3360000, 0x000001e0b3780000, 0x000001e0ba890000]
CodeHeap 'non-nmethods': size=5760Kb used=1230Kb max_used=1248Kb free=4530Kb
 bounds [0x000001e0ba890000, 0x000001e0bab00000, 0x000001e0bae30000]
 total_blobs=2715 nmethods=2182 adapters=446
 compilation: enabled
              stopped_count=0, restarted_count=0
 full_count=0

Compilation events (20 events):
Event: 6.000 Thread 0x000001e0c7649fe0 nmethod 2157 0x000001e0b376e790 code [0x000001e0b376e940, 0x000001e0b376eb48]
Event: 10.217 Thread 0x000001e0c7649fe0 2158       1       jdk.internal.net.http.common.DebugLogger::on (5 bytes)
Event: 10.217 Thread 0x000001e0c7649fe0 nmethod 2158 0x000001e0baf15a90 code [0x000001e0baf15c20, 0x000001e0baf15cf8]
Event: 10.220 Thread 0x000001e0c7649fe0 2160       3       java.lang.String::trim (35 bytes)
Event: 10.221 Thread 0x000001e0c7649fe0 nmethod 2160 0x000001e0b376ec90 code [0x000001e0b376ee60, 0x000001e0b376f158]
Event: 10.221 Thread 0x000001e0c7649fe0 2161       3       java.lang.StringLatin1::trim (76 bytes)
Event: 10.221 Thread 0x000001e0c7649fe0 nmethod 2161 0x000001e0b376f210 code [0x000001e0b376f3e0, 0x000001e0b376f7c8]
Event: 10.227 Thread 0x000001e0c7649fe0 2162       3       java.nio.HeapByteBuffer::get (14 bytes)
Event: 10.227 Thread 0x000001e0c7649fe0 nmethod 2162 0x000001e0b376f910 code [0x000001e0b376fac0, 0x000001e0b376fe08]
Event: 10.238 Thread 0x000001e0c7649fe0 2164       3       jdk.internal.org.objectweb.asm.ClassWriter::visitField (53 bytes)
Event: 10.240 Thread 0x000001e0c7649fe0 nmethod 2164 0x000001e0b376ff90 code [0x000001e0b3770140, 0x000001e0b37704a8]
Event: 10.240 Thread 0x000001e0c7649fe0 2165       3       jdk.internal.org.objectweb.asm.FieldWriter::<init> (69 bytes)
Event: 10.241 Thread 0x000001e0c7649fe0 nmethod 2165 0x000001e0b3770610 code [0x000001e0b3770800, 0x000001e0b3770bc8]
Event: 10.241 Thread 0x000001e0c7649fe0 2166       3       jdk.internal.org.objectweb.asm.FieldVisitor::<init> (7 bytes)
Event: 10.241 Thread 0x000001e0c7649fe0 nmethod 2166 0x000001e0b3770e10 code [0x000001e0b3770fc0, 0x000001e0b3771108]
Event: 10.241 Thread 0x000001e0c7649fe0 2167       3       jdk.internal.org.objectweb.asm.FieldVisitor::<init> (88 bytes)
Event: 10.242 Thread 0x000001e0c7649fe0 nmethod 2167 0x000001e0b3771190 code [0x000001e0b37713e0, 0x000001e0b3771ca8]
Event: 10.244 Thread 0x000001e0c7649fe0 2171       3       java.lang.invoke.MethodHandles$Lookup::getDirectMethodCommon (280 bytes)
Event: 10.244 Thread 0x000001e0c7642d70 2173       4       java.util.Arrays::copyOf (40 bytes)
Event: 10.247 Thread 0x000001e0c7649fe0 nmethod 2171 0x000001e0b3771f90 code [0x000001e0b37722a0, 0x000001e0b3773318]

GC Heap History (6 events):
Event: 2.655 GC heap before
{Heap before GC invocations=0 (full 0):
 garbage-first heap   total 63488K, used 24576K [0x00000000c3800000, 0x0000000100000000)
  region size 1024K, 23 young (23552K), 0 survivors (0K)
 Metaspace       used 13025K, committed 13184K, reserved 1114112K
  class space    used 1206K, committed 1280K, reserved 1048576K
}
Event: 2.681 GC heap after
{Heap after GC invocations=1 (full 0):
 garbage-first heap   total 63488K, used 10134K [0x00000000c3800000, 0x0000000100000000)
  region size 1024K, 3 young (3072K), 3 survivors (3072K)
 Metaspace       used 13025K, committed 13184K, reserved 1114112K
  class space    used 1206K, committed 1280K, reserved 1048576K
}
Event: 3.021 GC heap before
{Heap before GC invocations=1 (full 0):
 garbage-first heap   total 63488K, used 29590K [0x00000000c3800000, 0x0000000100000000)
  region size 1024K, 22 young (22528K), 3 survivors (3072K)
 Metaspace       used 14905K, committed 15104K, reserved 1114112K
  class space    used 1370K, committed 1472K, reserved 1048576K
}
Event: 3.035 GC heap after
{Heap after GC invocations=2 (full 0):
 garbage-first heap   total 63488K, used 15690K [0x00000000c3800000, 0x0000000100000000)
  region size 1024K, 3 young (3072K), 3 survivors (3072K)
 Metaspace       used 14905K, committed 15104K, reserved 1114112K
  class space    used 1370K, committed 1472K, reserved 1048576K
}
Event: 5.281 GC heap before
{Heap before GC invocations=2 (full 0):
 garbage-first heap   total 63488K, used 26954K [0x00000000c3800000, 0x0000000100000000)
  region size 1024K, 16 young (16384K), 3 survivors (3072K)
 Metaspace       used 21361K, committed 21504K, reserved 1114112K
  class space    used 2184K, committed 2240K, reserved 1048576K
}
Event: 5.290 GC heap after
{Heap after GC invocations=3 (full 0):
 garbage-first heap   total 63488K, used 17529K [0x00000000c3800000, 0x0000000100000000)
  region size 1024K, 2 young (2048K), 2 survivors (2048K)
 Metaspace       used 21361K, committed 21504K, reserved 1114112K
  class space    used 2184K, committed 2240K, reserved 1048576K
}

Dll operation events (8 events):
Event: 0.061 Loaded shared library C:\Users\Manish\.p2\pool\plugins\org.eclipse.justj.openjdk.hotspot.jre.full.win32.x86_64_17.0.11.v20240426-1830\jre\bin\java.dll
Event: 1.100 Loaded shared library C:\Users\Manish\.p2\pool\plugins\org.eclipse.justj.openjdk.hotspot.jre.full.win32.x86_64_17.0.11.v20240426-1830\jre\bin\net.dll
Event: 1.108 Loaded shared library C:\Users\Manish\.p2\pool\plugins\org.eclipse.justj.openjdk.hotspot.jre.full.win32.x86_64_17.0.11.v20240426-1830\jre\bin\nio.dll
Event: 1.130 Loaded shared library C:\Users\Manish\.p2\pool\plugins\org.eclipse.justj.openjdk.hotspot.jre.full.win32.x86_64_17.0.11.v20240426-1830\jre\bin\zip.dll
Event: 1.414 Loaded shared library C:\Users\Manish\.p2\pool\plugins\org.eclipse.justj.openjdk.hotspot.jre.full.win32.x86_64_17.0.11.v20240426-1830\jre\bin\jimage.dll
Event: 2.013 Loaded shared library C:\Users\Manish\.p2\pool\plugins\org.eclipse.justj.openjdk.hotspot.jre.full.win32.x86_64_17.0.11.v20240426-1830\jre\bin\sunmscapi.dll
Event: 2.725 Loaded shared library C:\Users\Manish\.p2\pool\plugins\org.eclipse.justj.openjdk.hotspot.jre.full.win32.x86_64_17.0.11.v20240426-1830\jre\bin\verify.dll
Event: 3.192 Loaded shared library C:\Users\Manish\.p2\pool\plugins\org.eclipse.justj.openjdk.hotspot.jre.full.win32.x86_64_17.0.11.v20240426-1830\jre\bin\extnet.dll

Deoptimization events (20 events):
Event: 3.554 Thread 0x000001e0afc94590 DEOPT PACKING pc=0x000001e0bae9082c sp=0x0000006f9e7feb90
Event: 3.554 Thread 0x000001e0afc94590 DEOPT UNPACKING pc=0x000001e0ba8e69a3 sp=0x0000006f9e7feb00 mode 2
Event: 3.554 Thread 0x000001e0afc94590 Uncommon trap: trap_request=0xffffff76 fr.pc=0x000001e0bae86728 relative=0x0000000000000b88
Event: 3.554 Thread 0x000001e0afc94590 Uncommon trap: reason=predicate action=maybe_recompile pc=0x000001e0bae86728 method=java.util.Properties$LineReader.readLine()I @ 53 c2
Event: 3.554 Thread 0x000001e0afc94590 DEOPT PACKING pc=0x000001e0bae86728 sp=0x0000006f9e7feb60
Event: 3.554 Thread 0x000001e0afc94590 DEOPT UNPACKING pc=0x000001e0ba8e69a3 sp=0x0000006f9e7feb08 mode 2
Event: 5.085 Thread 0x000001e0afc94590 DEOPT PACKING pc=0x000001e0b3402d38 sp=0x0000006f9e7fa900
Event: 5.085 Thread 0x000001e0afc94590 DEOPT UNPACKING pc=0x000001e0ba8e7143 sp=0x0000006f9e7f9e18 mode 0
Event: 5.130 Thread 0x000001e0afc94590 Uncommon trap: trap_request=0xffffff45 fr.pc=0x000001e0baeed000 relative=0x00000000000005e0
Event: 5.130 Thread 0x000001e0afc94590 Uncommon trap: reason=unstable_if action=reinterpret pc=0x000001e0baeed000 method=java.util.Properties$LineReader.readLine()I @ 256 c2
Event: 5.130 Thread 0x000001e0afc94590 DEOPT PACKING pc=0x000001e0baeed000 sp=0x0000006f9e7fdfa0
Event: 5.130 Thread 0x000001e0afc94590 DEOPT UNPACKING pc=0x000001e0ba8e69a3 sp=0x0000006f9e7fdf10 mode 2
Event: 5.130 Thread 0x000001e0afc94590 Uncommon trap: trap_request=0xffffff45 fr.pc=0x000001e0bae5aeb8 relative=0x00000000000004b8
Event: 5.130 Thread 0x000001e0afc94590 Uncommon trap: reason=unstable_if action=reinterpret pc=0x000001e0bae5aeb8 method=java.util.Properties$LineReader.readLine()I @ 249 c2
Event: 5.130 Thread 0x000001e0afc94590 DEOPT PACKING pc=0x000001e0bae5aeb8 sp=0x0000006f9e7fdf80
Event: 5.130 Thread 0x000001e0afc94590 DEOPT UNPACKING pc=0x000001e0ba8e69a3 sp=0x0000006f9e7fdf10 mode 2
Event: 5.238 Thread 0x000001e0afc94590 Uncommon trap: trap_request=0xffffff45 fr.pc=0x000001e0bae93f64 relative=0x0000000000000e44
Event: 5.238 Thread 0x000001e0afc94590 Uncommon trap: reason=unstable_if action=reinterpret pc=0x000001e0bae93f64 method=java.io.BufferedReader.readLine(Z[Z)Ljava/lang/String; @ 63 c2
Event: 5.238 Thread 0x000001e0afc94590 DEOPT PACKING pc=0x000001e0bae93f64 sp=0x0000006f9e7fd790
Event: 5.238 Thread 0x000001e0afc94590 DEOPT UNPACKING pc=0x000001e0ba8e69a3 sp=0x0000006f9e7fd728 mode 2

Classes unloaded (0 events):
No events

Classes redefined (0 events):
No events

Internal exceptions (20 events):
Event: 5.491 Thread 0x000001e0c752ce10 Exception <a 'java/net/ConnectException'{0x00000000c72c7698}: Connection refused: getsockopt> (0x00000000c72c7698) 
thrown [s\src\hotspot\share\prims\jni.cpp, line 535]
Event: 5.491 Thread 0x000001e0c752ce10 Exception <a 'java/net/SocketException'{0x00000000c72c79d0}: Socket is not connected: shutdown> (0x00000000c72c79d0) 
thrown [s\src\hotspot\share\prims\jni.cpp, line 535]
Event: 5.523 Thread 0x000001e0c752ce10 Exception <a 'java/net/ConnectException'{0x00000000c72c88e8}: Connection refused: getsockopt> (0x00000000c72c88e8) 
thrown [s\src\hotspot\share\prims\jni.cpp, line 535]
Event: 5.523 Thread 0x000001e0c752ce10 Exception <a 'java/net/SocketException'{0x00000000c72c8c20}: Socket is not connected: shutdown> (0x00000000c72c8c20) 
thrown [s\src\hotspot\share\prims\jni.cpp, line 535]
Event: 5.570 Thread 0x000001e0c752ce10 Exception <a 'java/net/ConnectException'{0x00000000c72c9b38}: Connection refused: getsockopt> (0x00000000c72c9b38) 
thrown [s\src\hotspot\share\prims\jni.cpp, line 535]
Event: 5.570 Thread 0x000001e0c752ce10 Exception <a 'java/net/SocketException'{0x00000000c72c9e70}: Socket is not connected: shutdown> (0x00000000c72c9e70) 
thrown [s\src\hotspot\share\prims\jni.cpp, line 535]
Event: 5.734 Thread 0x000001e0afc94590 Exception <a 'java/lang/NoSuchMethodError'{0x00000000c72f2710}: 'int java.lang.invoke.DirectMethodHandle$Holder.invokeVirtual(java.lang.Object, java.lang.Object)'> (0x00000000c72f2710) 
thrown [s\src\hotspot\share\interpreter\linkResolver.cpp, line 759]
Event: 5.736 Thread 0x000001e0afc94590 Exception <a 'java/lang/NoSuchMethodError'{0x00000000c72f8bf8}: 'double java.lang.invoke.DirectMethodHandle$Holder.invokeVirtual(java.lang.Object, java.lang.Object)'> (0x00000000c72f8bf8) 
thrown [s\src\hotspot\share\interpreter\linkResolver.cpp, line 759]
Event: 5.737 Thread 0x000001e0afc94590 Exception <a 'java/lang/NoSuchMethodError'{0x00000000c72ff3a0}: 'float java.lang.invoke.DirectMethodHandle$Holder.invokeVirtual(java.lang.Object, java.lang.Object)'> (0x00000000c72ff3a0) 
thrown [s\src\hotspot\share\interpreter\linkResolver.cpp, line 759]
Event: 5.739 Thread 0x000001e0afc94590 Exception <a 'java/lang/NoSuchMethodError'{0x00000000c7108960}: 'long java.lang.invoke.DirectMethodHandle$Holder.invokeVirtual(java.lang.Object, java.lang.Object)'> (0x00000000c7108960) 
thrown [s\src\hotspot\share\interpreter\linkResolver.cpp, line 759]
Event: 5.751 Thread 0x000001e0afc94590 Exception <a 'java/lang/NoSuchMethodError'{0x00000000c7136388}: 'void java.lang.invoke.DirectMethodHandle$Holder.invokeStatic(java.lang.Object, java.lang.Object, java.lang.Object)'> (0x00000000c7136388) 
thrown [s\src\hotspot\share\interpreter\linkResolver.cpp, line 759]
Event: 5.808 Thread 0x000001e0afc94590 Exception <a 'java/lang/NoSuchMethodError'{0x00000000c7065c00}: 'java.lang.Object java.lang.invoke.DirectMethodHandle$Holder.newInvokeSpecial(java.lang.Object, java.lang.Object, int, int)'> (0x00000000c7065c00) 
thrown [s\src\hotspot\share\interpreter\linkResolver.cpp, line 759]
Event: 5.809 Thread 0x000001e0afc94590 Exception <a 'java/lang/NoSuchMethodError'{0x00000000c70706a0}: 'void java.lang.invoke.DirectMethodHandle$Holder.invokeStatic(java.lang.Object, java.lang.Object, int)'> (0x00000000c70706a0) 
thrown [s\src\hotspot\share\interpreter\linkResolver.cpp, line 759]
Event: 5.842 Thread 0x000001e0afc94590 Exception <a 'java/lang/NoSuchMethodError'{0x00000000c6fae5b0}: 'java.lang.Object java.lang.invoke.DirectMethodHandle$Holder.newInvokeSpecial(java.lang.Object, java.lang.Object, java.lang.Object, java.lang.Object, java.lang.Object)'> (0x00000000c6fae5b0) 
thrown [s\src\hotspot\share\interpreter\linkResolver.cpp, line 759]
Event: 5.907 Thread 0x000001e0afc94590 Exception <a 'java/lang/NoSuchMethodError'{0x00000000c6c0b258}: 'void java.lang.invoke.DirectMethodHandle$Holder.invokeSpecial(java.lang.Object, java.lang.Object, java.lang.Object)'> (0x00000000c6c0b258) 
thrown [s\src\hotspot\share\interpreter\linkResolver.cpp, line 759]
Event: 5.909 Thread 0x000001e0afc94590 Exception <a 'java/lang/NoSuchMethodError'{0x00000000c6c18620}: 'void java.lang.invoke.DirectMethodHandle$Holder.invokeStatic(java.lang.Object, java.lang.Object, java.lang.Object, java.lang.Object)'> (0x00000000c6c18620) 
thrown [s\src\hotspot\share\interpreter\linkResolver.cpp, line 759]
Event: 5.953 Thread 0x000001e0c752a590 Exception <a 'java/lang/NoSuchMethodError'{0x00000000c6a266b0}: 'java.lang.Object java.lang.invoke.DirectMethodHandle$Holder.invokeSpecial(java.lang.Object, java.lang.Object, java.lang.Object, java.lang.Object, int)'> (0x00000000c6a266b0) 
thrown [s\src\hotspot\share\interpreter\linkResolver.cpp, line 759]
Event: 5.953 Thread 0x000001e0c752a590 Exception <a 'java/lang/NoSuchMethodError'{0x00000000c6a2a278}: 'java.lang.Object java.lang.invoke.Invokers$Holder.linkToTargetMethod(java.lang.Object, java.lang.Object, int, java.lang.Object)'> (0x00000000c6a2a278) 
thrown [s\src\hotspot\share\interpreter\linkResolver.cpp, line 759]
Event: 5.976 Thread 0x000001e0c752a590 Exception <a 'java/lang/NoSuchMethodError'{0x00000000c6970d88}: 'void java.lang.invoke.DirectMethodHandle$Holder.invokeSpecial(java.lang.Object, java.lang.Object, java.lang.Object, java.lang.Object, java.lang.Object)'> (0x00000000c6970d88) 
thrown [s\src\hotspot\share\interpreter\linkResolver.cpp, line 759]
Event: 10.247 Thread 0x000001e0c752a590 Exception <a 'java/lang/NoSuchMethodError'{0x00000000c651e148}: 'void java.lang.invoke.DirectMethodHandle$Holder.invokeSpecial(java.lang.Object, java.lang.Object, java.lang.Object, java.lang.Object, java.lang.Object, java.lang.Object, java.lang.Object)'> (0x00000000c651e148) 
thrown [s\src\hotspot\share\interpreter\linkResolver.cpp, line 759]

VM Operations (20 events):
Event: 3.021 Executing VM operation: G1CollectForAllocation
Event: 3.035 Executing VM operation: G1CollectForAllocation done
Event: 4.045 Executing VM operation: Cleanup
Event: 4.045 Executing VM operation: Cleanup done
Event: 5.052 Executing VM operation: Cleanup
Event: 5.052 Executing VM operation: Cleanup done
Event: 5.281 Executing VM operation: CollectForMetadataAllocation
Event: 5.290 Executing VM operation: CollectForMetadataAllocation done
Event: 5.301 Executing VM operation: G1PauseRemark
Event: 5.303 Executing VM operation: G1PauseRemark done
Event: 5.308 Executing VM operation: G1PauseCleanup
Event: 5.309 Executing VM operation: G1PauseCleanup done
Event: 5.687 Executing VM operation: HandshakeAllThreads
Event: 5.687 Executing VM operation: HandshakeAllThreads done
Event: 5.692 Executing VM operation: HandshakeAllThreads
Event: 5.693 Executing VM operation: HandshakeAllThreads done
Event: 6.697 Executing VM operation: Cleanup
Event: 6.697 Executing VM operation: Cleanup done
Event: 10.217 Executing VM operation: HandshakeAllThreads
Event: 10.218 Executing VM operation: HandshakeAllThreads done

Events (20 events):
Event: 10.230 loading class java/util/function/ToLongFunction
Event: 10.230 loading class java/util/function/ToLongFunction done
Event: 10.231 loading class java/util/stream/ReferencePipeline$5
Event: 10.231 loading class java/util/stream/LongPipeline$StatelessOp
Event: 10.233 loading class java/util/stream/LongPipeline
Event: 10.233 loading class java/util/stream/LongStream
Event: 10.234 loading class java/util/stream/LongStream done
Event: 10.234 loading class java/util/stream/LongPipeline done
Event: 10.234 loading class java/util/stream/LongPipeline$StatelessOp done
Event: 10.234 loading class java/util/stream/ReferencePipeline$5 done
Event: 10.235 loading class java/util/stream/FindOps$FindSink$OfLong
Event: 10.235 loading class java/util/stream/Sink$OfLong
Event: 10.235 loading class java/util/function/LongConsumer
Event: 10.235 loading class java/util/function/LongConsumer done
Event: 10.235 loading class java/util/stream/Sink$OfLong done
Event: 10.235 loading class java/util/stream/FindOps$FindSink$OfLong done
Event: 10.235 loading class java/util/OptionalLong
Event: 10.235 loading class java/util/OptionalLong done
Event: 10.237 loading class java/util/stream/ReferencePipeline$5$1
Event: 10.237 loading class java/util/stream/ReferencePipeline$5$1 done


Dynamic libraries:
0x00007ff7cc8f0000 - 0x00007ff7cc8fe000 	C:\Users\Manish\.p2\pool\plugins\org.eclipse.justj.openjdk.hotspot.jre.full.win32.x86_64_17.0.11.v20240426-1830\jre\bin\javaw.exe
0x00007ff987f70000 - 0x00007ff988168000 	C:\Windows\SYSTEM32\ntdll.dll
0x00007ff987080000 - 0x00007ff987141000 	C:\Windows\System32\KERNEL32.DLL
0x00007ff985a50000 - 0x00007ff985d46000 	C:\Windows\System32\KERNELBASE.dll
0x00007ff985d50000 - 0x00007ff985e50000 	C:\Windows\System32\ucrtbase.dll
0x00007ff97aa90000 - 0x00007ff97aaab000 	C:\Users\Manish\.p2\pool\plugins\org.eclipse.justj.openjdk.hotspot.jre.full.win32.x86_64_17.0.11.v20240426-1830\jre\bin\VCRUNTIME140.dll
0x00007ff97d340000 - 0x00007ff97d357000 	C:\Users\Manish\.p2\pool\plugins\org.eclipse.justj.openjdk.hotspot.jre.full.win32.x86_64_17.0.11.v20240426-1830\jre\bin\jli.dll
0x00007ff985fe0000 - 0x00007ff98617f000 	C:\Windows\System32\USER32.dll
0x00007ff985ea0000 - 0x00007ff985ec2000 	C:\Windows\System32\win32u.dll
0x00007ff985fa0000 - 0x00007ff985fcb000 	C:\Windows\System32\GDI32.dll
0x00007ff9858c0000 - 0x00007ff9859d7000 	C:\Windows\System32\gdi32full.dll
0x00007ff985f00000 - 0x00007ff985f9d000 	C:\Windows\System32\msvcp_win.dll
0x00007ff964b00000 - 0x00007ff964d9a000 	C:\Windows\WinSxS\amd64_microsoft.windows.common-controls_6595b64144ccf1df_6.0.19041.4355_none_60b8b9eb71f62e16\COMCTL32.dll
0x00007ff987c50000 - 0x00007ff987cee000 	C:\Windows\System32\msvcrt.dll
0x00007ff986e80000 - 0x00007ff986eaf000 	C:\Windows\System32\IMM32.DLL
0x00007ff97d320000 - 0x00007ff97d32c000 	C:\Users\Manish\.p2\pool\plugins\org.eclipse.justj.openjdk.hotspot.jre.full.win32.x86_64_17.0.11.v20240426-1830\jre\bin\vcruntime140_1.dll
0x00007ff95e510000 - 0x00007ff95e59d000 	C:\Users\Manish\.p2\pool\plugins\org.eclipse.justj.openjdk.hotspot.jre.full.win32.x86_64_17.0.11.v20240426-1830\jre\bin\msvcp140.dll
0x00007ff935e00000 - 0x00007ff936a62000 	C:\Users\Manish\.p2\pool\plugins\org.eclipse.justj.openjdk.hotspot.jre.full.win32.x86_64_17.0.11.v20240426-1830\jre\bin\server\jvm.dll
0x00007ff9865e0000 - 0x00007ff986690000 	C:\Windows\System32\ADVAPI32.dll
0x00007ff986540000 - 0x00007ff9865e0000 	C:\Windows\System32\sechost.dll
0x00007ff9873b0000 - 0x00007ff9874d3000 	C:\Windows\System32\RPCRT4.dll
0x00007ff985ed0000 - 0x00007ff985ef7000 	C:\Windows\System32\bcrypt.dll
0x00007ff969850000 - 0x00007ff969859000 	C:\Windows\SYSTEM32\WSOCK32.dll
0x00007ff984a70000 - 0x00007ff984abb000 	C:\Windows\SYSTEM32\POWRPROF.dll
0x00007ff961270000 - 0x00007ff961297000 	C:\Windows\SYSTEM32\WINMM.dll
0x00007ff987270000 - 0x00007ff9872db000 	C:\Windows\System32\WS2_32.dll
0x00007ff97ada0000 - 0x00007ff97adaa000 	C:\Windows\SYSTEM32\VERSION.dll
0x00007ff984a10000 - 0x00007ff984a22000 	C:\Windows\SYSTEM32\UMPDC.dll
0x00007ff983e30000 - 0x00007ff983e42000 	C:\Windows\SYSTEM32\kernel.appcore.dll
0x00007ff97d2f0000 - 0x00007ff97d2fa000 	C:\Users\Manish\.p2\pool\plugins\org.eclipse.justj.openjdk.hotspot.jre.full.win32.x86_64_17.0.11.v20240426-1830\jre\bin\jimage.dll
0x00007ff983ac0000 - 0x00007ff983ca4000 	C:\Windows\SYSTEM32\DBGHELP.DLL
0x00007ff96cbe0000 - 0x00007ff96cc14000 	C:\Windows\SYSTEM32\dbgcore.DLL
0x00007ff985780000 - 0x00007ff985802000 	C:\Windows\System32\bcryptPrimitives.dll
0x00007ff9796e0000 - 0x00007ff979705000 	C:\Users\Manish\.p2\pool\plugins\org.eclipse.justj.openjdk.hotspot.jre.full.win32.x86_64_17.0.11.v20240426-1830\jre\bin\java.dll
0x00007ff976680000 - 0x00007ff976698000 	C:\Users\Manish\.p2\pool\plugins\org.eclipse.justj.openjdk.hotspot.jre.full.win32.x86_64_17.0.11.v20240426-1830\jre\bin\zip.dll
0x00007ff9874e0000 - 0x00007ff987c4c000 	C:\Windows\System32\SHELL32.dll
0x00007ff983200000 - 0x00007ff98399e000 	C:\Windows\SYSTEM32\windows.storage.dll
0x00007ff9861e0000 - 0x00007ff986533000 	C:\Windows\System32\combase.dll
0x00007ff985040000 - 0x00007ff98506e000 	C:\Windows\SYSTEM32\Wldp.dll
0x00007ff9872e0000 - 0x00007ff9873ad000 	C:\Windows\System32\OLEAUT32.dll
0x00007ff9868a0000 - 0x00007ff98694d000 	C:\Windows\System32\SHCORE.dll
0x00007ff986180000 - 0x00007ff9861d5000 	C:\Windows\System32\shlwapi.dll
0x00007ff985550000 - 0x00007ff985574000 	C:\Windows\SYSTEM32\profapi.dll
0x00007ff975c70000 - 0x00007ff975c89000 	C:\Users\Manish\.p2\pool\plugins\org.eclipse.justj.openjdk.hotspot.jre.full.win32.x86_64_17.0.11.v20240426-1830\jre\bin\net.dll
0x00007ff97e110000 - 0x00007ff97e21a000 	C:\Windows\SYSTEM32\WINHTTP.dll
0x00007ff984da0000 - 0x00007ff984e0a000 	C:\Windows\system32\mswsock.dll
0x00007ff969970000 - 0x00007ff969986000 	C:\Users\Manish\.p2\pool\plugins\org.eclipse.justj.openjdk.hotspot.jre.full.win32.x86_64_17.0.11.v20240426-1830\jre\bin\nio.dll
0x00007ff97cf60000 - 0x00007ff97cf6e000 	C:\Users\Manish\.p2\pool\plugins\org.eclipse.justj.openjdk.hotspot.jre.full.win32.x86_64_17.0.11.v20240426-1830\jre\bin\sunmscapi.dll
0x00007ff985620000 - 0x00007ff98577e000 	C:\Windows\System32\CRYPT32.dll
0x00007ff9850b0000 - 0x00007ff9850d9000 	C:\Windows\SYSTEM32\ncrypt.dll
0x00007ff985070000 - 0x00007ff9850ab000 	C:\Windows\SYSTEM32\NTASN1.dll
0x00007ff984f90000 - 0x00007ff984fa8000 	C:\Windows\SYSTEM32\CRYPTSP.dll
0x00007ff984650000 - 0x00007ff984684000 	C:\Windows\system32\rsaenh.dll
0x00007ff985500000 - 0x00007ff98552e000 	C:\Windows\SYSTEM32\USERENV.dll
0x00007ff984fb0000 - 0x00007ff984fbc000 	C:\Windows\SYSTEM32\CRYPTBASE.dll
0x00007ff984a30000 - 0x00007ff984a6b000 	C:\Windows\SYSTEM32\IPHLPAPI.DLL
0x00007ff985fd0000 - 0x00007ff985fd8000 	C:\Windows\System32\NSI.dll
0x00007ff978e20000 - 0x00007ff978e37000 	C:\Windows\SYSTEM32\dhcpcsvc6.DLL
0x00007ff979cb0000 - 0x00007ff979ccd000 	C:\Windows\SYSTEM32\dhcpcsvc.DLL
0x00007ff984ad0000 - 0x00007ff984b9a000 	C:\Windows\SYSTEM32\DNSAPI.dll
0x00007ff97cf90000 - 0x00007ff97cfa0000 	C:\Users\Manish\.p2\pool\plugins\org.eclipse.justj.openjdk.hotspot.jre.full.win32.x86_64_17.0.11.v20240426-1830\jre\bin\verify.dll
0x00007ff97ad90000 - 0x00007ff97ad9a000 	C:\Windows\System32\rasadhlp.dll
0x00007ff9780e0000 - 0x00007ff978160000 	C:\Windows\System32\fwpuclnt.dll
0x00007ff97f030000 - 0x00007ff97f039000 	C:\Users\Manish\.p2\pool\plugins\org.eclipse.justj.openjdk.hotspot.jre.full.win32.x86_64_17.0.11.v20240426-1830\jre\bin\extnet.dll
0x00007ff96b0d0000 - 0x00007ff96b0d7000 	C:\Windows\system32\wshunix.dll

dbghelp: loaded successfully - version: 4.0.5 - missing functions: none
symbol engine: initialized successfully - sym options: 0x614 - pdb path: .;C:\Users\Manish\.p2\pool\plugins\org.eclipse.justj.openjdk.hotspot.jre.full.win32.x86_64_17.0.11.v20240426-1830\jre\bin;C:\Windows\SYSTEM32;C:\Windows\WinSxS\amd64_microsoft.windows.common-controls_6595b64144ccf1df_6.0.19041.4355_none_60b8b9eb71f62e16;C:\Users\Manish\.p2\pool\plugins\org.eclipse.justj.openjdk.hotspot.jre.full.win32.x86_64_17.0.11.v20240426-1830\jre\bin\server

VM Arguments:
jvm_args: -Dfile.encoding=UTF-8 -Dstdout.encoding=UTF-8 -Dstderr.encoding=UTF-8 -XX:+ShowCodeDetailsInExceptionMessages 
java_command: Selenium.WindowHandles
java_class_path (initial): C:\Users\Manish\git\repository11\ManishProject\target\test-classes;C:\Users\Manish\git\repository11\ManishProject\target\classes;C:\Users\Manish\.p2\pool\plugins\org.testng_7.4.0.r202105021533.jar;C:\Users\Manish\.p2\pool\plugins\com.beust.jcommander_1.78.0.jar;C:\Users\Manish\.p2\pool\plugins\org.apache-extras.beanshell.bsh_2.0.0.b6.jar;C:\Users\Manish\.p2\pool\plugins\org.yaml.snakeyaml_1.21.0.jar;C:\Users\Manish\.p2\pool\plugins\org.webjars.jquery_3.5.1.jar;C:\Users\Manish\.m2\repository\org\seleniumhq\selenium\selenium-java\4.16.1\selenium-java-4.16.1.jar;C:\Users\Manish\.m2\repository\org\seleniumhq\selenium\selenium-api\4.16.1\selenium-api-4.16.1.jar;C:\Users\Manish\.m2\repository\org\seleniumhq\selenium\selenium-chrome-driver\4.16.1\selenium-chrome-driver-4.16.1.jar;C:\Users\Manish\.m2\repository\com\google\auto\service\auto-service-annotations\1.1.1\auto-service-annotations-1.1.1.jar;C:\Users\Manish\.m2\repository\org\seleniumhq\selenium\selenium-chromium-driver\4.16.1\selenium-chromium-driver-4.16.1.jar;C:\Users\Manish\.m2\repository\org\seleniumhq\selenium\selenium-json\4.16.1\selenium-json-4.16.1.jar;C:\Users\Manish\.m2\repository\org\seleniumhq\selenium\selenium-manager\4.16.1\selenium-manager-4.16.1.jar;C:\Users\Manish\.m2\repository\org\seleniumhq\selenium\selenium-devtools-v118\4.16.1\selenium-devtools-v118-4.16.1.jar;C:\Users\Manish\.m2\repository\org\seleniumhq\selenium\selenium-devtools-v119\4.16.1\selenium-devtools-v119-4.16.1.jar;C:\Users\Manish\.m2\repository\org\seleniumhq\selenium\selenium-devtools-v120\4.16.1\selenium-devtools-v120-4.16.1.jar;C:\Users\Manish\.m2\repository\org\seleniumhq\selenium\selenium-devtools-v85\4.16.1\selenium-devtools-v85-4.16.1.jar;C:\Users\Manish\.m2\repository\org\seleniumhq\selenium\selenium-edge-driver\4.16.1\selenium-edge-driver-4.16.1.jar;C:\Users\Manish\.m2\repository\org\seleniumhq\selenium\selenium-firefox-driver\4.16.1\selenium-firefox-driver-4.16.1.jar;C:\Users\Manish\.m2\repos
Launcher Type: SUN_STANDARD

[Global flags]
     intx CICompilerCount                          = 4                                         {product} {ergonomic}
     uint ConcGCThreads                            = 2                                         {product} {ergonomic}
     uint G1ConcRefinementThreads                  = 8                                         {product} {ergonomic}
   size_t G1HeapRegionSize                         = 1048576                                   {product} {ergonomic}
    uintx GCDrainStackTargetSize                   = 64                                        {product} {ergonomic}
   size_t InitialHeapSize                          = 65011712                                  {product} {ergonomic}
   size_t MarkStackSize                            = 4194304                                   {product} {ergonomic}
   size_t MaxHeapSize                              = 1015021568                                {product} {ergonomic}
   size_t MaxNewSize                               = 608174080                                 {product} {ergonomic}
   size_t MinHeapDeltaBytes                        = 1048576                                   {product} {ergonomic}
   size_t MinHeapSize                              = 8388608                                   {product} {ergonomic}
    uintx NonNMethodCodeHeapSize                   = 5839372                                {pd product} {ergonomic}
    uintx NonProfiledCodeHeapSize                  = 122909434                              {pd product} {ergonomic}
    uintx ProfiledCodeHeapSize                     = 122909434                              {pd product} {ergonomic}
    uintx ReservedCodeCacheSize                    = 251658240                              {pd product} {ergonomic}
     bool SegmentedCodeCache                       = true                                      {product} {ergonomic}
     bool ShowCodeDetailsInExceptionMessages       = true                                   {manageable} {command line}
   size_t SoftMaxHeapSize                          = 1015021568                             {manageable} {ergonomic}
     bool UseCompressedClassPointers               = true                           {product lp64_product} {ergonomic}
     bool UseCompressedOops                        = true                           {product lp64_product} {ergonomic}
     bool UseG1GC                                  = true                                      {product} {ergonomic}
     bool UseLargePagesIndividualAllocation        = false                                  {pd product} {ergonomic}

Logging:
Log output configuration:
 #0: stdout all=warning uptime,level,tags
 #1: stderr all=off uptime,level,tags

Environment Variables:
JAVA_HOME=C:\Program Files\Java\jdk-17
PATH=C:/Users/Manish/.p2/pool/plugins/org.eclipse.justj.openjdk.hotspot.jre.full.win32.x86_64_17.0.11.v20240426-1830/jre/bin/server;C:/Users/Manish/.p2/pool/plugins/org.eclipse.justj.openjdk.hotspot.jre.full.win32.x86_64_17.0.11.v20240426-1830/jre/bin;C:\Program Files\Java\jdk-17\bin;C:\Program Files\Common Files\Oracle\Java\javapath;C:\Windows\system32;C:\Windows;C:\Windows\System32\Wbem;C:\Windows\System32\WindowsPowerShell\v1.0\;C:\Windows\System32\OpenSSH\;C:\Users\Manish\Downloads\apache-maven-3.9.7-bin\apache-maven-3.9.7\bin;C:\Program Files\Git\cmd;C:\Program Files\nodejs\;C:\Users\Manish\AppData\Local\Microsoft\WindowsApps;C:\Program Files\Java\jdk-22\bin;C:\Program Files\Java\jdk-22\lib;C:\Users\Manish\AppData\Local\GitHubDesktop\bin;C:\Users\Manish\AppData\Roaming\npm;C:\Users\Manish\Desktop;
USERNAME=Manish
OS=Windows_NT
PROCESSOR_IDENTIFIER=Intel64 Family 6 Model 142 Stepping 11, GenuineIntel
TMP=C:\Users\Manish\AppData\Local\Temp
TEMP=C:\Users\Manish\AppData\Local\Temp



Periodic native trim disabled


---------------  S Y S T E M  ---------------

OS:
 Windows 10 , 64 bit Build 19041 (10.0.19041.4597)
OS uptime: 1 days 5:55 hours

CPU: total 8 (initial active 8) (4 cores per cpu, 2 threads per core) family 6 model 142 stepping 11 microcode 0xec, cx8, cmov, fxsr, ht, mmx, 3dnowpref, sse, sse2, sse3, ssse3, sse4.1, sse4.2, popcnt, lzcnt, tsc, tscinvbit, avx, avx2, aes, erms, clmul, bmi1, bmi2, adx, fma, vzeroupper, clflush, clflushopt
Processor Information for processor 0
  Max Mhz: 1800, Current Mhz: 1400, Mhz Limit: 1584
Processor Information for processor 1
  Max Mhz: 1800, Current Mhz: 1600, Mhz Limit: 1584
Processor Information for processor 2
  Max Mhz: 1800, Current Mhz: 1600, Mhz Limit: 1584
Processor Information for processor 3
  Max Mhz: 1800, Current Mhz: 1400, Mhz Limit: 1584
Processor Information for processor 4
  Max Mhz: 1800, Current Mhz: 1400, Mhz Limit: 1584
Processor Information for processor 5
  Max Mhz: 1800, Current Mhz: 1400, Mhz Limit: 1584
Processor Information for processor 6
  Max Mhz: 1800, Current Mhz: 1600, Mhz Limit: 1584
Processor Information for processor 7
  Max Mhz: 1800, Current Mhz: 1400, Mhz Limit: 1584

Memory: 4k page, system-wide physical 3870M (152M free)
TotalPageFile size 15646M (AvailPageFile size 32M)
current process WorkingSet (physical memory assigned to process): 118M, peak: 125M
current process commit charge ("private bytes"): 172M, peak: 178M

vm_info: OpenJDK 64-Bit Server VM (17.0.11+9) for windows-amd64 JRE (17.0.11+9), built on Apr 17 2024 06:07:48 by "admin" with MS VC++ 16.10 / 16.11 (VS2019)

END.
