#
# There is insufficient memory for the Java Runtime Environment to continue.
# Native memory allocation (malloc) failed to allocate 32784 bytes. Error detail: Chunk::new
# Possible reasons:
#   The system is out of physical RAM or swap space
#   This process is running with CompressedOops enabled, and the Java Heap may be blocking the growth of the native heap
# Possible solutions:
#   Reduce memory load on the system
#   Increase physical memory or swap space
#   Check if swap backing store is full
#   Decrease Java heap size (-Xmx/-Xms)
#   Decrease number of Java threads
#   Decrease Java thread stack sizes (-Xss)
#   Set larger code cache with -XX:ReservedCodeCacheSize=
#   JVM is running with Unscaled Compressed Oops mode in which the Java heap is
#     placed in the first 4GB address space. The Java Heap base address is the
#     maximum limit for the native heap growth. Please use -XX:HeapBaseMinAddress
#     to set the Java Heap base and to place the Java Heap above 4GB virtual address.
# This output file may be truncated or incomplete.
#
#  Out of Memory Error (arena.cpp:191), pid=3452, tid=4964
#
# JRE version: OpenJDK Runtime Environment Temurin-17.0.11+9 (17.0.11+9) (build 17.0.11+9)
# Java VM: OpenJDK 64-Bit Server VM Temurin-17.0.11+9 (17.0.11+9, mixed mode, tiered, compressed oops, compressed class ptrs, g1 gc, windows-amd64)
# No core dump will be written. Minidumps are not enabled by default on client versions of Windows
#

---------------  S U M M A R Y ------------

Command Line: -Dfile.encoding=UTF-8 -Dstdout.encoding=UTF-8 -Dstderr.encoding=UTF-8 -XX:+ShowCodeDetailsInExceptionMessages Selenium.WindowHandles

Host: Intel(R) Core(TM) i5-8265U CPU @ 1.60GHz, 8 cores, 3G,  Windows 10 , 64 bit Build 19041 (10.0.19041.4597)
Time: Fri Oct 11 20:57:16 2024 India Standard Time elapsed time: 6.834452 seconds (0d 0h 0m 6s)

---------------  T H R E A D  ---------------

Current thread (0x000002e319430080):  JavaThread "C2 CompilerThread0" daemon [_thread_in_native, id=4964, stack(0x000000f775900000,0x000000f775a00000)]


Current CompileTask:
C2:   6834 2079   !   4       java.net.URL::<init> (543 bytes)

Stack: [0x000000f775900000,0x000000f775a00000]
Native frames: (J=compiled Java code, j=interpreted, Vv=VM code, C=native code)
V  [jvm.dll+0x67d429]
V  [jvm.dll+0x834b7a]
V  [jvm.dll+0x83663e]
V  [jvm.dll+0x836ca3]
V  [jvm.dll+0x247dbf]
V  [jvm.dll+0xac534]
V  [jvm.dll+0xacb7c]
V  [jvm.dll+0xac63b]
V  [jvm.dll+0x65ac7c]
V  [jvm.dll+0x590f6b]
V  [jvm.dll+0x57aee9]
V  [jvm.dll+0x57b6ba]
V  [jvm.dll+0x57da1f]
V  [jvm.dll+0x57d55d]
V  [jvm.dll+0x57d440]
V  [jvm.dll+0x57d440]
V  [jvm.dll+0x585194]
V  [jvm.dll+0x222d82]
V  [jvm.dll+0x21c090]
V  [jvm.dll+0x2197a1]
V  [jvm.dll+0x1a534d]
V  [jvm.dll+0x2295cd]
V  [jvm.dll+0x22779c]
V  [jvm.dll+0x7e9d07]
V  [jvm.dll+0x7e410a]
V  [jvm.dll+0x67c315]
C  [ucrtbase.dll+0x21bb2]
C  [KERNEL32.DLL+0x17374]
C  [ntdll.dll+0x4cc91]


---------------  P R O C E S S  ---------------

Threads class SMR info:
_java_thread_list=0x000002e31f12d780, length=22, elements={
0x000002e3192c15d0, 0x000002e3192c2450, 0x000002e319305290, 0x000002e319307c70,
0x000002e319309570, 0x000002e31930d430, 0x000002e319430080, 0x000002e319432e60,
0x000002e319433a70, 0x000002e3196cdc60, 0x000002e3196efe80, 0x000002e31ec24a00,
0x000002e31ee6a580, 0x000002e31ecb8760, 0x000002e31ef6c030, 0x000002e31ee64050,
0x000002e31f005d90, 0x000002e31e208320, 0x000002e31e20a180, 0x000002e31e209760,
0x000002e31e208d40, 0x000002e31e20a690
}

Java Threads: ( => current thread )
  0x000002e3192c15d0 JavaThread "Reference Handler" daemon [_thread_blocked, id=17472, stack(0x000000f775300000,0x000000f775400000)]
  0x000002e3192c2450 JavaThread "Finalizer" daemon [_thread_blocked, id=15276, stack(0x000000f775400000,0x000000f775500000)]
  0x000002e319305290 JavaThread "Signal Dispatcher" daemon [_thread_blocked, id=21192, stack(0x000000f775500000,0x000000f775600000)]
  0x000002e319307c70 JavaThread "Attach Listener" daemon [_thread_blocked, id=11896, stack(0x000000f775600000,0x000000f775700000)]
  0x000002e319309570 JavaThread "Service Thread" daemon [_thread_blocked, id=18640, stack(0x000000f775700000,0x000000f775800000)]
  0x000002e31930d430 JavaThread "Monitor Deflation Thread" daemon [_thread_blocked, id=12336, stack(0x000000f775800000,0x000000f775900000)]
=>0x000002e319430080 JavaThread "C2 CompilerThread0" daemon [_thread_in_native, id=4964, stack(0x000000f775900000,0x000000f775a00000)]
  0x000002e319432e60 JavaThread "C1 CompilerThread0" daemon [_thread_blocked, id=4164, stack(0x000000f775a00000,0x000000f775b00000)]
  0x000002e319433a70 JavaThread "Sweeper thread" daemon [_thread_blocked, id=9852, stack(0x000000f775b00000,0x000000f775c00000)]
  0x000002e3196cdc60 JavaThread "Notification Thread" daemon [_thread_blocked, id=10108, stack(0x000000f775c00000,0x000000f775d00000)]
  0x000002e3196efe80 JavaThread "Common-Cleaner" daemon [_thread_blocked, id=11416, stack(0x000000f775e00000,0x000000f775f00000)]
  0x000002e31ec24a00 JavaThread "ForkJoinPool.commonPool-worker-1" daemon [_thread_blocked, id=21472, stack(0x000000f776600000,0x000000f776700000)]
  0x000002e31ee6a580 JavaThread "HttpClient-1-SelectorManager" daemon [_thread_in_native, id=16308, stack(0x000000f776700000,0x000000f776800000)]
  0x000002e31ecb8760 JavaThread "External Process Output Forwarder - C:\Users\Manish\.cache\selenium\chromedriver\win64\129.0.6668.100\chromedriver.exe" [_thread_in_native, id=8876, stack(0x000000f776800000,0x000000f776900000)]
  0x000002e31ef6c030 JavaThread "Driver Service Executor" daemon [_thread_blocked, id=8764, stack(0x000000f776900000,0x000000f776a00000)]
  0x000002e31ee64050 JavaThread "Driver Service Executor" daemon [_thread_in_native, id=18168, stack(0x000000f776a00000,0x000000f776b00000)]
  0x000002e31f005d90 JavaThread "UrlChecker-2" daemon [_thread_blocked, id=3788, stack(0x000000f776b00000,0x000000f776c00000)]
  0x000002e31e208320 JavaThread "Keep-Alive-Timer" daemon [_thread_blocked, id=16472, stack(0x000000f776d00000,0x000000f776e00000)]
  0x000002e31e20a180 JavaThread "pool-1-thread-1" [_thread_blocked, id=15352, stack(0x000000f776f00000,0x000000f777000000)]
  0x000002e31e209760 JavaThread "pool-1-thread-2" [_thread_blocked, id=16728, stack(0x000000f777000000,0x000000f777100000)]
  0x000002e31e208d40 JavaThread "pool-1-thread-3" [_thread_blocked, id=6340, stack(0x000000f777100000,0x000000f777200000)]
  0x000002e31e20a690 JavaThread "DestroyJavaVM" [_thread_blocked, id=17516, stack(0x000000f774c00000,0x000000f774d00000)]

Other Threads:
  0x000002e319263220 VMThread "VM Thread" [stack: 0x000000f775200000,0x000000f775300000] [id=20736]
  0x000002e3196ced70 WatcherThread [stack: 0x000000f775d00000,0x000000f775e00000] [id=16456]
  0x000002e37fecf0e0 GCTaskThread "GC Thread#0" [stack: 0x000000f774d00000,0x000000f774e00000] [id=2080]
  0x000002e31e9e2c30 GCTaskThread "GC Thread#1" [stack: 0x000000f775f00000,0x000000f776000000] [id=12136]
  0x000002e31ea2e9e0 GCTaskThread "GC Thread#2" [stack: 0x000000f776000000,0x000000f776100000] [id=2756]
  0x000002e31ea2f0b0 GCTaskThread "GC Thread#3" [stack: 0x000000f776100000,0x000000f776200000] [id=20856]
  0x000002e31ea37380 GCTaskThread "GC Thread#4" [stack: 0x000000f776200000,0x000000f776300000] [id=19404]
  0x000002e31ea37640 GCTaskThread "GC Thread#5" [stack: 0x000000f776300000,0x000000f776400000] [id=13464]
  0x000002e31ea38120 GCTaskThread "GC Thread#6" [stack: 0x000000f776400000,0x000000f776500000] [id=15956]
  0x000002e31ea383e0 GCTaskThread "GC Thread#7" [stack: 0x000000f776500000,0x000000f776600000] [id=19500]
  0x000002e37fed80d0 ConcurrentGCThread "G1 Main Marker" [stack: 0x000000f774e00000,0x000000f774f00000] [id=15868]
  0x000002e37fed8af0 ConcurrentGCThread "G1 Conc#0" [stack: 0x000000f774f00000,0x000000f775000000] [id=19824]
  0x000002e31ea85850 ConcurrentGCThread "G1 Conc#1" [stack: 0x000000f776e00000,0x000000f776f00000] [id=10584]
  0x000002e37ff29eb0 ConcurrentGCThread "G1 Refine#0" [stack: 0x000000f775000000,0x000000f775100000] [id=3276]
  0x000002e37ff2a8e0 ConcurrentGCThread "G1 Service" [stack: 0x000000f775100000,0x000000f775200000] [id=14972]

Threads with active compile tasks:
C2 CompilerThread0     6898 2079   !   4       java.net.URL::<init> (543 bytes)

VM state: not at safepoint (normal execution)

VM Mutex/Monitor currently owned by a thread: None

OutOfMemory and StackOverflow Exception counts:
OutOfMemoryError java_heap_errors=1
LinkageErrors=46

Heap address: 0x00000000c3800000, size: 968 MB, Compressed Oops mode: 32-bit

CDS archive(s) not mapped
Compressed class space mapped at: 0x0000000100000000-0x0000000140000000, reserved size: 1073741824
Narrow klass base: 0x0000000000000000, Narrow klass shift: 3, Narrow klass range: 0x140000000

GC Precious Log:
 CPUs: 8 total, 8 available
 Memory: 3870M
 Large Page Support: Disabled
 NUMA Support: Disabled
 Compressed Oops: Enabled (32-bit)
 Heap Region Size: 1M
 Heap Min Capacity: 8M
 Heap Initial Capacity: 62M
 Heap Max Capacity: 968M
 Pre-touch: Disabled
 Parallel Workers: 8
 Concurrent Workers: 2
 Concurrent Refinement Workers: 8
 Periodic GC: Disabled

Heap:
 garbage-first heap   total 63488K, used 27459K [0x00000000c3800000, 0x0000000100000000)
  region size 1024K, 12 young (12288K), 2 survivors (2048K)
 Metaspace       used 23559K, committed 23808K, reserved 1114112K
  class space    used 2543K, committed 2688K, reserved 1048576K

Heap Regions: E=young(eden), S=young(survivor), O=old, HS=humongous(starts), HC=humongous(continues), CS=collection set, F=free, OA=open archive, CA=closed archive, TAMS=top-at-mark-start (previous, next)
|   0|0x00000000c3800000, 0x00000000c3900000, 0x00000000c3900000|100%|HS|  |TAMS 0x00000000c3900000, 0x00000000c3800000| Complete 
|   1|0x00000000c3900000, 0x00000000c3a00000, 0x00000000c3a00000|100%| O|  |TAMS 0x00000000c3a00000, 0x00000000c3900000| Untracked 
|   2|0x00000000c3a00000, 0x00000000c3b00000, 0x00000000c3b00000|100%| O|  |TAMS 0x00000000c3b00000, 0x00000000c3a00000| Untracked 
|   3|0x00000000c3b00000, 0x00000000c3c00000, 0x00000000c3c00000|100%| O|  |TAMS 0x00000000c3c00000, 0x00000000c3b00000| Untracked 
|   4|0x00000000c3c00000, 0x00000000c3d00000, 0x00000000c3d00000|100%| O|  |TAMS 0x00000000c3d00000, 0x00000000c3c00000| Untracked 
|   5|0x00000000c3d00000, 0x00000000c3e00000, 0x00000000c3e00000|100%| O|  |TAMS 0x00000000c3e00000, 0x00000000c3d00000| Untracked 
|   6|0x00000000c3e00000, 0x00000000c3f00000, 0x00000000c3f00000|100%| O|  |TAMS 0x00000000c3f00000, 0x00000000c3e00000| Untracked 
|   7|0x00000000c3f00000, 0x00000000c4000000, 0x00000000c4000000|100%| O|  |TAMS 0x00000000c4000000, 0x00000000c3f00000| Untracked 
|   8|0x00000000c4000000, 0x00000000c4100000, 0x00000000c4100000|100%| O|  |TAMS 0x00000000c4100000, 0x00000000c4000000| Untracked 
|   9|0x00000000c4100000, 0x00000000c4200000, 0x00000000c4200000|100%| O|  |TAMS 0x00000000c4200000, 0x00000000c4100000| Untracked 
|  10|0x00000000c4200000, 0x00000000c4300000, 0x00000000c4300000|100%| O|  |TAMS 0x00000000c4300000, 0x00000000c4200000| Untracked 
|  11|0x00000000c4300000, 0x00000000c4400000, 0x00000000c4400000|100%| O|  |TAMS 0x00000000c4400000, 0x00000000c4300000| Untracked 
|  12|0x00000000c4400000, 0x00000000c4500000, 0x00000000c4500000|100%| O|  |TAMS 0x00000000c44eee00, 0x00000000c4400000| Untracked 
|  13|0x00000000c4500000, 0x00000000c4600000, 0x00000000c4600000|100%| O|  |TAMS 0x00000000c4500000, 0x00000000c4500000| Untracked 
|  14|0x00000000c4600000, 0x00000000c4700000, 0x00000000c4700000|100%| O|  |TAMS 0x00000000c4600000, 0x00000000c4600000| Untracked 
|  15|0x00000000c4700000, 0x00000000c4800000, 0x00000000c4800000|100%| O|  |TAMS 0x00000000c4700000, 0x00000000c4700000| Untracked 
|  16|0x00000000c4800000, 0x00000000c4864400, 0x00000000c4900000| 39%| O|  |TAMS 0x00000000c4800000, 0x00000000c4800000| Untracked 
|  17|0x00000000c4900000, 0x00000000c4900000, 0x00000000c4a00000|  0%| F|  |TAMS 0x00000000c4900000, 0x00000000c4900000| Untracked 
|  18|0x00000000c4a00000, 0x00000000c4a00000, 0x00000000c4b00000|  0%| F|  |TAMS 0x00000000c4a00000, 0x00000000c4a00000| Untracked 
|  19|0x00000000c4b00000, 0x00000000c4b00000, 0x00000000c4c00000|  0%| F|  |TAMS 0x00000000c4b00000, 0x00000000c4b00000| Untracked 
|  20|0x00000000c4c00000, 0x00000000c4c00000, 0x00000000c4d00000|  0%| F|  |TAMS 0x00000000c4c00000, 0x00000000c4c00000| Untracked 
|  21|0x00000000c4d00000, 0x00000000c4d00000, 0x00000000c4e00000|  0%| F|  |TAMS 0x00000000c4d00000, 0x00000000c4d00000| Untracked 
|  22|0x00000000c4e00000, 0x00000000c4e00000, 0x00000000c4f00000|  0%| F|  |TAMS 0x00000000c4e00000, 0x00000000c4e00000| Untracked 
|  23|0x00000000c4f00000, 0x00000000c4f00000, 0x00000000c5000000|  0%| F|  |TAMS 0x00000000c4f00000, 0x00000000c4f00000| Untracked 
|  24|0x00000000c5000000, 0x00000000c5000000, 0x00000000c5100000|  0%| F|  |TAMS 0x00000000c5000000, 0x00000000c5000000| Untracked 
|  25|0x00000000c5100000, 0x00000000c5100000, 0x00000000c5200000|  0%| F|  |TAMS 0x00000000c5100000, 0x00000000c5100000| Untracked 
|  26|0x00000000c5200000, 0x00000000c5200000, 0x00000000c5300000|  0%| F|  |TAMS 0x00000000c5200000, 0x00000000c5200000| Untracked 
|  27|0x00000000c5300000, 0x00000000c5300000, 0x00000000c5400000|  0%| F|  |TAMS 0x00000000c5300000, 0x00000000c5300000| Untracked 
|  28|0x00000000c5400000, 0x00000000c5400000, 0x00000000c5500000|  0%| F|  |TAMS 0x00000000c5400000, 0x00000000c5400000| Untracked 
|  29|0x00000000c5500000, 0x00000000c5500000, 0x00000000c5600000|  0%| F|  |TAMS 0x00000000c5500000, 0x00000000c5500000| Untracked 
|  30|0x00000000c5600000, 0x00000000c5600000, 0x00000000c5700000|  0%| F|  |TAMS 0x00000000c5600000, 0x00000000c5600000| Untracked 
|  31|0x00000000c5700000, 0x00000000c5700000, 0x00000000c5800000|  0%| F|  |TAMS 0x00000000c5700000, 0x00000000c5700000| Untracked 
|  32|0x00000000c5800000, 0x00000000c5800000, 0x00000000c5900000|  0%| F|  |TAMS 0x00000000c5800000, 0x00000000c5800000| Untracked 
|  33|0x00000000c5900000, 0x00000000c5900000, 0x00000000c5a00000|  0%| F|  |TAMS 0x00000000c5900000, 0x00000000c5900000| Untracked 
|  34|0x00000000c5a00000, 0x00000000c5a00000, 0x00000000c5b00000|  0%| F|  |TAMS 0x00000000c5a00000, 0x00000000c5a00000| Untracked 
|  35|0x00000000c5b00000, 0x00000000c5b00000, 0x00000000c5c00000|  0%| F|  |TAMS 0x00000000c5b00000, 0x00000000c5b00000| Untracked 
|  36|0x00000000c5c00000, 0x00000000c5c00000, 0x00000000c5d00000|  0%| F|  |TAMS 0x00000000c5c00000, 0x00000000c5c00000| Untracked 
|  37|0x00000000c5d00000, 0x00000000c5d00000, 0x00000000c5e00000|  0%| F|  |TAMS 0x00000000c5d00000, 0x00000000c5d00000| Untracked 
|  38|0x00000000c5e00000, 0x00000000c5e00000, 0x00000000c5f00000|  0%| F|  |TAMS 0x00000000c5e00000, 0x00000000c5e00000| Untracked 
|  39|0x00000000c5f00000, 0x00000000c5f00000, 0x00000000c6000000|  0%| F|  |TAMS 0x00000000c5f00000, 0x00000000c5f00000| Untracked 
|  40|0x00000000c6000000, 0x00000000c6000000, 0x00000000c6100000|  0%| F|  |TAMS 0x00000000c6000000, 0x00000000c6000000| Untracked 
|  41|0x00000000c6100000, 0x00000000c6100000, 0x00000000c6200000|  0%| F|  |TAMS 0x00000000c6100000, 0x00000000c6100000| Untracked 
|  42|0x00000000c6200000, 0x00000000c6200000, 0x00000000c6300000|  0%| F|  |TAMS 0x00000000c6200000, 0x00000000c6200000| Untracked 
|  43|0x00000000c6300000, 0x00000000c6300000, 0x00000000c6400000|  0%| F|  |TAMS 0x00000000c6300000, 0x00000000c6300000| Untracked 
|  44|0x00000000c6400000, 0x00000000c646c9f0, 0x00000000c6500000| 42%| S|CS|TAMS 0x00000000c6400000, 0x00000000c6400000| Complete 
|  45|0x00000000c6500000, 0x00000000c6600000, 0x00000000c6600000|100%| S|CS|TAMS 0x00000000c6500000, 0x00000000c6500000| Complete 
|  46|0x00000000c6600000, 0x00000000c6600000, 0x00000000c6700000|  0%| F|  |TAMS 0x00000000c6600000, 0x00000000c6600000| Untracked 
|  47|0x00000000c6700000, 0x00000000c6700000, 0x00000000c6800000|  0%| F|  |TAMS 0x00000000c6700000, 0x00000000c6700000| Untracked 
|  48|0x00000000c6800000, 0x00000000c6800000, 0x00000000c6900000|  0%| F|  |TAMS 0x00000000c6800000, 0x00000000c6800000| Untracked 
|  49|0x00000000c6900000, 0x00000000c6900000, 0x00000000c6a00000|  0%| F|  |TAMS 0x00000000c6900000, 0x00000000c6900000| Untracked 
|  50|0x00000000c6a00000, 0x00000000c6a00000, 0x00000000c6b00000|  0%| F|  |TAMS 0x00000000c6a00000, 0x00000000c6a00000| Untracked 
|  51|0x00000000c6b00000, 0x00000000c6b00000, 0x00000000c6c00000|  0%| F|  |TAMS 0x00000000c6b00000, 0x00000000c6b00000| Untracked 
|  52|0x00000000c6c00000, 0x00000000c6c18e88, 0x00000000c6d00000|  9%| E|  |TAMS 0x00000000c6c00000, 0x00000000c6c00000| Complete 
|  53|0x00000000c6d00000, 0x00000000c6e00000, 0x00000000c6e00000|100%| E|CS|TAMS 0x00000000c6d00000, 0x00000000c6d00000| Complete 
|  54|0x00000000c6e00000, 0x00000000c6f00000, 0x00000000c6f00000|100%| E|CS|TAMS 0x00000000c6e00000, 0x00000000c6e00000| Complete 
|  55|0x00000000c6f00000, 0x00000000c7000000, 0x00000000c7000000|100%| E|CS|TAMS 0x00000000c6f00000, 0x00000000c6f00000| Complete 
|  56|0x00000000c7000000, 0x00000000c7100000, 0x00000000c7100000|100%| E|CS|TAMS 0x00000000c7000000, 0x00000000c7000000| Complete 
|  57|0x00000000c7100000, 0x00000000c7200000, 0x00000000c7200000|100%| E|CS|TAMS 0x00000000c7100000, 0x00000000c7100000| Complete 
|  58|0x00000000c7200000, 0x00000000c7300000, 0x00000000c7300000|100%| E|CS|TAMS 0x00000000c7200000, 0x00000000c7200000| Complete 
|  59|0x00000000c7300000, 0x00000000c7400000, 0x00000000c7400000|100%| E|CS|TAMS 0x00000000c7300000, 0x00000000c7300000| Complete 
|  60|0x00000000c7400000, 0x00000000c7500000, 0x00000000c7500000|100%| E|CS|TAMS 0x00000000c7400000, 0x00000000c7400000| Complete 
|  61|0x00000000c7500000, 0x00000000c7600000, 0x00000000c7600000|100%| E|CS|TAMS 0x00000000c7500000, 0x00000000c7500000| Complete 

Card table byte_map: [0x000002e314680000,0x000002e314870000] _byte_map_base: 0x000002e314064000

Marking Bits (Prev, Next): (CMBitMap*) 0x000002e37fecf740, (CMBitMap*) 0x000002e37fecf700
 Prev Bits: [0x000002e315980000, 0x000002e3168a0000)
 Next Bits: [0x000002e314a60000, 0x000002e315980000)

Polling page: 0x000002e37f8e0000

Metaspace:

Usage:
  Non-class:     20.52 MB used.
      Class:      2.48 MB used.
       Both:     23.01 MB used.

Virtual space:
  Non-class space:       64.00 MB reserved,      20.62 MB ( 32%) committed,  1 nodes.
      Class space:        1.00 GB reserved,       2.62 MB ( <1%) committed,  1 nodes.
             Both:        1.06 GB reserved,      23.25 MB (  2%) committed. 

Chunk freelists:
   Non-Class:  10.83 MB
       Class:  13.27 MB
        Both:  24.09 MB

MaxMetaspaceSize: unlimited
CompressedClassSpaceSize: 1.00 GB
Initial GC threshold: 21.00 MB
Current GC threshold: 35.31 MB
CDS: off
MetaspaceReclaimPolicy: balanced
 - commit_granule_bytes: 65536.
 - commit_granule_words: 8192.
 - virtual_space_node_default_size: 8388608.
 - enlarge_chunks_in_place: 1.
 - new_chunks_are_fully_committed: 0.
 - uncommit_free_chunks: 1.
 - use_allocation_guard: 0.
 - handle_deallocations: 1.


Internal statistics:

num_allocs_failed_limit: 3.
num_arena_births: 208.
num_arena_deaths: 0.
num_vsnodes_births: 2.
num_vsnodes_deaths: 0.
num_space_committed: 372.
num_space_uncommitted: 0.
num_chunks_returned_to_freelist: 3.
num_chunks_taken_from_freelist: 586.
num_chunk_merges: 0.
num_chunk_splits: 355.
num_chunks_enlarged: 239.
num_inconsistent_stats: 0.

CodeHeap 'non-profiled nmethods': size=120000Kb used=822Kb max_used=822Kb free=119177Kb
 bounds [0x000002e30c500000, 0x000002e30c770000, 0x000002e313a30000]
CodeHeap 'profiled nmethods': size=120000Kb used=4117Kb max_used=4117Kb free=115882Kb
 bounds [0x000002e304a30000, 0x000002e304e40000, 0x000002e30bf60000]
CodeHeap 'non-nmethods': size=5760Kb used=1227Kb max_used=1236Kb free=4532Kb
 bounds [0x000002e30bf60000, 0x000002e30c1d0000, 0x000002e30c500000]
 total_blobs=2666 nmethods=2130 adapters=449
 compilation: enabled
              stopped_count=0, restarted_count=0
 full_count=0

Compilation events (20 events):
Event: 6.791 Thread 0x000002e319432e60 2076       3       java.lang.invoke.LambdaForm::uncustomize (57 bytes)
Event: 6.791 Thread 0x000002e319430080 nmethod 2075 0x000002e30c5cc010 code [0x000002e30c5cc180, 0x000002e30c5cc238]
Event: 6.791 Thread 0x000002e319432e60 nmethod 2076 0x000002e304e14710 code [0x000002e304e148c0, 0x000002e304e14bc8]
Event: 6.807 Thread 0x000002e319430080 2077       4       jdk.internal.misc.Unsafe::allocateUninitializedArray (55 bytes)
Event: 6.808 Thread 0x000002e319430080 nmethod 2077 0x000002e30c5cc310 code [0x000002e30c5cc4a0, 0x000002e30c5cc658]
Event: 6.816 Thread 0x000002e319432e60 2078       3       com.google.common.base.Preconditions::checkNotNull (14 bytes)
Event: 6.816 Thread 0x000002e319432e60 nmethod 2078 0x000002e304e14d10 code [0x000002e304e14ec0, 0x000002e304e150a8]
Event: 6.818 Thread 0x000002e319430080 2079   !   4       java.net.URL::<init> (543 bytes)
Event: 6.821 Thread 0x000002e319432e60 2080       3       java.util.ArrayDeque::peekFirst (12 bytes)
Event: 6.821 Thread 0x000002e319432e60 nmethod 2080 0x000002e304e15190 code [0x000002e304e15320, 0x000002e304e154b8]
Event: 6.821 Thread 0x000002e319432e60 2082       3       sun.invoke.util.VerifyAccess::isModuleAccessible (97 bytes)
Event: 6.822 Thread 0x000002e319432e60 nmethod 2082 0x000002e304e15610 code [0x000002e304e158e0, 0x000002e304e165c8]
Event: 6.822 Thread 0x000002e319432e60 2081       3       org.openqa.selenium.json.JsonInput::peek (267 bytes)
Event: 6.823 Thread 0x000002e319432e60 nmethod 2081 0x000002e304e16a90 code [0x000002e304e16dc0, 0x000002e304e17f38]
Event: 6.823 Thread 0x000002e319432e60 2083       3       org.openqa.selenium.internal.Require::nonNull (27 bytes)
Event: 6.823 Thread 0x000002e319432e60 nmethod 2083 0x000002e304e18510 code [0x000002e304e18780, 0x000002e304e19278]
Event: 6.824 Thread 0x000002e319432e60 2084       3       java.math.BigInteger::valueOf (62 bytes)
Event: 6.824 Thread 0x000002e319432e60 nmethod 2084 0x000002e304e19610 code [0x000002e304e197e0, 0x000002e304e19bc8]
Event: 6.828 Thread 0x000002e319432e60 2085       3       jdk.internal.org.objectweb.asm.MethodWriter::computeAllFrames (510 bytes)
Event: 6.830 Thread 0x000002e319432e60 nmethod 2085 0x000002e304e19d10 code [0x000002e304e1a060, 0x000002e304e1b4c8]

GC Heap History (6 events):
Event: 0.970 GC heap before
{Heap before GC invocations=0 (full 0):
 garbage-first heap   total 63488K, used 24576K [0x00000000c3800000, 0x0000000100000000)
  region size 1024K, 23 young (23552K), 0 survivors (0K)
 Metaspace       used 12965K, committed 13120K, reserved 1114112K
  class space    used 1194K, committed 1280K, reserved 1048576K
}
Event: 0.986 GC heap after
{Heap after GC invocations=1 (full 0):
 garbage-first heap   total 63488K, used 9906K [0x00000000c3800000, 0x0000000100000000)
  region size 1024K, 3 young (3072K), 3 survivors (3072K)
 Metaspace       used 12965K, committed 13120K, reserved 1114112K
  class space    used 1194K, committed 1280K, reserved 1048576K
}
Event: 1.229 GC heap before
{Heap before GC invocations=1 (full 0):
 garbage-first heap   total 63488K, used 29362K [0x00000000c3800000, 0x0000000100000000)
  region size 1024K, 22 young (22528K), 3 survivors (3072K)
 Metaspace       used 14829K, committed 15040K, reserved 1114112K
  class space    used 1355K, committed 1472K, reserved 1048576K
}
Event: 1.242 GC heap after
{Heap after GC invocations=2 (full 0):
 garbage-first heap   total 63488K, used 16315K [0x00000000c3800000, 0x0000000100000000)
  region size 1024K, 3 young (3072K), 3 survivors (3072K)
 Metaspace       used 14829K, committed 15040K, reserved 1114112K
  class space    used 1355K, committed 1472K, reserved 1048576K
}
Event: 2.357 GC heap before
{Heap before GC invocations=2 (full 0):
 garbage-first heap   total 63488K, used 31675K [0x00000000c3800000, 0x0000000100000000)
  region size 1024K, 19 young (19456K), 3 survivors (3072K)
 Metaspace       used 21349K, committed 21504K, reserved 1114112K
  class space    used 2221K, committed 2304K, reserved 1048576K
}
Event: 2.363 GC heap after
{Heap after GC invocations=3 (full 0):
 garbage-first heap   total 63488K, used 18243K [0x00000000c3800000, 0x0000000100000000)
  region size 1024K, 2 young (2048K), 2 survivors (2048K)
 Metaspace       used 21349K, committed 21504K, reserved 1114112K
  class space    used 2221K, committed 2304K, reserved 1048576K
}

Dll operation events (8 events):
Event: 0.113 Loaded shared library C:\Users\Manish\.p2\pool\plugins\org.eclipse.justj.openjdk.hotspot.jre.full.win32.x86_64_17.0.11.v20240426-1830\jre\bin\java.dll
Event: 0.341 Loaded shared library C:\Users\Manish\.p2\pool\plugins\org.eclipse.justj.openjdk.hotspot.jre.full.win32.x86_64_17.0.11.v20240426-1830\jre\bin\net.dll
Event: 0.345 Loaded shared library C:\Users\Manish\.p2\pool\plugins\org.eclipse.justj.openjdk.hotspot.jre.full.win32.x86_64_17.0.11.v20240426-1830\jre\bin\nio.dll
Event: 0.351 Loaded shared library C:\Users\Manish\.p2\pool\plugins\org.eclipse.justj.openjdk.hotspot.jre.full.win32.x86_64_17.0.11.v20240426-1830\jre\bin\zip.dll
Event: 0.454 Loaded shared library C:\Users\Manish\.p2\pool\plugins\org.eclipse.justj.openjdk.hotspot.jre.full.win32.x86_64_17.0.11.v20240426-1830\jre\bin\jimage.dll
Event: 0.996 Loaded shared library C:\Users\Manish\.p2\pool\plugins\org.eclipse.justj.openjdk.hotspot.jre.full.win32.x86_64_17.0.11.v20240426-1830\jre\bin\verify.dll
Event: 1.401 Loaded shared library C:\Users\Manish\.p2\pool\plugins\org.eclipse.justj.openjdk.hotspot.jre.full.win32.x86_64_17.0.11.v20240426-1830\jre\bin\extnet.dll
Event: 1.741 Loaded shared library C:\Users\Manish\.p2\pool\plugins\org.eclipse.justj.openjdk.hotspot.jre.full.win32.x86_64_17.0.11.v20240426-1830\jre\bin\sunmscapi.dll

Deoptimization events (20 events):
Event: 1.822 Thread 0x000002e37fe930e0 DEOPT PACKING pc=0x000002e304a39608 sp=0x000000f774cfac80
Event: 1.822 Thread 0x000002e37fe930e0 DEOPT UNPACKING pc=0x000002e30bfb7143 sp=0x000000f774cfa188 mode 0
Event: 2.236 Thread 0x000002e37fe930e0 DEOPT PACKING pc=0x000002e304ad46b8 sp=0x000000f774cf98d0
Event: 2.236 Thread 0x000002e37fe930e0 DEOPT UNPACKING pc=0x000002e30bfb7143 sp=0x000000f774cf8de8 mode 0
Event: 6.761 Thread 0x000002e37fe930e0 Uncommon trap: trap_request=0xffffffde fr.pc=0x000002e30c5cb944 relative=0x0000000000000124
Event: 6.761 Thread 0x000002e37fe930e0 Uncommon trap: reason=class_check action=maybe_recompile pc=0x000002e30c5cb944 method=jdk.internal.misc.Unsafe.allocateUninitializedArray(Ljava/lang/Class;I)Ljava/lang/Object; @ 51 c2
Event: 6.761 Thread 0x000002e37fe930e0 DEOPT PACKING pc=0x000002e30c5cb944 sp=0x000000f774cfe370
Event: 6.761 Thread 0x000002e37fe930e0 DEOPT UNPACKING pc=0x000002e30bfb69a3 sp=0x000000f774cfe2f8 mode 2
Event: 6.762 Thread 0x000002e37fe930e0 Uncommon trap: trap_request=0xffffffde fr.pc=0x000002e30c5cb944 relative=0x0000000000000124
Event: 6.762 Thread 0x000002e37fe930e0 Uncommon trap: reason=class_check action=maybe_recompile pc=0x000002e30c5cb944 method=jdk.internal.misc.Unsafe.allocateUninitializedArray(Ljava/lang/Class;I)Ljava/lang/Object; @ 51 c2
Event: 6.762 Thread 0x000002e37fe930e0 DEOPT PACKING pc=0x000002e30c5cb944 sp=0x000000f774cfdb10
Event: 6.762 Thread 0x000002e37fe930e0 DEOPT UNPACKING pc=0x000002e30bfb69a3 sp=0x000000f774cfda98 mode 2
Event: 6.762 Thread 0x000002e37fe930e0 Uncommon trap: trap_request=0xffffffde fr.pc=0x000002e30c5cb944 relative=0x0000000000000124
Event: 6.762 Thread 0x000002e37fe930e0 Uncommon trap: reason=class_check action=maybe_recompile pc=0x000002e30c5cb944 method=jdk.internal.misc.Unsafe.allocateUninitializedArray(Ljava/lang/Class;I)Ljava/lang/Object; @ 51 c2
Event: 6.762 Thread 0x000002e37fe930e0 DEOPT PACKING pc=0x000002e30c5cb944 sp=0x000000f774cfd730
Event: 6.762 Thread 0x000002e37fe930e0 DEOPT UNPACKING pc=0x000002e30bfb69a3 sp=0x000000f774cfd6b8 mode 2
Event: 6.763 Thread 0x000002e37fe930e0 Uncommon trap: trap_request=0xffffffde fr.pc=0x000002e30c5cb944 relative=0x0000000000000124
Event: 6.763 Thread 0x000002e37fe930e0 Uncommon trap: reason=class_check action=maybe_recompile pc=0x000002e30c5cb944 method=jdk.internal.misc.Unsafe.allocateUninitializedArray(Ljava/lang/Class;I)Ljava/lang/Object; @ 51 c2
Event: 6.763 Thread 0x000002e37fe930e0 DEOPT PACKING pc=0x000002e30c5cb944 sp=0x000000f774cfd010
Event: 6.763 Thread 0x000002e37fe930e0 DEOPT UNPACKING pc=0x000002e30bfb69a3 sp=0x000000f774cfcf98 mode 2

Classes unloaded (0 events):
No events

Classes redefined (0 events):
No events

Internal exceptions (20 events):
Event: 1.996 Thread 0x000002e31f005d90 Exception <a 'java/net/SocketException'{0x00000000c6b62fb0}: Socket is not connected: shutdown> (0x00000000c6b62fb0) 
thrown [s\src\hotspot\share\prims\jni.cpp, line 535]
Event: 2.028 Thread 0x000002e31f005d90 Exception <a 'java/net/ConnectException'{0x00000000c6b63ec8}: Connection refused: getsockopt> (0x00000000c6b63ec8) 
thrown [s\src\hotspot\share\prims\jni.cpp, line 535]
Event: 2.028 Thread 0x000002e31f005d90 Exception <a 'java/net/SocketException'{0x00000000c6b64200}: Socket is not connected: shutdown> (0x00000000c6b64200) 
thrown [s\src\hotspot\share\prims\jni.cpp, line 535]
Event: 2.074 Thread 0x000002e31f005d90 Exception <a 'java/net/ConnectException'{0x00000000c6b65118}: Connection refused: getsockopt> (0x00000000c6b65118) 
thrown [s\src\hotspot\share\prims\jni.cpp, line 535]
Event: 2.074 Thread 0x000002e31f005d90 Exception <a 'java/net/SocketException'{0x00000000c6b65450}: Socket is not connected: shutdown> (0x00000000c6b65450) 
thrown [s\src\hotspot\share\prims\jni.cpp, line 535]
Event: 2.196 Thread 0x000002e37fe930e0 Exception <a 'java/lang/NoSuchMethodError'{0x00000000c6bc14f0}: 'int java.lang.invoke.DirectMethodHandle$Holder.invokeVirtual(java.lang.Object, java.lang.Object)'> (0x00000000c6bc14f0) 
thrown [s\src\hotspot\share\interpreter\linkResolver.cpp, line 759]
Event: 2.197 Thread 0x000002e37fe930e0 Exception <a 'java/lang/NoSuchMethodError'{0x00000000c6bc79d8}: 'double java.lang.invoke.DirectMethodHandle$Holder.invokeVirtual(java.lang.Object, java.lang.Object)'> (0x00000000c6bc79d8) 
thrown [s\src\hotspot\share\interpreter\linkResolver.cpp, line 759]
Event: 2.198 Thread 0x000002e37fe930e0 Exception <a 'java/lang/NoSuchMethodError'{0x00000000c6bce180}: 'float java.lang.invoke.DirectMethodHandle$Holder.invokeVirtual(java.lang.Object, java.lang.Object)'> (0x00000000c6bce180) 
thrown [s\src\hotspot\share\interpreter\linkResolver.cpp, line 759]
Event: 2.199 Thread 0x000002e37fe930e0 Exception <a 'java/lang/NoSuchMethodError'{0x00000000c6bd70a0}: 'long java.lang.invoke.DirectMethodHandle$Holder.invokeVirtual(java.lang.Object, java.lang.Object)'> (0x00000000c6bd70a0) 
thrown [s\src\hotspot\share\interpreter\linkResolver.cpp, line 759]
Event: 2.204 Thread 0x000002e37fe930e0 Exception <a 'java/lang/NoSuchMethodError'{0x00000000c6a056d8}: 'void java.lang.invoke.DirectMethodHandle$Holder.invokeStatic(java.lang.Object, java.lang.Object, java.lang.Object)'> (0x00000000c6a056d8) 
thrown [s\src\hotspot\share\interpreter\linkResolver.cpp, line 759]
Event: 2.254 Thread 0x000002e37fe930e0 Exception <a 'java/lang/NoSuchMethodError'{0x00000000c6933f18}: 'java.lang.Object java.lang.invoke.DirectMethodHandle$Holder.newInvokeSpecial(java.lang.Object, java.lang.Object, int, int)'> (0x00000000c6933f18) 
thrown [s\src\hotspot\share\interpreter\linkResolver.cpp, line 759]
Event: 2.256 Thread 0x000002e37fe930e0 Exception <a 'java/lang/NoSuchMethodError'{0x00000000c693e9b8}: 'void java.lang.invoke.DirectMethodHandle$Holder.invokeStatic(java.lang.Object, java.lang.Object, int)'> (0x00000000c693e9b8) 
thrown [s\src\hotspot\share\interpreter\linkResolver.cpp, line 759]
Event: 2.313 Thread 0x000002e37fe930e0 Exception <a 'java/lang/NoSuchMethodError'{0x00000000c687aba0}: 'java.lang.Object java.lang.invoke.DirectMethodHandle$Holder.newInvokeSpecial(java.lang.Object, java.lang.Object, java.lang.Object, java.lang.Object, java.lang.Object)'> (0x00000000c687aba0) 
thrown [s\src\hotspot\share\interpreter\linkResolver.cpp, line 759]
Event: 2.377 Thread 0x000002e37fe930e0 Exception <a 'java/lang/NoSuchMethodError'{0x00000000c754d118}: 'void java.lang.invoke.DirectMethodHandle$Holder.invokeSpecial(java.lang.Object, java.lang.Object, java.lang.Object)'> (0x00000000c754d118) 
thrown [s\src\hotspot\share\interpreter\linkResolver.cpp, line 759]
Event: 2.380 Thread 0x000002e37fe930e0 Exception <a 'java/lang/NoSuchMethodError'{0x00000000c755a568}: 'void java.lang.invoke.DirectMethodHandle$Holder.invokeStatic(java.lang.Object, java.lang.Object, java.lang.Object, java.lang.Object)'> (0x00000000c755a568) 
thrown [s\src\hotspot\share\interpreter\linkResolver.cpp, line 759]
Event: 2.462 Thread 0x000002e31e20a180 Exception <a 'java/lang/NoSuchMethodError'{0x00000000c73989d0}: 'java.lang.Object java.lang.invoke.DirectMethodHandle$Holder.invokeSpecial(java.lang.Object, java.lang.Object, java.lang.Object, java.lang.Object, int)'> (0x00000000c73989d0) 
thrown [s\src\hotspot\share\interpreter\linkResolver.cpp, line 759]
Event: 2.462 Thread 0x000002e31e20a180 Exception <a 'java/lang/NoSuchMethodError'{0x00000000c739c598}: 'java.lang.Object java.lang.invoke.Invokers$Holder.linkToTargetMethod(java.lang.Object, java.lang.Object, int, java.lang.Object)'> (0x00000000c739c598) 
thrown [s\src\hotspot\share\interpreter\linkResolver.cpp, line 759]
Event: 2.489 Thread 0x000002e31e20a180 Exception <a 'java/lang/NoSuchMethodError'{0x00000000c72e3788}: 'void java.lang.invoke.DirectMethodHandle$Holder.invokeSpecial(java.lang.Object, java.lang.Object, java.lang.Object, java.lang.Object, java.lang.Object)'> (0x00000000c72e3788) 
thrown [s\src\hotspot\share\interpreter\linkResolver.cpp, line 759]
Event: 6.751 Thread 0x000002e31e20a180 Exception <a 'java/lang/NoSuchMethodError'{0x00000000c7091238}: 'void java.lang.invoke.DirectMethodHandle$Holder.invokeSpecial(java.lang.Object, java.lang.Object, java.lang.Object, java.lang.Object, java.lang.Object, java.lang.Object, java.lang.Object)'> (0x00000000c7091238) 
thrown [s\src\hotspot\share\interpreter\linkResolver.cpp, line 759]
Event: 6.828 Thread 0x000002e37fe930e0 Exception <a 'java/lang/NoSuchMethodError'{0x00000000c6e58a30}: 'java.lang.Object java.lang.invoke.DirectMethodHandle$Holder.invokeSpecialIFC(java.lang.Object, java.lang.Object, java.lang.Object)'> (0x00000000c6e58a30) 
thrown [s\src\hotspot\share\interpreter\linkResolver.cpp, line 759]

VM Operations (20 events):
Event: 1.121 Executing VM operation: HandshakeAllThreads
Event: 1.121 Executing VM operation: HandshakeAllThreads done
Event: 1.229 Executing VM operation: G1CollectForAllocation
Event: 1.242 Executing VM operation: G1CollectForAllocation done
Event: 2.177 Executing VM operation: HandshakeAllThreads
Event: 2.177 Executing VM operation: HandshakeAllThreads done
Event: 2.178 Executing VM operation: HandshakeAllThreads
Event: 2.178 Executing VM operation: HandshakeAllThreads done
Event: 2.357 Executing VM operation: CollectForMetadataAllocation
Event: 2.363 Executing VM operation: CollectForMetadataAllocation done
Event: 2.378 Executing VM operation: G1PauseRemark
Event: 2.379 Executing VM operation: G1PauseRemark done
Event: 2.383 Executing VM operation: G1PauseCleanup
Event: 2.383 Executing VM operation: G1PauseCleanup done
Event: 3.397 Executing VM operation: Cleanup
Event: 3.398 Executing VM operation: Cleanup done
Event: 6.715 Executing VM operation: HandshakeAllThreads
Event: 6.715 Executing VM operation: HandshakeAllThreads done
Event: 6.715 Executing VM operation: Cleanup
Event: 6.715 Executing VM operation: Cleanup done

Events (20 events):
Event: 6.734 loading class java/util/stream/LongPipeline
Event: 6.735 loading class java/util/stream/LongStream
Event: 6.736 loading class java/util/stream/LongStream done
Event: 6.736 loading class java/util/stream/LongPipeline done
Event: 6.736 loading class java/util/stream/LongPipeline$StatelessOp done
Event: 6.736 loading class java/util/stream/ReferencePipeline$5 done
Event: 6.737 loading class java/util/stream/FindOps$FindSink$OfLong
Event: 6.737 loading class java/util/stream/Sink$OfLong
Event: 6.737 loading class java/util/function/LongConsumer
Event: 6.737 loading class java/util/function/LongConsumer done
Event: 6.737 loading class java/util/stream/Sink$OfLong done
Event: 6.737 loading class java/util/stream/FindOps$FindSink$OfLong done
Event: 6.737 loading class java/util/OptionalLong
Event: 6.738 loading class java/util/OptionalLong done
Event: 6.739 loading class java/util/stream/ReferencePipeline$5$1
Event: 6.739 loading class java/util/stream/ReferencePipeline$5$1 done
Event: 6.788 loading class java/util/DualPivotQuicksort
Event: 6.790 loading class java/util/DualPivotQuicksort done
Event: 6.823 loading class java/math/MathContext
Event: 6.824 loading class java/math/MathContext done


Dynamic libraries:
0x00007ff7cc8f0000 - 0x00007ff7cc8fe000 	C:\Users\Manish\.p2\pool\plugins\org.eclipse.justj.openjdk.hotspot.jre.full.win32.x86_64_17.0.11.v20240426-1830\jre\bin\javaw.exe
0x00007ff987f70000 - 0x00007ff988168000 	C:\Windows\SYSTEM32\ntdll.dll
0x00007ff987080000 - 0x00007ff987141000 	C:\Windows\System32\KERNEL32.DLL
0x00007ff985a50000 - 0x00007ff985d46000 	C:\Windows\System32\KERNELBASE.dll
0x00007ff985d50000 - 0x00007ff985e50000 	C:\Windows\System32\ucrtbase.dll
0x00007ff97aa90000 - 0x00007ff97aaab000 	C:\Users\Manish\.p2\pool\plugins\org.eclipse.justj.openjdk.hotspot.jre.full.win32.x86_64_17.0.11.v20240426-1830\jre\bin\VCRUNTIME140.dll
0x00007ff97d340000 - 0x00007ff97d357000 	C:\Users\Manish\.p2\pool\plugins\org.eclipse.justj.openjdk.hotspot.jre.full.win32.x86_64_17.0.11.v20240426-1830\jre\bin\jli.dll
0x00007ff985fe0000 - 0x00007ff98617f000 	C:\Windows\System32\USER32.dll
0x00007ff964b00000 - 0x00007ff964d9a000 	C:\Windows\WinSxS\amd64_microsoft.windows.common-controls_6595b64144ccf1df_6.0.19041.4355_none_60b8b9eb71f62e16\COMCTL32.dll
0x00007ff985ea0000 - 0x00007ff985ec2000 	C:\Windows\System32\win32u.dll
0x00007ff987c50000 - 0x00007ff987cee000 	C:\Windows\System32\msvcrt.dll
0x00007ff985fa0000 - 0x00007ff985fcb000 	C:\Windows\System32\GDI32.dll
0x00007ff9858c0000 - 0x00007ff9859d7000 	C:\Windows\System32\gdi32full.dll
0x00007ff985f00000 - 0x00007ff985f9d000 	C:\Windows\System32\msvcp_win.dll
0x00007ff986e80000 - 0x00007ff986eaf000 	C:\Windows\System32\IMM32.DLL
0x00007ff97d320000 - 0x00007ff97d32c000 	C:\Users\Manish\.p2\pool\plugins\org.eclipse.justj.openjdk.hotspot.jre.full.win32.x86_64_17.0.11.v20240426-1830\jre\bin\vcruntime140_1.dll
0x00007ff95e510000 - 0x00007ff95e59d000 	C:\Users\Manish\.p2\pool\plugins\org.eclipse.justj.openjdk.hotspot.jre.full.win32.x86_64_17.0.11.v20240426-1830\jre\bin\msvcp140.dll
0x00007ff935e00000 - 0x00007ff936a62000 	C:\Users\Manish\.p2\pool\plugins\org.eclipse.justj.openjdk.hotspot.jre.full.win32.x86_64_17.0.11.v20240426-1830\jre\bin\server\jvm.dll
0x00007ff9865e0000 - 0x00007ff986690000 	C:\Windows\System32\ADVAPI32.dll
0x00007ff986540000 - 0x00007ff9865e0000 	C:\Windows\System32\sechost.dll
0x00007ff9873b0000 - 0x00007ff9874d3000 	C:\Windows\System32\RPCRT4.dll
0x00007ff985ed0000 - 0x00007ff985ef7000 	C:\Windows\System32\bcrypt.dll
0x00007ff961270000 - 0x00007ff961297000 	C:\Windows\SYSTEM32\WINMM.dll
0x00007ff984a70000 - 0x00007ff984abb000 	C:\Windows\SYSTEM32\POWRPROF.dll
0x00007ff97ada0000 - 0x00007ff97adaa000 	C:\Windows\SYSTEM32\VERSION.dll
0x00007ff969850000 - 0x00007ff969859000 	C:\Windows\SYSTEM32\WSOCK32.dll
0x00007ff987270000 - 0x00007ff9872db000 	C:\Windows\System32\WS2_32.dll
0x00007ff984a10000 - 0x00007ff984a22000 	C:\Windows\SYSTEM32\UMPDC.dll
0x00007ff983e30000 - 0x00007ff983e42000 	C:\Windows\SYSTEM32\kernel.appcore.dll
0x00007ff97d2f0000 - 0x00007ff97d2fa000 	C:\Users\Manish\.p2\pool\plugins\org.eclipse.justj.openjdk.hotspot.jre.full.win32.x86_64_17.0.11.v20240426-1830\jre\bin\jimage.dll
0x00007ff983ac0000 - 0x00007ff983ca4000 	C:\Windows\SYSTEM32\DBGHELP.DLL
0x00007ff96cbe0000 - 0x00007ff96cc14000 	C:\Windows\SYSTEM32\dbgcore.DLL
0x00007ff985780000 - 0x00007ff985802000 	C:\Windows\System32\bcryptPrimitives.dll
0x00007ff9796e0000 - 0x00007ff979705000 	C:\Users\Manish\.p2\pool\plugins\org.eclipse.justj.openjdk.hotspot.jre.full.win32.x86_64_17.0.11.v20240426-1830\jre\bin\java.dll
0x00007ff976680000 - 0x00007ff976698000 	C:\Users\Manish\.p2\pool\plugins\org.eclipse.justj.openjdk.hotspot.jre.full.win32.x86_64_17.0.11.v20240426-1830\jre\bin\zip.dll
0x00007ff9874e0000 - 0x00007ff987c4c000 	C:\Windows\System32\SHELL32.dll
0x00007ff983200000 - 0x00007ff98399e000 	C:\Windows\SYSTEM32\windows.storage.dll
0x00007ff9861e0000 - 0x00007ff986533000 	C:\Windows\System32\combase.dll
0x00007ff985040000 - 0x00007ff98506e000 	C:\Windows\SYSTEM32\Wldp.dll
0x00007ff9872e0000 - 0x00007ff9873ad000 	C:\Windows\System32\OLEAUT32.dll
0x00007ff9868a0000 - 0x00007ff98694d000 	C:\Windows\System32\SHCORE.dll
0x00007ff986180000 - 0x00007ff9861d5000 	C:\Windows\System32\shlwapi.dll
0x00007ff985550000 - 0x00007ff985574000 	C:\Windows\SYSTEM32\profapi.dll
0x00007ff975c70000 - 0x00007ff975c89000 	C:\Users\Manish\.p2\pool\plugins\org.eclipse.justj.openjdk.hotspot.jre.full.win32.x86_64_17.0.11.v20240426-1830\jre\bin\net.dll
0x00007ff97e110000 - 0x00007ff97e21a000 	C:\Windows\SYSTEM32\WINHTTP.dll
0x00007ff984da0000 - 0x00007ff984e0a000 	C:\Windows\system32\mswsock.dll
0x00007ff969970000 - 0x00007ff969986000 	C:\Users\Manish\.p2\pool\plugins\org.eclipse.justj.openjdk.hotspot.jre.full.win32.x86_64_17.0.11.v20240426-1830\jre\bin\nio.dll
0x00007ff984f90000 - 0x00007ff984fa8000 	C:\Windows\SYSTEM32\CRYPTSP.dll
0x00007ff984650000 - 0x00007ff984684000 	C:\Windows\system32\rsaenh.dll
0x00007ff985500000 - 0x00007ff98552e000 	C:\Windows\SYSTEM32\USERENV.dll
0x00007ff984fb0000 - 0x00007ff984fbc000 	C:\Windows\SYSTEM32\CRYPTBASE.dll
0x00007ff984a30000 - 0x00007ff984a6b000 	C:\Windows\SYSTEM32\IPHLPAPI.DLL
0x00007ff985fd0000 - 0x00007ff985fd8000 	C:\Windows\System32\NSI.dll
0x00007ff978e20000 - 0x00007ff978e37000 	C:\Windows\SYSTEM32\dhcpcsvc6.DLL
0x00007ff979cb0000 - 0x00007ff979ccd000 	C:\Windows\SYSTEM32\dhcpcsvc.DLL
0x00007ff984ad0000 - 0x00007ff984b9a000 	C:\Windows\SYSTEM32\DNSAPI.dll
0x00007ff97cf90000 - 0x00007ff97cfa0000 	C:\Users\Manish\.p2\pool\plugins\org.eclipse.justj.openjdk.hotspot.jre.full.win32.x86_64_17.0.11.v20240426-1830\jre\bin\verify.dll
0x00007ff97f030000 - 0x00007ff97f039000 	C:\Users\Manish\.p2\pool\plugins\org.eclipse.justj.openjdk.hotspot.jre.full.win32.x86_64_17.0.11.v20240426-1830\jre\bin\extnet.dll
0x00007ff97ad90000 - 0x00007ff97ad9a000 	C:\Windows\System32\rasadhlp.dll
0x00007ff9780e0000 - 0x00007ff978160000 	C:\Windows\System32\fwpuclnt.dll
0x00007ff97cf60000 - 0x00007ff97cf6e000 	C:\Users\Manish\.p2\pool\plugins\org.eclipse.justj.openjdk.hotspot.jre.full.win32.x86_64_17.0.11.v20240426-1830\jre\bin\sunmscapi.dll
0x00007ff985620000 - 0x00007ff98577e000 	C:\Windows\System32\CRYPT32.dll
0x00007ff9850b0000 - 0x00007ff9850d9000 	C:\Windows\SYSTEM32\ncrypt.dll
0x00007ff985070000 - 0x00007ff9850ab000 	C:\Windows\SYSTEM32\NTASN1.dll
0x00007ff96b0d0000 - 0x00007ff96b0d7000 	C:\Windows\system32\wshunix.dll

dbghelp: loaded successfully - version: 4.0.5 - missing functions: none
symbol engine: initialized successfully - sym options: 0x614 - pdb path: .;C:\Users\Manish\.p2\pool\plugins\org.eclipse.justj.openjdk.hotspot.jre.full.win32.x86_64_17.0.11.v20240426-1830\jre\bin;C:\Windows\SYSTEM32;C:\Windows\WinSxS\amd64_microsoft.windows.common-controls_6595b64144ccf1df_6.0.19041.4355_none_60b8b9eb71f62e16;C:\Users\Manish\.p2\pool\plugins\org.eclipse.justj.openjdk.hotspot.jre.full.win32.x86_64_17.0.11.v20240426-1830\jre\bin\server

VM Arguments:
jvm_args: -Dfile.encoding=UTF-8 -Dstdout.encoding=UTF-8 -Dstderr.encoding=UTF-8 -XX:+ShowCodeDetailsInExceptionMessages 
java_command: Selenium.WindowHandles
java_class_path (initial): C:\Users\Manish\git\repository11\ManishProject\target\test-classes;C:\Users\Manish\git\repository11\ManishProject\target\classes;C:\Users\Manish\.p2\pool\plugins\org.testng_7.4.0.r202105021533.jar;C:\Users\Manish\.p2\pool\plugins\com.beust.jcommander_1.78.0.jar;C:\Users\Manish\.p2\pool\plugins\org.apache-extras.beanshell.bsh_2.0.0.b6.jar;C:\Users\Manish\.p2\pool\plugins\org.yaml.snakeyaml_1.21.0.jar;C:\Users\Manish\.p2\pool\plugins\org.webjars.jquery_3.5.1.jar;C:\Users\Manish\.m2\repository\org\seleniumhq\selenium\selenium-java\4.16.1\selenium-java-4.16.1.jar;C:\Users\Manish\.m2\repository\org\seleniumhq\selenium\selenium-api\4.16.1\selenium-api-4.16.1.jar;C:\Users\Manish\.m2\repository\org\seleniumhq\selenium\selenium-chrome-driver\4.16.1\selenium-chrome-driver-4.16.1.jar;C:\Users\Manish\.m2\repository\com\google\auto\service\auto-service-annotations\1.1.1\auto-service-annotations-1.1.1.jar;C:\Users\Manish\.m2\repository\org\seleniumhq\selenium\selenium-chromium-driver\4.16.1\selenium-chromium-driver-4.16.1.jar;C:\Users\Manish\.m2\repository\org\seleniumhq\selenium\selenium-json\4.16.1\selenium-json-4.16.1.jar;C:\Users\Manish\.m2\repository\org\seleniumhq\selenium\selenium-manager\4.16.1\selenium-manager-4.16.1.jar;C:\Users\Manish\.m2\repository\org\seleniumhq\selenium\selenium-devtools-v118\4.16.1\selenium-devtools-v118-4.16.1.jar;C:\Users\Manish\.m2\repository\org\seleniumhq\selenium\selenium-devtools-v119\4.16.1\selenium-devtools-v119-4.16.1.jar;C:\Users\Manish\.m2\repository\org\seleniumhq\selenium\selenium-devtools-v120\4.16.1\selenium-devtools-v120-4.16.1.jar;C:\Users\Manish\.m2\repository\org\seleniumhq\selenium\selenium-devtools-v85\4.16.1\selenium-devtools-v85-4.16.1.jar;C:\Users\Manish\.m2\repository\org\seleniumhq\selenium\selenium-edge-driver\4.16.1\selenium-edge-driver-4.16.1.jar;C:\Users\Manish\.m2\repository\org\seleniumhq\selenium\selenium-firefox-driver\4.16.1\selenium-firefox-driver-4.16.1.jar;C:\Users\Manish\.m2\repos
Launcher Type: SUN_STANDARD

[Global flags]
     intx CICompilerCount                          = 4                                         {product} {ergonomic}
     uint ConcGCThreads                            = 2                                         {product} {ergonomic}
     uint G1ConcRefinementThreads                  = 8                                         {product} {ergonomic}
   size_t G1HeapRegionSize                         = 1048576                                   {product} {ergonomic}
    uintx GCDrainStackTargetSize                   = 64                                        {product} {ergonomic}
   size_t InitialHeapSize                          = 65011712                                  {product} {ergonomic}
   size_t MarkStackSize                            = 4194304                                   {product} {ergonomic}
   size_t MaxHeapSize                              = 1015021568                                {product} {ergonomic}
   size_t MaxNewSize                               = 608174080                                 {product} {ergonomic}
   size_t MinHeapDeltaBytes                        = 1048576                                   {product} {ergonomic}
   size_t MinHeapSize                              = 8388608                                   {product} {ergonomic}
    uintx NonNMethodCodeHeapSize                   = 5839372                                {pd product} {ergonomic}
    uintx NonProfiledCodeHeapSize                  = 122909434                              {pd product} {ergonomic}
    uintx ProfiledCodeHeapSize                     = 122909434                              {pd product} {ergonomic}
    uintx ReservedCodeCacheSize                    = 251658240                              {pd product} {ergonomic}
     bool SegmentedCodeCache                       = true                                      {product} {ergonomic}
     bool ShowCodeDetailsInExceptionMessages       = true                                   {manageable} {command line}
   size_t SoftMaxHeapSize                          = 1015021568                             {manageable} {ergonomic}
     bool UseCompressedClassPointers               = true                           {product lp64_product} {ergonomic}
     bool UseCompressedOops                        = true                           {product lp64_product} {ergonomic}
     bool UseG1GC                                  = true                                      {product} {ergonomic}
     bool UseLargePagesIndividualAllocation        = false                                  {pd product} {ergonomic}

Logging:
Log output configuration:
 #0: stdout all=warning uptime,level,tags
 #1: stderr all=off uptime,level,tags

Environment Variables:
JAVA_HOME=C:\Program Files\Java\jdk-17
PATH=C:/Users/Manish/.p2/pool/plugins/org.eclipse.justj.openjdk.hotspot.jre.full.win32.x86_64_17.0.11.v20240426-1830/jre/bin/server;C:/Users/Manish/.p2/pool/plugins/org.eclipse.justj.openjdk.hotspot.jre.full.win32.x86_64_17.0.11.v20240426-1830/jre/bin;C:\Program Files\Java\jdk-17\bin;C:\Program Files\Common Files\Oracle\Java\javapath;C:\Windows\system32;C:\Windows;C:\Windows\System32\Wbem;C:\Windows\System32\WindowsPowerShell\v1.0\;C:\Windows\System32\OpenSSH\;C:\Users\Manish\Downloads\apache-maven-3.9.7-bin\apache-maven-3.9.7\bin;C:\Program Files\Git\cmd;C:\Program Files\nodejs\;C:\Users\Manish\AppData\Local\Microsoft\WindowsApps;C:\Program Files\Java\jdk-22\bin;C:\Program Files\Java\jdk-22\lib;C:\Users\Manish\AppData\Local\GitHubDesktop\bin;C:\Users\Manish\AppData\Roaming\npm;C:\Users\Manish\Desktop;
USERNAME=Manish
OS=Windows_NT
PROCESSOR_IDENTIFIER=Intel64 Family 6 Model 142 Stepping 11, GenuineIntel
TMP=C:\Users\Manish\AppData\Local\Temp
TEMP=C:\Users\Manish\AppData\Local\Temp



Periodic native trim disabled


---------------  S Y S T E M  ---------------

OS:
 Windows 10 , 64 bit Build 19041 (10.0.19041.4597)
OS uptime: 1 days 3:51 hours

CPU: total 8 (initial active 8) (4 cores per cpu, 2 threads per core) family 6 model 142 stepping 11 microcode 0xec, cx8, cmov, fxsr, ht, mmx, 3dnowpref, sse, sse2, sse3, ssse3, sse4.1, sse4.2, popcnt, lzcnt, tsc, tscinvbit, avx, avx2, aes, erms, clmul, bmi1, bmi2, adx, fma, vzeroupper, clflush, clflushopt
Processor Information for all 8 processors :
  Max Mhz: 1800, Current Mhz: 1600, Mhz Limit: 1584

Memory: 4k page, system-wide physical 3870M (45M free)
TotalPageFile size 15646M (AvailPageFile size 0M)
current process WorkingSet (physical memory assigned to process): 118M, peak: 120M
current process commit charge ("private bytes"): 173M, peak: 175M

vm_info: OpenJDK 64-Bit Server VM (17.0.11+9) for windows-amd64 JRE (17.0.11+9), built on Apr 17 2024 06:07:48 by "admin" with MS VC++ 16.10 / 16.11 (VS2019)

END.
